2025-06-09T06:34:10.554918Z  INFO tailwindcss_oxide::scanner: Provided sources:
2025-06-09T06:34:10.554964Z  INFO tailwindcss_oxide::scanner: Source: PublicSourceEntry { base: "/home/eren/Documents/Cline/cherrygifts.chat/cherrygifts-chat", pattern: "**/*", negated: false }
2025-06-09T06:34:10.554995Z  INFO tailwindcss_oxide::scanner: Optimized sources:
2025-06-09T06:34:10.555001Z  INFO tailwindcss_oxide::scanner: Source: Auto { base: "/home/eren/Documents/Cline/cherrygifts.chat/cherrygifts-chat" }
2025-06-09T06:34:10.555773Z  INFO scan_sources: tailwindcss_oxide::scanner: enter
2025-06-09T06:34:10.556083Z  INFO scan_sources: tailwindcss_oxide::scanner: Discovering "/home/eren/Documents/Cline/cherrygifts.chat/cherrygifts-chat/tsconfig.json"
2025-06-09T06:34:10.556115Z  INFO scan_sources: tailwindcss_oxide::scanner: Discovering "/home/eren/Documents/Cline/cherrygifts.chat/cherrygifts-chat/public"
2025-06-09T06:34:10.556150Z  INFO scan_sources: tailwindcss_oxide::scanner: Discovering "/home/eren/Documents/Cline/cherrygifts.chat/cherrygifts-chat/public/globe.svg"
2025-06-09T06:34:10.556170Z  INFO scan_sources: tailwindcss_oxide::scanner: Discovering "/home/eren/Documents/Cline/cherrygifts.chat/cherrygifts-chat/public/manifest.json"
2025-06-09T06:34:10.556190Z  INFO scan_sources: tailwindcss_oxide::scanner: Discovering "/home/eren/Documents/Cline/cherrygifts.chat/cherrygifts-chat/public/vercel.svg"
2025-06-09T06:34:10.556210Z  INFO scan_sources: tailwindcss_oxide::scanner: Discovering "/home/eren/Documents/Cline/cherrygifts.chat/cherrygifts-chat/public/sw.js"
2025-06-09T06:34:10.556229Z  INFO scan_sources: tailwindcss_oxide::scanner: Discovering "/home/eren/Documents/Cline/cherrygifts.chat/cherrygifts-chat/public/window.svg"
2025-06-09T06:34:10.556248Z  INFO scan_sources: tailwindcss_oxide::scanner: Discovering "/home/eren/Documents/Cline/cherrygifts.chat/cherrygifts-chat/public/file.svg"
2025-06-09T06:34:10.556267Z  INFO scan_sources: tailwindcss_oxide::scanner: Discovering "/home/eren/Documents/Cline/cherrygifts.chat/cherrygifts-chat/public/workbox-bb54ffba.js"
2025-06-09T06:34:10.556291Z  INFO scan_sources: tailwindcss_oxide::scanner: Discovering "/home/eren/Documents/Cline/cherrygifts.chat/cherrygifts-chat/public/icons"
2025-06-09T06:34:10.556330Z  INFO scan_sources: tailwindcss_oxide::scanner: Discovering "/home/eren/Documents/Cline/cherrygifts.chat/cherrygifts-chat/public/icons/generate-icons.md"
2025-06-09T06:34:10.556363Z  INFO scan_sources: tailwindcss_oxide::scanner: Discovering "/home/eren/Documents/Cline/cherrygifts.chat/cherrygifts-chat/public/next.svg"
2025-06-09T06:34:10.556386Z  INFO scan_sources: tailwindcss_oxide::scanner: Discovering "/home/eren/Documents/Cline/cherrygifts.chat/cherrygifts-chat/postcss.config.mjs"
2025-06-09T06:34:10.556416Z  INFO scan_sources: tailwindcss_oxide::scanner: Discovering "/home/eren/Documents/Cline/cherrygifts.chat/cherrygifts-chat/next.config.ts"
2025-06-09T06:34:10.556439Z  INFO scan_sources: tailwindcss_oxide::scanner: Discovering "/home/eren/Documents/Cline/cherrygifts.chat/cherrygifts-chat/lib"
2025-06-09T06:34:10.556467Z  INFO scan_sources: tailwindcss_oxide::scanner: Discovering "/home/eren/Documents/Cline/cherrygifts.chat/cherrygifts-chat/lib/instagram.ts"
2025-06-09T06:34:10.556485Z  INFO scan_sources: tailwindcss_oxide::scanner: Discovering "/home/eren/Documents/Cline/cherrygifts.chat/cherrygifts-chat/lib/supabase-server.ts"
2025-06-09T06:34:10.556504Z  INFO scan_sources: tailwindcss_oxide::scanner: Discovering "/home/eren/Documents/Cline/cherrygifts.chat/cherrygifts-chat/lib/debug.ts"
2025-06-09T06:34:10.556522Z  INFO scan_sources: tailwindcss_oxide::scanner: Discovering "/home/eren/Documents/Cline/cherrygifts.chat/cherrygifts-chat/lib/supabase.ts"
2025-06-09T06:34:10.556539Z  INFO scan_sources: tailwindcss_oxide::scanner: Discovering "/home/eren/Documents/Cline/cherrygifts.chat/cherrygifts-chat/lib/i18n.ts"
2025-06-09T06:34:10.556564Z  INFO scan_sources: tailwindcss_oxide::scanner: Discovering "/home/eren/Documents/Cline/cherrygifts.chat/cherrygifts-chat/scripts"
2025-06-09T06:34:10.556591Z  INFO scan_sources: tailwindcss_oxide::scanner: Discovering "/home/eren/Documents/Cline/cherrygifts.chat/cherrygifts-chat/scripts/generate-icons.js"
2025-06-09T06:34:10.556636Z  INFO scan_sources: tailwindcss_oxide::scanner: Discovering "/home/eren/Documents/Cline/cherrygifts.chat/cherrygifts-chat/package.json"
2025-06-09T06:34:10.556659Z  INFO scan_sources: tailwindcss_oxide::scanner: Discovering "/home/eren/Documents/Cline/cherrygifts.chat/cherrygifts-chat/utils"
2025-06-09T06:34:10.556694Z  INFO scan_sources: tailwindcss_oxide::scanner: Discovering "/home/eren/Documents/Cline/cherrygifts.chat/cherrygifts-chat/supabase"
2025-06-09T06:34:10.556725Z  INFO scan_sources: tailwindcss_oxide::scanner: Discovering "/home/eren/Documents/Cline/cherrygifts.chat/cherrygifts-chat/supabase/migrations"
2025-06-09T06:34:10.556756Z  INFO scan_sources: tailwindcss_oxide::scanner: Discovering "/home/eren/Documents/Cline/cherrygifts.chat/cherrygifts-chat/supabase/migrations/001_initial_schema.sql"
2025-06-09T06:34:10.556793Z  INFO scan_sources: tailwindcss_oxide::scanner: Discovering "/home/eren/Documents/Cline/cherrygifts.chat/cherrygifts-chat/eslint.config.mjs"
2025-06-09T06:34:10.556822Z  INFO scan_sources: tailwindcss_oxide::scanner: Discovering "/home/eren/Documents/Cline/cherrygifts.chat/cherrygifts-chat/uidesign"
2025-06-09T06:34:10.556851Z  INFO scan_sources: tailwindcss_oxide::scanner: Discovering "/home/eren/Documents/Cline/cherrygifts.chat/cherrygifts-chat/uidesign/privatemessage.html"
2025-06-09T06:34:10.556870Z  INFO scan_sources: tailwindcss_oxide::scanner: Discovering "/home/eren/Documents/Cline/cherrygifts.chat/cherrygifts-chat/uidesign/messages.html"
2025-06-09T06:34:10.556887Z  INFO scan_sources: tailwindcss_oxide::scanner: Discovering "/home/eren/Documents/Cline/cherrygifts.chat/cherrygifts-chat/uidesign/login.html"
2025-06-09T06:34:10.556912Z  INFO scan_sources: tailwindcss_oxide::scanner: Discovering "/home/eren/Documents/Cline/cherrygifts.chat/cherrygifts-chat/app"
2025-06-09T06:34:10.556948Z  INFO scan_sources: tailwindcss_oxide::scanner: Discovering "/home/eren/Documents/Cline/cherrygifts.chat/cherrygifts-chat/app/users"
2025-06-09T06:34:10.556975Z  INFO scan_sources: tailwindcss_oxide::scanner: Discovering "/home/eren/Documents/Cline/cherrygifts.chat/cherrygifts-chat/app/users/page.tsx"
2025-06-09T06:34:10.556999Z  INFO scan_sources: tailwindcss_oxide::scanner: Discovering "/home/eren/Documents/Cline/cherrygifts.chat/cherrygifts-chat/app/users/chat"
2025-06-09T06:34:10.557026Z  INFO scan_sources: tailwindcss_oxide::scanner: Discovering "/home/eren/Documents/Cline/cherrygifts.chat/cherrygifts-chat/app/users/chat/page.tsx"
2025-06-09T06:34:10.557050Z  INFO scan_sources: tailwindcss_oxide::scanner: Discovering "/home/eren/Documents/Cline/cherrygifts.chat/cherrygifts-chat/app/layout.tsx"
2025-06-09T06:34:10.557071Z  INFO scan_sources: tailwindcss_oxide::scanner: Discovering "/home/eren/Documents/Cline/cherrygifts.chat/cherrygifts-chat/app/api"
2025-06-09T06:34:10.557102Z  INFO scan_sources: tailwindcss_oxide::scanner: Discovering "/home/eren/Documents/Cline/cherrygifts.chat/cherrygifts-chat/app/api/messages"
2025-06-09T06:34:10.557142Z  INFO scan_sources: tailwindcss_oxide::scanner: Discovering "/home/eren/Documents/Cline/cherrygifts.chat/cherrygifts-chat/app/api/auth"
2025-06-09T06:34:10.557184Z  INFO scan_sources: tailwindcss_oxide::scanner: Discovering "/home/eren/Documents/Cline/cherrygifts.chat/cherrygifts-chat/app/globals.css"
2025-06-09T06:34:10.557209Z  INFO scan_sources: tailwindcss_oxide::scanner: Discovering "/home/eren/Documents/Cline/cherrygifts.chat/cherrygifts-chat/app/components"
2025-06-09T06:34:10.557242Z  INFO scan_sources: tailwindcss_oxide::scanner: Discovering "/home/eren/Documents/Cline/cherrygifts.chat/cherrygifts-chat/app/components/ui"
2025-06-09T06:34:10.557273Z  INFO scan_sources: tailwindcss_oxide::scanner: Discovering "/home/eren/Documents/Cline/cherrygifts.chat/cherrygifts-chat/app/components/ui/LanguageToggle.tsx"
2025-06-09T06:34:10.557292Z  INFO scan_sources: tailwindcss_oxide::scanner: Discovering "/home/eren/Documents/Cline/cherrygifts.chat/cherrygifts-chat/app/components/ui/NotificationToast.tsx"
2025-06-09T06:34:10.557318Z  INFO scan_sources: tailwindcss_oxide::scanner: Discovering "/home/eren/Documents/Cline/cherrygifts.chat/cherrygifts-chat/app/components/LocalizationProvider.tsx"
2025-06-09T06:34:10.557343Z  INFO scan_sources: tailwindcss_oxide::scanner: Discovering "/home/eren/Documents/Cline/cherrygifts.chat/cherrygifts-chat/app/components/instagram"
2025-06-09T06:34:10.557371Z  INFO scan_sources: tailwindcss_oxide::scanner: Discovering "/home/eren/Documents/Cline/cherrygifts.chat/cherrygifts-chat/app/components/instagram/InstagramButton.tsx"
2025-06-09T06:34:10.557390Z  INFO scan_sources: tailwindcss_oxide::scanner: Discovering "/home/eren/Documents/Cline/cherrygifts.chat/cherrygifts-chat/app/components/instagram/InstagramInput.tsx"
2025-06-09T06:34:10.557409Z  INFO scan_sources: tailwindcss_oxide::scanner: Discovering "/home/eren/Documents/Cline/cherrygifts.chat/cherrygifts-chat/app/components/instagram/index.ts"
2025-06-09T06:34:10.557427Z  INFO scan_sources: tailwindcss_oxide::scanner: Discovering "/home/eren/Documents/Cline/cherrygifts.chat/cherrygifts-chat/app/components/instagram/InstagramIcon.tsx"
2025-06-09T06:34:10.557453Z  INFO scan_sources: tailwindcss_oxide::scanner: Discovering "/home/eren/Documents/Cline/cherrygifts.chat/cherrygifts-chat/app/components/chat"
2025-06-09T06:34:10.557491Z  INFO scan_sources: tailwindcss_oxide::scanner: Discovering "/home/eren/Documents/Cline/cherrygifts.chat/cherrygifts-chat/app/components/chat/MessageBubble.tsx"
2025-06-09T06:34:10.557520Z  INFO scan_sources: tailwindcss_oxide::scanner: Discovering "/home/eren/Documents/Cline/cherrygifts.chat/cherrygifts-chat/app/components/chat/MessageStatusTest.tsx"
2025-06-09T06:34:10.557548Z  INFO scan_sources: tailwindcss_oxide::scanner: Discovering "/home/eren/Documents/Cline/cherrygifts.chat/cherrygifts-chat/app/components/chat/MessageList.tsx"
2025-06-09T06:34:10.557578Z  INFO scan_sources: tailwindcss_oxide::scanner: Discovering "/home/eren/Documents/Cline/cherrygifts.chat/cherrygifts-chat/app/components/chat/TypingIndicator.tsx"
2025-06-09T06:34:10.557617Z  INFO scan_sources: tailwindcss_oxide::scanner: Discovering "/home/eren/Documents/Cline/cherrygifts.chat/cherrygifts-chat/app/components/admin"
2025-06-09T06:34:10.557673Z  INFO scan_sources: tailwindcss_oxide::scanner: Discovering "/home/eren/Documents/Cline/cherrygifts.chat/cherrygifts-chat/app/test"
2025-06-09T06:34:10.557727Z  INFO scan_sources: tailwindcss_oxide::scanner: Discovering "/home/eren/Documents/Cline/cherrygifts.chat/cherrygifts-chat/app/test/typing"
2025-06-09T06:34:10.557772Z  INFO scan_sources: tailwindcss_oxide::scanner: Discovering "/home/eren/Documents/Cline/cherrygifts.chat/cherrygifts-chat/app/test/typing/page.tsx"
2025-06-09T06:34:10.557813Z  INFO scan_sources: tailwindcss_oxide::scanner: Discovering "/home/eren/Documents/Cline/cherrygifts.chat/cherrygifts-chat/app/test/page.tsx"
2025-06-09T06:34:10.557855Z  INFO scan_sources: tailwindcss_oxide::scanner: Discovering "/home/eren/Documents/Cline/cherrygifts.chat/cherrygifts-chat/app/test/status"
2025-06-09T06:34:10.557893Z  INFO scan_sources: tailwindcss_oxide::scanner: Discovering "/home/eren/Documents/Cline/cherrygifts.chat/cherrygifts-chat/app/test/status/page.tsx"
2025-06-09T06:34:10.557928Z  INFO scan_sources: tailwindcss_oxide::scanner: Discovering "/home/eren/Documents/Cline/cherrygifts.chat/cherrygifts-chat/app/test/instagram"
2025-06-09T06:34:10.557963Z  INFO scan_sources: tailwindcss_oxide::scanner: Discovering "/home/eren/Documents/Cline/cherrygifts.chat/cherrygifts-chat/app/test/instagram/page.tsx"
2025-06-09T06:34:10.557998Z  INFO scan_sources: tailwindcss_oxide::scanner: Discovering "/home/eren/Documents/Cline/cherrygifts.chat/cherrygifts-chat/app/test/realtime"
2025-06-09T06:34:10.558032Z  INFO scan_sources: tailwindcss_oxide::scanner: Discovering "/home/eren/Documents/Cline/cherrygifts.chat/cherrygifts-chat/app/test/realtime/page.tsx"
2025-06-09T06:34:10.558062Z  INFO scan_sources: tailwindcss_oxide::scanner: Discovering "/home/eren/Documents/Cline/cherrygifts.chat/cherrygifts-chat/app/page.tsx"
2025-06-09T06:34:10.558096Z  INFO scan_sources: tailwindcss_oxide::scanner: Discovering "/home/eren/Documents/Cline/cherrygifts.chat/cherrygifts-chat/app/admin"
2025-06-09T06:34:10.558136Z  INFO scan_sources: tailwindcss_oxide::scanner: Discovering "/home/eren/Documents/Cline/cherrygifts.chat/cherrygifts-chat/app/admin/dashboard"
2025-06-09T06:34:10.558172Z  INFO scan_sources: tailwindcss_oxide::scanner: Discovering "/home/eren/Documents/Cline/cherrygifts.chat/cherrygifts-chat/app/admin/dashboard/page.tsx"
2025-06-09T06:34:10.558199Z  INFO scan_sources: tailwindcss_oxide::scanner: Discovering "/home/eren/Documents/Cline/cherrygifts.chat/cherrygifts-chat/app/admin/page.tsx"
2025-06-09T06:34:10.558234Z  INFO scan_sources: tailwindcss_oxide::scanner: Discovering "/home/eren/Documents/Cline/cherrygifts.chat/cherrygifts-chat/hooks"
2025-06-09T06:34:10.558270Z  INFO scan_sources: tailwindcss_oxide::scanner: Discovering "/home/eren/Documents/Cline/cherrygifts.chat/cherrygifts-chat/hooks/useMessages.ts"
2025-06-09T06:34:10.558294Z  INFO scan_sources: tailwindcss_oxide::scanner: Discovering "/home/eren/Documents/Cline/cherrygifts.chat/cherrygifts-chat/hooks/useIntersectionObserver.ts"
2025-06-09T06:34:10.558317Z  INFO scan_sources: tailwindcss_oxide::scanner: Discovering "/home/eren/Documents/Cline/cherrygifts.chat/cherrygifts-chat/hooks/useConversations.ts"
2025-06-09T06:34:10.558340Z  INFO scan_sources: tailwindcss_oxide::scanner: Discovering "/home/eren/Documents/Cline/cherrygifts.chat/cherrygifts-chat/hooks/usePushNotifications.ts"
2025-06-09T06:34:10.558363Z  INFO scan_sources: tailwindcss_oxide::scanner: Discovering "/home/eren/Documents/Cline/cherrygifts.chat/cherrygifts-chat/hooks/useTyping.ts"
2025-06-09T06:34:10.558386Z  INFO scan_sources: tailwindcss_oxide::scanner: Discovering "/home/eren/Documents/Cline/cherrygifts.chat/cherrygifts-chat/hooks/useOfflineQueue.ts"
2025-06-09T06:34:10.558409Z  INFO scan_sources: tailwindcss_oxide::scanner: Discovering "/home/eren/Documents/Cline/cherrygifts.chat/cherrygifts-chat/hooks/useNotifications.ts"
2025-06-09T06:34:10.558462Z  INFO scan_sources: tailwindcss_oxide::scanner: Discovering "/home/eren/Documents/Cline/cherrygifts.chat/cherrygifts-chat/middleware.ts"
2025-06-09T06:34:10.558485Z  INFO scan_sources: tailwindcss_oxide::scanner: Discovering "/home/eren/Documents/Cline/cherrygifts.chat/cherrygifts-chat/README.md"
2025-06-09T06:34:10.558513Z  INFO scan_sources: tailwindcss_oxide::scanner: Discovering "/home/eren/Documents/Cline/cherrygifts.chat/cherrygifts-chat/types"
2025-06-09T06:34:10.558553Z  INFO scan_sources: tailwindcss_oxide::scanner: Discovering "/home/eren/Documents/Cline/cherrygifts.chat/cherrygifts-chat/types/database.ts"
2025-06-09T06:34:10.558576Z  INFO scan_sources: tailwindcss_oxide::scanner: Discovering "/home/eren/Documents/Cline/cherrygifts.chat/cherrygifts-chat/types/index.ts"
2025-06-09T06:34:10.558615Z  INFO scan_sources: tailwindcss_oxide::scanner: exit
2025-06-09T06:34:10.558624Z  INFO extract_candidates: tailwindcss_oxide::scanner: enter
2025-06-09T06:34:10.558636Z  INFO extract_candidates:read_all_files: tailwindcss_oxide::scanner: enter
2025-06-09T06:34:10.558644Z  INFO extract_candidates:read_all_files: tailwindcss_oxide::scanner: Reading 57 file(s)
2025-06-09T06:34:10.559446Z  INFO tailwindcss_oxide::scanner: Reading "/home/eren/Documents/Cline/cherrygifts.chat/cherrygifts-chat/app/components/instagram/index.ts"
2025-06-09T06:34:10.559470Z  INFO tailwindcss_oxide::scanner: Reading "/home/eren/Documents/Cline/cherrygifts.chat/cherrygifts-chat/app/components/chat/MessageList.tsx"
2025-06-09T06:34:10.559444Z  INFO tailwindcss_oxide::scanner: Reading "/home/eren/Documents/Cline/cherrygifts.chat/cherrygifts-chat/public/file.svg"
2025-06-09T06:34:10.559502Z  INFO tailwindcss_oxide::scanner: Reading "/home/eren/Documents/Cline/cherrygifts.chat/cherrygifts-chat/app/components/chat/TypingIndicator.tsx"
2025-06-09T06:34:10.559512Z  INFO tailwindcss_oxide::scanner: Reading "/home/eren/Documents/Cline/cherrygifts.chat/cherrygifts-chat/postcss.config.mjs"
2025-06-09T06:34:10.559449Z  INFO tailwindcss_oxide::scanner: Reading "/home/eren/Documents/Cline/cherrygifts.chat/cherrygifts-chat/public/window.svg"
2025-06-09T06:34:10.559528Z  INFO tailwindcss_oxide::scanner: Reading "/home/eren/Documents/Cline/cherrygifts.chat/cherrygifts-chat/app/admin/page.tsx"
2025-06-09T06:34:10.559451Z  INFO tailwindcss_oxide::scanner: Reading "/home/eren/Documents/Cline/cherrygifts.chat/cherrygifts-chat/lib/debug.ts"
2025-06-09T06:34:10.559543Z  INFO tailwindcss_oxide::scanner: Reading "/home/eren/Documents/Cline/cherrygifts.chat/cherrygifts-chat/app/test/status/page.tsx"
2025-06-09T06:34:10.559447Z  INFO tailwindcss_oxide::scanner: Reading "/home/eren/Documents/Cline/cherrygifts.chat/cherrygifts-chat/tsconfig.json"
2025-06-09T06:34:10.559565Z  INFO tailwindcss_oxide::scanner: Reading "/home/eren/Documents/Cline/cherrygifts.chat/cherrygifts-chat/app/test/instagram/page.tsx"
2025-06-09T06:34:10.559459Z  INFO tailwindcss_oxide::scanner: Reading "/home/eren/Documents/Cline/cherrygifts.chat/cherrygifts-chat/app/components/instagram/InstagramInput.tsx"
2025-06-09T06:34:10.559587Z  INFO tailwindcss_oxide::scanner: Reading "/home/eren/Documents/Cline/cherrygifts.chat/cherrygifts-chat/app/test/page.tsx"
2025-06-09T06:34:10.559463Z  INFO tailwindcss_oxide::scanner: Reading "/home/eren/Documents/Cline/cherrygifts.chat/cherrygifts-chat/app/components/ui/NotificationToast.tsx"
2025-06-09T06:34:10.559474Z  INFO tailwindcss_oxide::scanner: Reading "/home/eren/Documents/Cline/cherrygifts.chat/cherrygifts-chat/public/workbox-bb54ffba.js"
2025-06-09T06:34:10.559625Z  INFO tailwindcss_oxide::scanner: Reading "/home/eren/Documents/Cline/cherrygifts.chat/cherrygifts-chat/app/components/instagram/InstagramButton.tsx"
2025-06-09T06:34:10.559476Z  INFO tailwindcss_oxide::scanner: Reading "/home/eren/Documents/Cline/cherrygifts.chat/cherrygifts-chat/app/test/typing/page.tsx"
2025-06-09T06:34:10.559645Z  INFO tailwindcss_oxide::scanner: Reading "/home/eren/Documents/Cline/cherrygifts.chat/cherrygifts-chat/public/icons/generate-icons.md"
2025-06-09T06:34:10.559477Z  INFO tailwindcss_oxide::scanner: Reading "/home/eren/Documents/Cline/cherrygifts.chat/cherrygifts-chat/app/test/realtime/page.tsx"
2025-06-09T06:34:10.559660Z  INFO tailwindcss_oxide::scanner: Reading "/home/eren/Documents/Cline/cherrygifts.chat/cherrygifts-chat/public/next.svg"
2025-06-09T06:34:10.559447Z  INFO tailwindcss_oxide::scanner: Reading "/home/eren/Documents/Cline/cherrygifts.chat/cherrygifts-chat/public/sw.js"
2025-06-09T06:34:10.559680Z  INFO tailwindcss_oxide::scanner: Reading "/home/eren/Documents/Cline/cherrygifts.chat/cherrygifts-chat/app/page.tsx"
2025-06-09T06:34:10.559545Z  INFO tailwindcss_oxide::scanner: Reading "/home/eren/Documents/Cline/cherrygifts.chat/cherrygifts-chat/hooks/useMessages.ts"
2025-06-09T06:34:10.559459Z  INFO tailwindcss_oxide::scanner: Reading "/home/eren/Documents/Cline/cherrygifts.chat/cherrygifts-chat/app/components/chat/MessageBubble.tsx"
2025-06-09T06:34:10.559717Z  INFO tailwindcss_oxide::scanner: Reading "/home/eren/Documents/Cline/cherrygifts.chat/cherrygifts-chat/app/admin/dashboard/page.tsx"
2025-06-09T06:34:10.559456Z  INFO tailwindcss_oxide::scanner: Reading "/home/eren/Documents/Cline/cherrygifts.chat/cherrygifts-chat/app/components/chat/MessageStatusTest.tsx"
2025-06-09T06:34:10.559743Z  INFO tailwindcss_oxide::scanner: Reading "/home/eren/Documents/Cline/cherrygifts.chat/cherrygifts-chat/types/index.ts"
2025-06-09T06:34:10.559459Z  INFO tailwindcss_oxide::scanner: Reading "/home/eren/Documents/Cline/cherrygifts.chat/cherrygifts-chat/app/components/instagram/InstagramIcon.tsx"
2025-06-09T06:34:10.559605Z  INFO tailwindcss_oxide::scanner: Reading "/home/eren/Documents/Cline/cherrygifts.chat/cherrygifts-chat/app/components/LocalizationProvider.tsx"
2025-06-09T06:34:10.559775Z  INFO tailwindcss_oxide::scanner: Reading "/home/eren/Documents/Cline/cherrygifts.chat/cherrygifts-chat/hooks/useTyping.ts"
2025-06-09T06:34:10.559443Z  INFO tailwindcss_oxide::scanner: Reading "/home/eren/Documents/Cline/cherrygifts.chat/cherrygifts-chat/public/vercel.svg"
2025-06-09T06:34:10.559641Z  INFO tailwindcss_oxide::scanner: Reading "/home/eren/Documents/Cline/cherrygifts.chat/cherrygifts-chat/lib/supabase-server.ts"
2025-06-09T06:34:10.559815Z  INFO tailwindcss_oxide::scanner: Reading "/home/eren/Documents/Cline/cherrygifts.chat/cherrygifts-chat/uidesign/privatemessage.html"
2025-06-09T06:34:10.559661Z  INFO tailwindcss_oxide::scanner: Reading "/home/eren/Documents/Cline/cherrygifts.chat/cherrygifts-chat/middleware.ts"
2025-06-09T06:34:10.559826Z  INFO tailwindcss_oxide::scanner: Reading "/home/eren/Documents/Cline/cherrygifts.chat/cherrygifts-chat/scripts/generate-icons.js"
2025-06-09T06:34:10.559831Z  INFO tailwindcss_oxide::scanner: Reading "/home/eren/Documents/Cline/cherrygifts.chat/cherrygifts-chat/app/users/page.tsx"
2025-06-09T06:34:10.559842Z  INFO tailwindcss_oxide::scanner: Reading "/home/eren/Documents/Cline/cherrygifts.chat/cherrygifts-chat/package.json"
2025-06-09T06:34:10.559846Z  INFO tailwindcss_oxide::scanner: Reading "/home/eren/Documents/Cline/cherrygifts.chat/cherrygifts-chat/supabase/migrations/001_initial_schema.sql"
2025-06-09T06:34:10.559527Z  INFO tailwindcss_oxide::scanner: Reading "/home/eren/Documents/Cline/cherrygifts.chat/cherrygifts-chat/next.config.ts"
2025-06-09T06:34:10.559698Z  INFO tailwindcss_oxide::scanner: Reading "/home/eren/Documents/Cline/cherrygifts.chat/cherrygifts-chat/README.md"
2025-06-09T06:34:10.559720Z  INFO tailwindcss_oxide::scanner: Reading "/home/eren/Documents/Cline/cherrygifts.chat/cherrygifts-chat/hooks/useIntersectionObserver.ts"
2025-06-09T06:34:10.559887Z  INFO tailwindcss_oxide::scanner: Reading "/home/eren/Documents/Cline/cherrygifts.chat/cherrygifts-chat/app/layout.tsx"
2025-06-09T06:34:10.559557Z  INFO tailwindcss_oxide::scanner: Reading "/home/eren/Documents/Cline/cherrygifts.chat/cherrygifts-chat/lib/supabase.ts"
2025-06-09T06:34:10.559899Z  INFO tailwindcss_oxide::scanner: Reading "/home/eren/Documents/Cline/cherrygifts.chat/cherrygifts-chat/app/components/ui/LanguageToggle.tsx"
2025-06-09T06:34:10.559735Z  INFO tailwindcss_oxide::scanner: Reading "/home/eren/Documents/Cline/cherrygifts.chat/cherrygifts-chat/hooks/useConversations.ts"
2025-06-09T06:34:10.559578Z  INFO tailwindcss_oxide::scanner: Reading "/home/eren/Documents/Cline/cherrygifts.chat/cherrygifts-chat/public/globe.svg"
2025-06-09T06:34:10.559756Z  INFO tailwindcss_oxide::scanner: Reading "/home/eren/Documents/Cline/cherrygifts.chat/cherrygifts-chat/hooks/useOfflineQueue.ts"
2025-06-09T06:34:10.559760Z  INFO tailwindcss_oxide::scanner: Reading "/home/eren/Documents/Cline/cherrygifts.chat/cherrygifts-chat/hooks/useNotifications.ts"
2025-06-09T06:34:10.559605Z  INFO tailwindcss_oxide::scanner: Reading "/home/eren/Documents/Cline/cherrygifts.chat/cherrygifts-chat/lib/instagram.ts"
2025-06-09T06:34:10.559789Z  INFO tailwindcss_oxide::scanner: Reading "/home/eren/Documents/Cline/cherrygifts.chat/cherrygifts-chat/public/manifest.json"
2025-06-09T06:34:10.559490Z  INFO tailwindcss_oxide::scanner: Reading "/home/eren/Documents/Cline/cherrygifts.chat/cherrygifts-chat/hooks/usePushNotifications.ts"
2025-06-09T06:34:10.559677Z  INFO tailwindcss_oxide::scanner: Reading "/home/eren/Documents/Cline/cherrygifts.chat/cherrygifts-chat/types/database.ts"
2025-06-09T06:34:10.559848Z  INFO tailwindcss_oxide::scanner: Reading "/home/eren/Documents/Cline/cherrygifts.chat/cherrygifts-chat/uidesign/messages.html"
2025-06-09T06:34:10.559859Z  INFO tailwindcss_oxide::scanner: Reading "/home/eren/Documents/Cline/cherrygifts.chat/cherrygifts-chat/app/users/chat/page.tsx"
2025-06-09T06:34:10.559864Z  INFO tailwindcss_oxide::scanner: Reading "/home/eren/Documents/Cline/cherrygifts.chat/cherrygifts-chat/lib/i18n.ts"
2025-06-09T06:34:10.559874Z  INFO tailwindcss_oxide::scanner: Reading "/home/eren/Documents/Cline/cherrygifts.chat/cherrygifts-chat/eslint.config.mjs"
2025-06-09T06:34:10.559883Z  INFO tailwindcss_oxide::scanner: Reading "/home/eren/Documents/Cline/cherrygifts.chat/cherrygifts-chat/uidesign/login.html"
2025-06-09T06:34:10.560075Z  INFO extract_candidates:read_all_files: tailwindcss_oxide::scanner: exit
2025-06-09T06:34:10.560086Z  INFO extract_candidates:parse_all_blobs: tailwindcss_oxide::scanner: enter
2025-06-09T06:34:10.560095Z  INFO extract_candidates:parse_all_blobs:extract: tailwindcss_oxide::scanner: enter
2025-06-09T06:34:10.561039Z  INFO extract_candidates:parse_all_blobs:extract: tailwindcss_oxide::scanner: exit
2025-06-09T06:34:10.561054Z  INFO extract_candidates:parse_all_blobs: tailwindcss_oxide::scanner: exit
2025-06-09T06:34:10.561061Z  INFO extract_candidates:read_all_files: tailwindcss_oxide::scanner: enter
2025-06-09T06:34:10.561067Z  INFO extract_candidates:read_all_files: tailwindcss_oxide::scanner: Reading 1 file(s)
2025-06-09T06:34:10.561085Z  INFO extract_candidates:read_all_files: tailwindcss_oxide::scanner: Reading "/home/eren/Documents/Cline/cherrygifts.chat/cherrygifts-chat/app/globals.css"
2025-06-09T06:34:10.561092Z  INFO extract_candidates:read_all_files: tailwindcss_oxide::scanner: exit
2025-06-09T06:34:10.561098Z  INFO extract_candidates:extract_css_variables: tailwindcss_oxide::scanner: enter
2025-06-09T06:34:10.561105Z  INFO extract_candidates:extract_css_variables:extract: tailwindcss_oxide::scanner: enter
2025-06-09T06:34:10.561209Z  INFO extract_candidates:extract_css_variables:extract: tailwindcss_oxide::scanner: exit
2025-06-09T06:34:10.561218Z  INFO extract_candidates:extract_css_variables: tailwindcss_oxide::scanner: exit
2025-06-09T06:34:10.561698Z  INFO extract_candidates: tailwindcss_oxide::scanner: exit
2025-06-09T06:34:10.562274Z  INFO get_files: tailwindcss_oxide::scanner: enter
2025-06-09T06:34:10.562293Z  INFO get_files:scan_sources: tailwindcss_oxide::scanner: enter
2025-06-09T06:34:10.562597Z  INFO get_files:scan_sources: tailwindcss_oxide::scanner: Discovering "/home/eren/Documents/Cline/cherrygifts.chat/cherrygifts-chat/public"
2025-06-09T06:34:10.562701Z  INFO get_files:scan_sources: tailwindcss_oxide::scanner: Discovering "/home/eren/Documents/Cline/cherrygifts.chat/cherrygifts-chat/public/icons"
2025-06-09T06:34:10.562811Z  INFO get_files:scan_sources: tailwindcss_oxide::scanner: Discovering "/home/eren/Documents/Cline/cherrygifts.chat/cherrygifts-chat/lib"
2025-06-09T06:34:10.562888Z  INFO get_files:scan_sources: tailwindcss_oxide::scanner: Discovering "/home/eren/Documents/Cline/cherrygifts.chat/cherrygifts-chat/scripts"
2025-06-09T06:34:10.562953Z  INFO get_files:scan_sources: tailwindcss_oxide::scanner: Discovering "/home/eren/Documents/Cline/cherrygifts.chat/cherrygifts-chat/utils"
2025-06-09T06:34:10.562988Z  INFO get_files:scan_sources: tailwindcss_oxide::scanner: Discovering "/home/eren/Documents/Cline/cherrygifts.chat/cherrygifts-chat/supabase"
2025-06-09T06:34:10.563018Z  INFO get_files:scan_sources: tailwindcss_oxide::scanner: Discovering "/home/eren/Documents/Cline/cherrygifts.chat/cherrygifts-chat/supabase/migrations"
2025-06-09T06:34:10.563078Z  INFO get_files:scan_sources: tailwindcss_oxide::scanner: Discovering "/home/eren/Documents/Cline/cherrygifts.chat/cherrygifts-chat/uidesign"
2025-06-09T06:34:10.563134Z  INFO get_files:scan_sources: tailwindcss_oxide::scanner: Discovering "/home/eren/Documents/Cline/cherrygifts.chat/cherrygifts-chat/app"
2025-06-09T06:34:10.563170Z  INFO get_files:scan_sources: tailwindcss_oxide::scanner: Discovering "/home/eren/Documents/Cline/cherrygifts.chat/cherrygifts-chat/app/users"
2025-06-09T06:34:10.563210Z  INFO get_files:scan_sources: tailwindcss_oxide::scanner: Discovering "/home/eren/Documents/Cline/cherrygifts.chat/cherrygifts-chat/app/users/chat"
2025-06-09T06:34:10.563259Z  INFO get_files:scan_sources: tailwindcss_oxide::scanner: Discovering "/home/eren/Documents/Cline/cherrygifts.chat/cherrygifts-chat/app/api"
2025-06-09T06:34:10.563290Z  INFO get_files:scan_sources: tailwindcss_oxide::scanner: Discovering "/home/eren/Documents/Cline/cherrygifts.chat/cherrygifts-chat/app/api/messages"
2025-06-09T06:34:10.563327Z  INFO get_files:scan_sources: tailwindcss_oxide::scanner: Discovering "/home/eren/Documents/Cline/cherrygifts.chat/cherrygifts-chat/app/api/auth"
2025-06-09T06:34:10.563368Z  INFO get_files:scan_sources: tailwindcss_oxide::scanner: Discovering "/home/eren/Documents/Cline/cherrygifts.chat/cherrygifts-chat/app/components"
2025-06-09T06:34:10.563400Z  INFO get_files:scan_sources: tailwindcss_oxide::scanner: Discovering "/home/eren/Documents/Cline/cherrygifts.chat/cherrygifts-chat/app/components/ui"
2025-06-09T06:34:10.563459Z  INFO get_files:scan_sources: tailwindcss_oxide::scanner: Discovering "/home/eren/Documents/Cline/cherrygifts.chat/cherrygifts-chat/app/components/instagram"
2025-06-09T06:34:10.563525Z  INFO get_files:scan_sources: tailwindcss_oxide::scanner: Discovering "/home/eren/Documents/Cline/cherrygifts.chat/cherrygifts-chat/app/components/chat"
2025-06-09T06:34:10.563592Z  INFO get_files:scan_sources: tailwindcss_oxide::scanner: Discovering "/home/eren/Documents/Cline/cherrygifts.chat/cherrygifts-chat/app/components/admin"
2025-06-09T06:34:10.563625Z  INFO get_files:scan_sources: tailwindcss_oxide::scanner: Discovering "/home/eren/Documents/Cline/cherrygifts.chat/cherrygifts-chat/app/test"
2025-06-09T06:34:10.563656Z  INFO get_files:scan_sources: tailwindcss_oxide::scanner: Discovering "/home/eren/Documents/Cline/cherrygifts.chat/cherrygifts-chat/app/test/typing"
2025-06-09T06:34:10.563705Z  INFO get_files:scan_sources: tailwindcss_oxide::scanner: Discovering "/home/eren/Documents/Cline/cherrygifts.chat/cherrygifts-chat/app/test/status"
2025-06-09T06:34:10.563745Z  INFO get_files:scan_sources: tailwindcss_oxide::scanner: Discovering "/home/eren/Documents/Cline/cherrygifts.chat/cherrygifts-chat/app/test/instagram"
2025-06-09T06:34:10.563792Z  INFO get_files:scan_sources: tailwindcss_oxide::scanner: Discovering "/home/eren/Documents/Cline/cherrygifts.chat/cherrygifts-chat/app/test/realtime"
2025-06-09T06:34:10.563845Z  INFO get_files:scan_sources: tailwindcss_oxide::scanner: Discovering "/home/eren/Documents/Cline/cherrygifts.chat/cherrygifts-chat/app/admin"
2025-06-09T06:34:10.563877Z  INFO get_files:scan_sources: tailwindcss_oxide::scanner: Discovering "/home/eren/Documents/Cline/cherrygifts.chat/cherrygifts-chat/app/admin/dashboard"
2025-06-09T06:34:10.563930Z  INFO get_files:scan_sources: tailwindcss_oxide::scanner: Discovering "/home/eren/Documents/Cline/cherrygifts.chat/cherrygifts-chat/hooks"
2025-06-09T06:34:10.564048Z  INFO get_files:scan_sources: tailwindcss_oxide::scanner: Discovering "/home/eren/Documents/Cline/cherrygifts.chat/cherrygifts-chat/types"
2025-06-09T06:34:10.564100Z  INFO get_files:scan_sources: tailwindcss_oxide::scanner: exit
2025-06-09T06:34:10.564267Z  INFO get_files: tailwindcss_oxide::scanner: exit
2025-06-09T06:34:10.564397Z  INFO get_globs: tailwindcss_oxide::scanner: enter
2025-06-09T06:34:10.564410Z  INFO get_globs:scan_sources: tailwindcss_oxide::scanner: enter
2025-06-09T06:34:10.564711Z  INFO get_globs:scan_sources: tailwindcss_oxide::scanner: Discovering "/home/eren/Documents/Cline/cherrygifts.chat/cherrygifts-chat/public"
2025-06-09T06:34:10.564822Z  INFO get_globs:scan_sources: tailwindcss_oxide::scanner: Discovering "/home/eren/Documents/Cline/cherrygifts.chat/cherrygifts-chat/public/icons"
2025-06-09T06:34:10.564931Z  INFO get_globs:scan_sources: tailwindcss_oxide::scanner: Discovering "/home/eren/Documents/Cline/cherrygifts.chat/cherrygifts-chat/lib"
2025-06-09T06:34:10.565004Z  INFO get_globs:scan_sources: tailwindcss_oxide::scanner: Discovering "/home/eren/Documents/Cline/cherrygifts.chat/cherrygifts-chat/scripts"
2025-06-09T06:34:10.565067Z  INFO get_globs:scan_sources: tailwindcss_oxide::scanner: Discovering "/home/eren/Documents/Cline/cherrygifts.chat/cherrygifts-chat/utils"
2025-06-09T06:34:10.565101Z  INFO get_globs:scan_sources: tailwindcss_oxide::scanner: Discovering "/home/eren/Documents/Cline/cherrygifts.chat/cherrygifts-chat/supabase"
2025-06-09T06:34:10.565130Z  INFO get_globs:scan_sources: tailwindcss_oxide::scanner: Discovering "/home/eren/Documents/Cline/cherrygifts.chat/cherrygifts-chat/supabase/migrations"
2025-06-09T06:34:10.565197Z  INFO get_globs:scan_sources: tailwindcss_oxide::scanner: Discovering "/home/eren/Documents/Cline/cherrygifts.chat/cherrygifts-chat/uidesign"
2025-06-09T06:34:10.565254Z  INFO get_globs:scan_sources: tailwindcss_oxide::scanner: Discovering "/home/eren/Documents/Cline/cherrygifts.chat/cherrygifts-chat/app"
2025-06-09T06:34:10.565289Z  INFO get_globs:scan_sources: tailwindcss_oxide::scanner: Discovering "/home/eren/Documents/Cline/cherrygifts.chat/cherrygifts-chat/app/users"
2025-06-09T06:34:10.565329Z  INFO get_globs:scan_sources: tailwindcss_oxide::scanner: Discovering "/home/eren/Documents/Cline/cherrygifts.chat/cherrygifts-chat/app/users/chat"
2025-06-09T06:34:10.565379Z  INFO get_globs:scan_sources: tailwindcss_oxide::scanner: Discovering "/home/eren/Documents/Cline/cherrygifts.chat/cherrygifts-chat/app/api"
2025-06-09T06:34:10.565409Z  INFO get_globs:scan_sources: tailwindcss_oxide::scanner: Discovering "/home/eren/Documents/Cline/cherrygifts.chat/cherrygifts-chat/app/api/messages"
2025-06-09T06:34:10.565439Z  INFO get_globs:scan_sources: tailwindcss_oxide::scanner: Discovering "/home/eren/Documents/Cline/cherrygifts.chat/cherrygifts-chat/app/api/auth"
2025-06-09T06:34:10.565480Z  INFO get_globs:scan_sources: tailwindcss_oxide::scanner: Discovering "/home/eren/Documents/Cline/cherrygifts.chat/cherrygifts-chat/app/components"
2025-06-09T06:34:10.565511Z  INFO get_globs:scan_sources: tailwindcss_oxide::scanner: Discovering "/home/eren/Documents/Cline/cherrygifts.chat/cherrygifts-chat/app/components/ui"
2025-06-09T06:34:10.565569Z  INFO get_globs:scan_sources: tailwindcss_oxide::scanner: Discovering "/home/eren/Documents/Cline/cherrygifts.chat/cherrygifts-chat/app/components/instagram"
2025-06-09T06:34:10.565634Z  INFO get_globs:scan_sources: tailwindcss_oxide::scanner: Discovering "/home/eren/Documents/Cline/cherrygifts.chat/cherrygifts-chat/app/components/chat"
2025-06-09T06:34:10.565700Z  INFO get_globs:scan_sources: tailwindcss_oxide::scanner: Discovering "/home/eren/Documents/Cline/cherrygifts.chat/cherrygifts-chat/app/components/admin"
2025-06-09T06:34:10.565733Z  INFO get_globs:scan_sources: tailwindcss_oxide::scanner: Discovering "/home/eren/Documents/Cline/cherrygifts.chat/cherrygifts-chat/app/test"
2025-06-09T06:34:10.565764Z  INFO get_globs:scan_sources: tailwindcss_oxide::scanner: Discovering "/home/eren/Documents/Cline/cherrygifts.chat/cherrygifts-chat/app/test/typing"
2025-06-09T06:34:10.565820Z  INFO get_globs:scan_sources: tailwindcss_oxide::scanner: Discovering "/home/eren/Documents/Cline/cherrygifts.chat/cherrygifts-chat/app/test/status"
2025-06-09T06:34:10.565863Z  INFO get_globs:scan_sources: tailwindcss_oxide::scanner: Discovering "/home/eren/Documents/Cline/cherrygifts.chat/cherrygifts-chat/app/test/instagram"
2025-06-09T06:34:10.565905Z  INFO get_globs:scan_sources: tailwindcss_oxide::scanner: Discovering "/home/eren/Documents/Cline/cherrygifts.chat/cherrygifts-chat/app/test/realtime"
2025-06-09T06:34:10.565953Z  INFO get_globs:scan_sources: tailwindcss_oxide::scanner: Discovering "/home/eren/Documents/Cline/cherrygifts.chat/cherrygifts-chat/app/admin"
2025-06-09T06:34:10.565984Z  INFO get_globs:scan_sources: tailwindcss_oxide::scanner: Discovering "/home/eren/Documents/Cline/cherrygifts.chat/cherrygifts-chat/app/admin/dashboard"
2025-06-09T06:34:10.566035Z  INFO get_globs:scan_sources: tailwindcss_oxide::scanner: Discovering "/home/eren/Documents/Cline/cherrygifts.chat/cherrygifts-chat/hooks"
2025-06-09T06:34:10.566153Z  INFO get_globs:scan_sources: tailwindcss_oxide::scanner: Discovering "/home/eren/Documents/Cline/cherrygifts.chat/cherrygifts-chat/types"
2025-06-09T06:34:10.566205Z  INFO get_globs:scan_sources: tailwindcss_oxide::scanner: exit
2025-06-09T06:34:10.567882Z  INFO get_globs: tailwindcss_oxide::scanner: exit
