2025-06-09T07:22:37.366011Z  INFO tailwindcss_oxide::scanner: Provided sources:
2025-06-09T07:22:37.366079Z  INFO tailwindcss_oxide::scanner: Source: PublicSourceEntry { base: "/home/eren/Documents/Cline/cherrygifts.chat/cherrygifts-chat", pattern: "**/*", negated: false }
2025-06-09T07:22:37.366116Z  INFO tailwindcss_oxide::scanner: Optimized sources:
2025-06-09T07:22:37.366125Z  INFO tailwindcss_oxide::scanner: Source: Auto { base: "/home/eren/Documents/Cline/cherrygifts.chat/cherrygifts-chat" }
2025-06-09T07:22:37.367049Z  INFO scan_sources: tailwindcss_oxide::scanner: enter
2025-06-09T07:22:37.367441Z  INFO scan_sources: tailwindcss_oxide::scanner: Discovering "/home/eren/Documents/Cline/cherrygifts.chat/cherrygifts-chat/tsconfig.json"
2025-06-09T07:22:37.367477Z  INFO scan_sources: tailwindcss_oxide::scanner: Discovering "/home/eren/Documents/Cline/cherrygifts.chat/cherrygifts-chat/public"
2025-06-09T07:22:37.367518Z  INFO scan_sources: tailwindcss_oxide::scanner: Discovering "/home/eren/Documents/Cline/cherrygifts.chat/cherrygifts-chat/public/globe.svg"
2025-06-09T07:22:37.367541Z  INFO scan_sources: tailwindcss_oxide::scanner: Discovering "/home/eren/Documents/Cline/cherrygifts.chat/cherrygifts-chat/public/manifest.json"
2025-06-09T07:22:37.367566Z  INFO scan_sources: tailwindcss_oxide::scanner: Discovering "/home/eren/Documents/Cline/cherrygifts.chat/cherrygifts-chat/public/vercel.svg"
2025-06-09T07:22:37.367588Z  INFO scan_sources: tailwindcss_oxide::scanner: Discovering "/home/eren/Documents/Cline/cherrygifts.chat/cherrygifts-chat/public/sw.js"
2025-06-09T07:22:37.367608Z  INFO scan_sources: tailwindcss_oxide::scanner: Discovering "/home/eren/Documents/Cline/cherrygifts.chat/cherrygifts-chat/public/window.svg"
2025-06-09T07:22:37.367632Z  INFO scan_sources: tailwindcss_oxide::scanner: Discovering "/home/eren/Documents/Cline/cherrygifts.chat/cherrygifts-chat/public/file.svg"
2025-06-09T07:22:37.367655Z  INFO scan_sources: tailwindcss_oxide::scanner: Discovering "/home/eren/Documents/Cline/cherrygifts.chat/cherrygifts-chat/public/workbox-bb54ffba.js"
2025-06-09T07:22:37.367683Z  INFO scan_sources: tailwindcss_oxide::scanner: Discovering "/home/eren/Documents/Cline/cherrygifts.chat/cherrygifts-chat/public/icons"
2025-06-09T07:22:37.367727Z  INFO scan_sources: tailwindcss_oxide::scanner: Discovering "/home/eren/Documents/Cline/cherrygifts.chat/cherrygifts-chat/public/icons/generate-icons.md"
2025-06-09T07:22:37.367764Z  INFO scan_sources: tailwindcss_oxide::scanner: Discovering "/home/eren/Documents/Cline/cherrygifts.chat/cherrygifts-chat/public/next.svg"
2025-06-09T07:22:37.367799Z  INFO scan_sources: tailwindcss_oxide::scanner: Discovering "/home/eren/Documents/Cline/cherrygifts.chat/cherrygifts-chat/postcss.config.mjs"
2025-06-09T07:22:37.367837Z  INFO scan_sources: tailwindcss_oxide::scanner: Discovering "/home/eren/Documents/Cline/cherrygifts.chat/cherrygifts-chat/next.config.ts"
2025-06-09T07:22:37.367865Z  INFO scan_sources: tailwindcss_oxide::scanner: Discovering "/home/eren/Documents/Cline/cherrygifts.chat/cherrygifts-chat/lib"
2025-06-09T07:22:37.367897Z  INFO scan_sources: tailwindcss_oxide::scanner: Discovering "/home/eren/Documents/Cline/cherrygifts.chat/cherrygifts-chat/lib/instagram.ts"
2025-06-09T07:22:37.367924Z  INFO scan_sources: tailwindcss_oxide::scanner: Discovering "/home/eren/Documents/Cline/cherrygifts.chat/cherrygifts-chat/lib/supabase-server.ts"
2025-06-09T07:22:37.367945Z  INFO scan_sources: tailwindcss_oxide::scanner: Discovering "/home/eren/Documents/Cline/cherrygifts.chat/cherrygifts-chat/lib/debug.ts"
2025-06-09T07:22:37.367967Z  INFO scan_sources: tailwindcss_oxide::scanner: Discovering "/home/eren/Documents/Cline/cherrygifts.chat/cherrygifts-chat/lib/supabase.ts"
2025-06-09T07:22:37.367988Z  INFO scan_sources: tailwindcss_oxide::scanner: Discovering "/home/eren/Documents/Cline/cherrygifts.chat/cherrygifts-chat/lib/i18n.ts"
2025-06-09T07:22:37.368017Z  INFO scan_sources: tailwindcss_oxide::scanner: Discovering "/home/eren/Documents/Cline/cherrygifts.chat/cherrygifts-chat/scripts"
2025-06-09T07:22:37.368049Z  INFO scan_sources: tailwindcss_oxide::scanner: Discovering "/home/eren/Documents/Cline/cherrygifts.chat/cherrygifts-chat/scripts/setup-auth.js"
2025-06-09T07:22:37.368079Z  INFO scan_sources: tailwindcss_oxide::scanner: Discovering "/home/eren/Documents/Cline/cherrygifts.chat/cherrygifts-chat/scripts/create-admin.js"
2025-06-09T07:22:37.368102Z  INFO scan_sources: tailwindcss_oxide::scanner: Discovering "/home/eren/Documents/Cline/cherrygifts.chat/cherrygifts-chat/scripts/quick-setup.sh"
2025-06-09T07:22:37.368121Z  INFO scan_sources: tailwindcss_oxide::scanner: Discovering "/home/eren/Documents/Cline/cherrygifts.chat/cherrygifts-chat/scripts/generate-icons.js"
2025-06-09T07:22:37.368165Z  INFO scan_sources: tailwindcss_oxide::scanner: Discovering "/home/eren/Documents/Cline/cherrygifts.chat/cherrygifts-chat/package.json"
2025-06-09T07:22:37.368194Z  INFO scan_sources: tailwindcss_oxide::scanner: Discovering "/home/eren/Documents/Cline/cherrygifts.chat/cherrygifts-chat/utils"
2025-06-09T07:22:37.368234Z  INFO scan_sources: tailwindcss_oxide::scanner: Discovering "/home/eren/Documents/Cline/cherrygifts.chat/cherrygifts-chat/supabase"
2025-06-09T07:22:37.368272Z  INFO scan_sources: tailwindcss_oxide::scanner: Discovering "/home/eren/Documents/Cline/cherrygifts.chat/cherrygifts-chat/supabase/migrations"
2025-06-09T07:22:37.368304Z  INFO scan_sources: tailwindcss_oxide::scanner: Discovering "/home/eren/Documents/Cline/cherrygifts.chat/cherrygifts-chat/supabase/migrations/001_initial_schema.sql"
2025-06-09T07:22:37.368341Z  INFO scan_sources: tailwindcss_oxide::scanner: Discovering "/home/eren/Documents/Cline/cherrygifts.chat/cherrygifts-chat/eslint.config.mjs"
2025-06-09T07:22:37.368371Z  INFO scan_sources: tailwindcss_oxide::scanner: Discovering "/home/eren/Documents/Cline/cherrygifts.chat/cherrygifts-chat/uidesign"
2025-06-09T07:22:37.368402Z  INFO scan_sources: tailwindcss_oxide::scanner: Discovering "/home/eren/Documents/Cline/cherrygifts.chat/cherrygifts-chat/uidesign/privatemessage.html"
2025-06-09T07:22:37.368424Z  INFO scan_sources: tailwindcss_oxide::scanner: Discovering "/home/eren/Documents/Cline/cherrygifts.chat/cherrygifts-chat/uidesign/messages.html"
2025-06-09T07:22:37.368444Z  INFO scan_sources: tailwindcss_oxide::scanner: Discovering "/home/eren/Documents/Cline/cherrygifts.chat/cherrygifts-chat/uidesign/login.html"
2025-06-09T07:22:37.368470Z  INFO scan_sources: tailwindcss_oxide::scanner: Discovering "/home/eren/Documents/Cline/cherrygifts.chat/cherrygifts-chat/app"
2025-06-09T07:22:37.368512Z  INFO scan_sources: tailwindcss_oxide::scanner: Discovering "/home/eren/Documents/Cline/cherrygifts.chat/cherrygifts-chat/app/users"
2025-06-09T07:22:37.368547Z  INFO scan_sources: tailwindcss_oxide::scanner: Discovering "/home/eren/Documents/Cline/cherrygifts.chat/cherrygifts-chat/app/users/page.tsx"
2025-06-09T07:22:37.368572Z  INFO scan_sources: tailwindcss_oxide::scanner: Discovering "/home/eren/Documents/Cline/cherrygifts.chat/cherrygifts-chat/app/users/chat"
2025-06-09T07:22:37.368606Z  INFO scan_sources: tailwindcss_oxide::scanner: Discovering "/home/eren/Documents/Cline/cherrygifts.chat/cherrygifts-chat/app/users/chat/page.tsx"
2025-06-09T07:22:37.368633Z  INFO scan_sources: tailwindcss_oxide::scanner: Discovering "/home/eren/Documents/Cline/cherrygifts.chat/cherrygifts-chat/app/layout.tsx"
2025-06-09T07:22:37.368660Z  INFO scan_sources: tailwindcss_oxide::scanner: Discovering "/home/eren/Documents/Cline/cherrygifts.chat/cherrygifts-chat/app/api"
2025-06-09T07:22:37.368694Z  INFO scan_sources: tailwindcss_oxide::scanner: Discovering "/home/eren/Documents/Cline/cherrygifts.chat/cherrygifts-chat/app/api/messages"
2025-06-09T07:22:37.368733Z  INFO scan_sources: tailwindcss_oxide::scanner: Discovering "/home/eren/Documents/Cline/cherrygifts.chat/cherrygifts-chat/app/api/auth"
2025-06-09T07:22:37.368768Z  INFO scan_sources: tailwindcss_oxide::scanner: Discovering "/home/eren/Documents/Cline/cherrygifts.chat/cherrygifts-chat/app/globals.css"
2025-06-09T07:22:37.368801Z  INFO scan_sources: tailwindcss_oxide::scanner: Discovering "/home/eren/Documents/Cline/cherrygifts.chat/cherrygifts-chat/app/components"
2025-06-09T07:22:37.368846Z  INFO scan_sources: tailwindcss_oxide::scanner: Discovering "/home/eren/Documents/Cline/cherrygifts.chat/cherrygifts-chat/app/components/ui"
2025-06-09T07:22:37.368879Z  INFO scan_sources: tailwindcss_oxide::scanner: Discovering "/home/eren/Documents/Cline/cherrygifts.chat/cherrygifts-chat/app/components/ui/LanguageToggle.tsx"
2025-06-09T07:22:37.368901Z  INFO scan_sources: tailwindcss_oxide::scanner: Discovering "/home/eren/Documents/Cline/cherrygifts.chat/cherrygifts-chat/app/components/ui/NotificationToast.tsx"
2025-06-09T07:22:37.368927Z  INFO scan_sources: tailwindcss_oxide::scanner: Discovering "/home/eren/Documents/Cline/cherrygifts.chat/cherrygifts-chat/app/components/LocalizationProvider.tsx"
2025-06-09T07:22:37.368953Z  INFO scan_sources: tailwindcss_oxide::scanner: Discovering "/home/eren/Documents/Cline/cherrygifts.chat/cherrygifts-chat/app/components/instagram"
2025-06-09T07:22:37.368987Z  INFO scan_sources: tailwindcss_oxide::scanner: Discovering "/home/eren/Documents/Cline/cherrygifts.chat/cherrygifts-chat/app/components/instagram/InstagramButton.tsx"
2025-06-09T07:22:37.369007Z  INFO scan_sources: tailwindcss_oxide::scanner: Discovering "/home/eren/Documents/Cline/cherrygifts.chat/cherrygifts-chat/app/components/instagram/InstagramInput.tsx"
2025-06-09T07:22:37.369030Z  INFO scan_sources: tailwindcss_oxide::scanner: Discovering "/home/eren/Documents/Cline/cherrygifts.chat/cherrygifts-chat/app/components/instagram/index.ts"
2025-06-09T07:22:37.369049Z  INFO scan_sources: tailwindcss_oxide::scanner: Discovering "/home/eren/Documents/Cline/cherrygifts.chat/cherrygifts-chat/app/components/instagram/InstagramIcon.tsx"
2025-06-09T07:22:37.369079Z  INFO scan_sources: tailwindcss_oxide::scanner: Discovering "/home/eren/Documents/Cline/cherrygifts.chat/cherrygifts-chat/app/components/chat"
2025-06-09T07:22:37.369110Z  INFO scan_sources: tailwindcss_oxide::scanner: Discovering "/home/eren/Documents/Cline/cherrygifts.chat/cherrygifts-chat/app/components/chat/MessageBubble.tsx"
2025-06-09T07:22:37.369133Z  INFO scan_sources: tailwindcss_oxide::scanner: Discovering "/home/eren/Documents/Cline/cherrygifts.chat/cherrygifts-chat/app/components/chat/MessageStatusTest.tsx"
2025-06-09T07:22:37.369155Z  INFO scan_sources: tailwindcss_oxide::scanner: Discovering "/home/eren/Documents/Cline/cherrygifts.chat/cherrygifts-chat/app/components/chat/MessageList.tsx"
2025-06-09T07:22:37.369174Z  INFO scan_sources: tailwindcss_oxide::scanner: Discovering "/home/eren/Documents/Cline/cherrygifts.chat/cherrygifts-chat/app/components/chat/TypingIndicator.tsx"
2025-06-09T07:22:37.369203Z  INFO scan_sources: tailwindcss_oxide::scanner: Discovering "/home/eren/Documents/Cline/cherrygifts.chat/cherrygifts-chat/app/components/admin"
2025-06-09T07:22:37.369242Z  INFO scan_sources: tailwindcss_oxide::scanner: Discovering "/home/eren/Documents/Cline/cherrygifts.chat/cherrygifts-chat/app/test"
2025-06-09T07:22:37.369280Z  INFO scan_sources: tailwindcss_oxide::scanner: Discovering "/home/eren/Documents/Cline/cherrygifts.chat/cherrygifts-chat/app/test/typing"
2025-06-09T07:22:37.369312Z  INFO scan_sources: tailwindcss_oxide::scanner: Discovering "/home/eren/Documents/Cline/cherrygifts.chat/cherrygifts-chat/app/test/typing/page.tsx"
2025-06-09T07:22:37.369335Z  INFO scan_sources: tailwindcss_oxide::scanner: Discovering "/home/eren/Documents/Cline/cherrygifts.chat/cherrygifts-chat/app/test/page.tsx"
2025-06-09T07:22:37.369361Z  INFO scan_sources: tailwindcss_oxide::scanner: Discovering "/home/eren/Documents/Cline/cherrygifts.chat/cherrygifts-chat/app/test/status"
2025-06-09T07:22:37.369392Z  INFO scan_sources: tailwindcss_oxide::scanner: Discovering "/home/eren/Documents/Cline/cherrygifts.chat/cherrygifts-chat/app/test/status/page.tsx"
2025-06-09T07:22:37.369423Z  INFO scan_sources: tailwindcss_oxide::scanner: Discovering "/home/eren/Documents/Cline/cherrygifts.chat/cherrygifts-chat/app/test/instagram"
2025-06-09T07:22:37.369452Z  INFO scan_sources: tailwindcss_oxide::scanner: Discovering "/home/eren/Documents/Cline/cherrygifts.chat/cherrygifts-chat/app/test/instagram/page.tsx"
2025-06-09T07:22:37.369489Z  INFO scan_sources: tailwindcss_oxide::scanner: Discovering "/home/eren/Documents/Cline/cherrygifts.chat/cherrygifts-chat/app/test/realtime"
2025-06-09T07:22:37.369518Z  INFO scan_sources: tailwindcss_oxide::scanner: Discovering "/home/eren/Documents/Cline/cherrygifts.chat/cherrygifts-chat/app/test/realtime/page.tsx"
2025-06-09T07:22:37.369545Z  INFO scan_sources: tailwindcss_oxide::scanner: Discovering "/home/eren/Documents/Cline/cherrygifts.chat/cherrygifts-chat/app/page.tsx"
2025-06-09T07:22:37.369570Z  INFO scan_sources: tailwindcss_oxide::scanner: Discovering "/home/eren/Documents/Cline/cherrygifts.chat/cherrygifts-chat/app/admin"
2025-06-09T07:22:37.369605Z  INFO scan_sources: tailwindcss_oxide::scanner: Discovering "/home/eren/Documents/Cline/cherrygifts.chat/cherrygifts-chat/app/admin/dashboard"
2025-06-09T07:22:37.369633Z  INFO scan_sources: tailwindcss_oxide::scanner: Discovering "/home/eren/Documents/Cline/cherrygifts.chat/cherrygifts-chat/app/admin/dashboard/page.tsx"
2025-06-09T07:22:37.369659Z  INFO scan_sources: tailwindcss_oxide::scanner: Discovering "/home/eren/Documents/Cline/cherrygifts.chat/cherrygifts-chat/app/admin/page.tsx"
2025-06-09T07:22:37.369692Z  INFO scan_sources: tailwindcss_oxide::scanner: Discovering "/home/eren/Documents/Cline/cherrygifts.chat/cherrygifts-chat/hooks"
2025-06-09T07:22:37.369725Z  INFO scan_sources: tailwindcss_oxide::scanner: Discovering "/home/eren/Documents/Cline/cherrygifts.chat/cherrygifts-chat/hooks/useMessages.ts"
2025-06-09T07:22:37.369745Z  INFO scan_sources: tailwindcss_oxide::scanner: Discovering "/home/eren/Documents/Cline/cherrygifts.chat/cherrygifts-chat/hooks/useIntersectionObserver.ts"
2025-06-09T07:22:37.369766Z  INFO scan_sources: tailwindcss_oxide::scanner: Discovering "/home/eren/Documents/Cline/cherrygifts.chat/cherrygifts-chat/hooks/useConversations.ts"
2025-06-09T07:22:37.369792Z  INFO scan_sources: tailwindcss_oxide::scanner: Discovering "/home/eren/Documents/Cline/cherrygifts.chat/cherrygifts-chat/hooks/usePushNotifications.ts"
2025-06-09T07:22:37.369814Z  INFO scan_sources: tailwindcss_oxide::scanner: Discovering "/home/eren/Documents/Cline/cherrygifts.chat/cherrygifts-chat/hooks/useTyping.ts"
2025-06-09T07:22:37.369832Z  INFO scan_sources: tailwindcss_oxide::scanner: Discovering "/home/eren/Documents/Cline/cherrygifts.chat/cherrygifts-chat/hooks/useOfflineQueue.ts"
2025-06-09T07:22:37.369857Z  INFO scan_sources: tailwindcss_oxide::scanner: Discovering "/home/eren/Documents/Cline/cherrygifts.chat/cherrygifts-chat/hooks/useNotifications.ts"
2025-06-09T07:22:37.369903Z  INFO scan_sources: tailwindcss_oxide::scanner: Discovering "/home/eren/Documents/Cline/cherrygifts.chat/cherrygifts-chat/middleware.ts"
2025-06-09T07:22:37.369924Z  INFO scan_sources: tailwindcss_oxide::scanner: Discovering "/home/eren/Documents/Cline/cherrygifts.chat/cherrygifts-chat/README.md"
2025-06-09T07:22:37.369947Z  INFO scan_sources: tailwindcss_oxide::scanner: Discovering "/home/eren/Documents/Cline/cherrygifts.chat/cherrygifts-chat/types"
2025-06-09T07:22:37.369978Z  INFO scan_sources: tailwindcss_oxide::scanner: Discovering "/home/eren/Documents/Cline/cherrygifts.chat/cherrygifts-chat/types/database.ts"
2025-06-09T07:22:37.369997Z  INFO scan_sources: tailwindcss_oxide::scanner: Discovering "/home/eren/Documents/Cline/cherrygifts.chat/cherrygifts-chat/types/index.ts"
2025-06-09T07:22:37.370029Z  INFO scan_sources: tailwindcss_oxide::scanner: exit
2025-06-09T07:22:37.370038Z  INFO extract_candidates: tailwindcss_oxide::scanner: enter
2025-06-09T07:22:37.370051Z  INFO extract_candidates:read_all_files: tailwindcss_oxide::scanner: enter
2025-06-09T07:22:37.370057Z  INFO extract_candidates:read_all_files: tailwindcss_oxide::scanner: Reading 60 file(s)
2025-06-09T07:22:37.370724Z  INFO tailwindcss_oxide::scanner: Reading "/home/eren/Documents/Cline/cherrygifts.chat/cherrygifts-chat/tsconfig.json"
2025-06-09T07:22:37.370758Z  INFO tailwindcss_oxide::scanner: Reading "/home/eren/Documents/Cline/cherrygifts.chat/cherrygifts-chat/hooks/usePushNotifications.ts"
2025-06-09T07:22:37.370769Z  INFO tailwindcss_oxide::scanner: Reading "/home/eren/Documents/Cline/cherrygifts.chat/cherrygifts-chat/app/test/realtime/page.tsx"
2025-06-09T07:22:37.370794Z  INFO tailwindcss_oxide::scanner: Reading "/home/eren/Documents/Cline/cherrygifts.chat/cherrygifts-chat/hooks/useTyping.ts"
2025-06-09T07:22:37.370755Z  INFO tailwindcss_oxide::scanner: Reading "/home/eren/Documents/Cline/cherrygifts.chat/cherrygifts-chat/app/components/chat/MessageBubble.tsx"
2025-06-09T07:22:37.370824Z  INFO tailwindcss_oxide::scanner: Reading "/home/eren/Documents/Cline/cherrygifts.chat/cherrygifts-chat/hooks/useOfflineQueue.ts"
2025-06-09T07:22:37.370759Z  INFO tailwindcss_oxide::scanner: Reading "/home/eren/Documents/Cline/cherrygifts.chat/cherrygifts-chat/public/sw.js"
2025-06-09T07:22:37.370845Z  INFO tailwindcss_oxide::scanner: Reading "/home/eren/Documents/Cline/cherrygifts.chat/cherrygifts-chat/app/components/chat/MessageStatusTest.tsx"
2025-06-09T07:22:37.370762Z  INFO tailwindcss_oxide::scanner: Reading "/home/eren/Documents/Cline/cherrygifts.chat/cherrygifts-chat/app/components/ui/NotificationToast.tsx"
2025-06-09T07:22:37.370871Z  INFO tailwindcss_oxide::scanner: Reading "/home/eren/Documents/Cline/cherrygifts.chat/cherrygifts-chat/app/components/chat/MessageList.tsx"
2025-06-09T07:22:37.370883Z  INFO tailwindcss_oxide::scanner: Reading "/home/eren/Documents/Cline/cherrygifts.chat/cherrygifts-chat/app/components/LocalizationProvider.tsx"
2025-06-09T07:22:37.370890Z  INFO tailwindcss_oxide::scanner: Reading "/home/eren/Documents/Cline/cherrygifts.chat/cherrygifts-chat/app/components/chat/TypingIndicator.tsx"
2025-06-09T07:22:37.370761Z  INFO tailwindcss_oxide::scanner: Reading "/home/eren/Documents/Cline/cherrygifts.chat/cherrygifts-chat/lib/supabase-server.ts"
2025-06-09T07:22:37.370906Z  INFO tailwindcss_oxide::scanner: Reading "/home/eren/Documents/Cline/cherrygifts.chat/cherrygifts-chat/app/components/instagram/InstagramInput.tsx"
2025-06-09T07:22:37.370750Z  INFO tailwindcss_oxide::scanner: Reading "/home/eren/Documents/Cline/cherrygifts.chat/cherrygifts-chat/public/vercel.svg"
2025-06-09T07:22:37.370919Z  INFO tailwindcss_oxide::scanner: Reading "/home/eren/Documents/Cline/cherrygifts.chat/cherrygifts-chat/lib/debug.ts"
2025-06-09T07:22:37.370773Z  INFO tailwindcss_oxide::scanner: Reading "/home/eren/Documents/Cline/cherrygifts.chat/cherrygifts-chat/public/workbox-bb54ffba.js"
2025-06-09T07:22:37.370939Z  INFO tailwindcss_oxide::scanner: Reading "/home/eren/Documents/Cline/cherrygifts.chat/cherrygifts-chat/scripts/create-admin.js"
2025-06-09T07:22:37.370753Z  INFO tailwindcss_oxide::scanner: Reading "/home/eren/Documents/Cline/cherrygifts.chat/cherrygifts-chat/app/components/instagram/InstagramButton.tsx"
2025-06-09T07:22:37.370959Z  INFO tailwindcss_oxide::scanner: Reading "/home/eren/Documents/Cline/cherrygifts.chat/cherrygifts-chat/scripts/quick-setup.sh"
2025-06-09T07:22:37.370778Z  INFO tailwindcss_oxide::scanner: Reading "/home/eren/Documents/Cline/cherrygifts.chat/cherrygifts-chat/app/components/instagram/index.ts"
2025-06-09T07:22:37.370770Z  INFO tailwindcss_oxide::scanner: Reading "/home/eren/Documents/Cline/cherrygifts.chat/cherrygifts-chat/public/globe.svg"
2025-06-09T07:22:37.370983Z  INFO tailwindcss_oxide::scanner: Reading "/home/eren/Documents/Cline/cherrygifts.chat/cherrygifts-chat/public/file.svg"
2025-06-09T07:22:37.370751Z  INFO tailwindcss_oxide::scanner: Reading "/home/eren/Documents/Cline/cherrygifts.chat/cherrygifts-chat/public/window.svg"
2025-06-09T07:22:37.370999Z  INFO tailwindcss_oxide::scanner: Reading "/home/eren/Documents/Cline/cherrygifts.chat/cherrygifts-chat/scripts/setup-auth.js"
2025-06-09T07:22:37.370754Z  INFO tailwindcss_oxide::scanner: Reading "/home/eren/Documents/Cline/cherrygifts.chat/cherrygifts-chat/app/components/ui/LanguageToggle.tsx"
2025-06-09T07:22:37.371018Z  INFO tailwindcss_oxide::scanner: Reading "/home/eren/Documents/Cline/cherrygifts.chat/cherrygifts-chat/hooks/useIntersectionObserver.ts"
2025-06-09T07:22:37.370761Z  INFO tailwindcss_oxide::scanner: Reading "/home/eren/Documents/Cline/cherrygifts.chat/cherrygifts-chat/lib/supabase.ts"
2025-06-09T07:22:37.371044Z  INFO tailwindcss_oxide::scanner: Reading "/home/eren/Documents/Cline/cherrygifts.chat/cherrygifts-chat/hooks/useConversations.ts"
2025-06-09T07:22:37.370873Z  INFO tailwindcss_oxide::scanner: Reading "/home/eren/Documents/Cline/cherrygifts.chat/cherrygifts-chat/app/test/typing/page.tsx"
2025-06-09T07:22:37.371064Z  INFO tailwindcss_oxide::scanner: Reading "/home/eren/Documents/Cline/cherrygifts.chat/cherrygifts-chat/uidesign/login.html"
2025-06-09T07:22:37.370763Z  INFO tailwindcss_oxide::scanner: Reading "/home/eren/Documents/Cline/cherrygifts.chat/cherrygifts-chat/app/admin/page.tsx"
2025-06-09T07:22:37.370901Z  INFO tailwindcss_oxide::scanner: Reading "/home/eren/Documents/Cline/cherrygifts.chat/cherrygifts-chat/app/components/instagram/InstagramIcon.tsx"
2025-06-09T07:22:37.370929Z  INFO tailwindcss_oxide::scanner: Reading "/home/eren/Documents/Cline/cherrygifts.chat/cherrygifts-chat/supabase/migrations/001_initial_schema.sql"
2025-06-09T07:22:37.371105Z  INFO tailwindcss_oxide::scanner: Reading "/home/eren/Documents/Cline/cherrygifts.chat/cherrygifts-chat/app/users/chat/page.tsx"
2025-06-09T07:22:37.371120Z  INFO tailwindcss_oxide::scanner: Reading "/home/eren/Documents/Cline/cherrygifts.chat/cherrygifts-chat/eslint.config.mjs"
2025-06-09T07:22:37.370969Z  INFO tailwindcss_oxide::scanner: Reading "/home/eren/Documents/Cline/cherrygifts.chat/cherrygifts-chat/public/icons/generate-icons.md"
2025-06-09T07:22:37.371137Z  INFO tailwindcss_oxide::scanner: Reading "/home/eren/Documents/Cline/cherrygifts.chat/cherrygifts-chat/public/next.svg"
2025-06-09T07:22:37.370991Z  INFO tailwindcss_oxide::scanner: Reading "/home/eren/Documents/Cline/cherrygifts.chat/cherrygifts-chat/lib/i18n.ts"
2025-06-09T07:22:37.371152Z  INFO tailwindcss_oxide::scanner: Reading "/home/eren/Documents/Cline/cherrygifts.chat/cherrygifts-chat/postcss.config.mjs"
2025-06-09T07:22:37.370847Z  INFO tailwindcss_oxide::scanner: Reading "/home/eren/Documents/Cline/cherrygifts.chat/cherrygifts-chat/hooks/useNotifications.ts"
2025-06-09T07:22:37.371168Z  INFO tailwindcss_oxide::scanner: Reading "/home/eren/Documents/Cline/cherrygifts.chat/cherrygifts-chat/lib/instagram.ts"
2025-06-09T07:22:37.371035Z  INFO tailwindcss_oxide::scanner: Reading "/home/eren/Documents/Cline/cherrygifts.chat/cherrygifts-chat/app/test/instagram/page.tsx"
2025-06-09T07:22:37.370763Z  INFO tailwindcss_oxide::scanner: Reading "/home/eren/Documents/Cline/cherrygifts.chat/cherrygifts-chat/next.config.ts"
2025-06-09T07:22:37.371060Z  INFO tailwindcss_oxide::scanner: Reading "/home/eren/Documents/Cline/cherrygifts.chat/cherrygifts-chat/app/admin/dashboard/page.tsx"
2025-06-09T07:22:37.371078Z  INFO tailwindcss_oxide::scanner: Reading "/home/eren/Documents/Cline/cherrygifts.chat/cherrygifts-chat/app/test/page.tsx"
2025-06-09T07:22:37.371087Z  INFO tailwindcss_oxide::scanner: Reading "/home/eren/Documents/Cline/cherrygifts.chat/cherrygifts-chat/app/users/page.tsx"
2025-06-09T07:22:37.370933Z  INFO tailwindcss_oxide::scanner: Reading "/home/eren/Documents/Cline/cherrygifts.chat/cherrygifts-chat/public/manifest.json"
2025-06-09T07:22:37.371112Z  INFO tailwindcss_oxide::scanner: Reading "/home/eren/Documents/Cline/cherrygifts.chat/cherrygifts-chat/uidesign/privatemessage.html"
2025-06-09T07:22:37.370978Z  INFO tailwindcss_oxide::scanner: Reading "/home/eren/Documents/Cline/cherrygifts.chat/cherrygifts-chat/scripts/generate-icons.js"
2025-06-09T07:22:37.371139Z  INFO tailwindcss_oxide::scanner: Reading "/home/eren/Documents/Cline/cherrygifts.chat/cherrygifts-chat/app/layout.tsx"
2025-06-09T07:22:37.370994Z  INFO tailwindcss_oxide::scanner: Reading "/home/eren/Documents/Cline/cherrygifts.chat/cherrygifts-chat/app/test/status/page.tsx"
2025-06-09T07:22:37.370811Z  INFO tailwindcss_oxide::scanner: Reading "/home/eren/Documents/Cline/cherrygifts.chat/cherrygifts-chat/app/page.tsx"
2025-06-09T07:22:37.371149Z  INFO tailwindcss_oxide::scanner: Reading "/home/eren/Documents/Cline/cherrygifts.chat/cherrygifts-chat/middleware.ts"
2025-06-09T07:22:37.371166Z  INFO tailwindcss_oxide::scanner: Reading "/home/eren/Documents/Cline/cherrygifts.chat/cherrygifts-chat/types/database.ts"
2025-06-09T07:22:37.371025Z  INFO tailwindcss_oxide::scanner: Reading "/home/eren/Documents/Cline/cherrygifts.chat/cherrygifts-chat/hooks/useMessages.ts"
2025-06-09T07:22:37.371182Z  INFO tailwindcss_oxide::scanner: Reading "/home/eren/Documents/Cline/cherrygifts.chat/cherrygifts-chat/types/index.ts"
2025-06-09T07:22:37.371194Z  INFO tailwindcss_oxide::scanner: Reading "/home/eren/Documents/Cline/cherrygifts.chat/cherrygifts-chat/package.json"
2025-06-09T07:22:37.371216Z  INFO tailwindcss_oxide::scanner: Reading "/home/eren/Documents/Cline/cherrygifts.chat/cherrygifts-chat/README.md"
2025-06-09T07:22:37.371217Z  INFO tailwindcss_oxide::scanner: Reading "/home/eren/Documents/Cline/cherrygifts.chat/cherrygifts-chat/uidesign/messages.html"
2025-06-09T07:22:37.371517Z  INFO extract_candidates:read_all_files: tailwindcss_oxide::scanner: exit
2025-06-09T07:22:37.371535Z  INFO extract_candidates:parse_all_blobs: tailwindcss_oxide::scanner: enter
2025-06-09T07:22:37.371545Z  INFO extract_candidates:parse_all_blobs:extract: tailwindcss_oxide::scanner: enter
2025-06-09T07:22:37.372746Z  INFO extract_candidates:parse_all_blobs:extract: tailwindcss_oxide::scanner: exit
2025-06-09T07:22:37.372767Z  INFO extract_candidates:parse_all_blobs: tailwindcss_oxide::scanner: exit
2025-06-09T07:22:37.372778Z  INFO extract_candidates:read_all_files: tailwindcss_oxide::scanner: enter
2025-06-09T07:22:37.372793Z  INFO extract_candidates:read_all_files: tailwindcss_oxide::scanner: Reading 1 file(s)
2025-06-09T07:22:37.372816Z  INFO extract_candidates:read_all_files: tailwindcss_oxide::scanner: Reading "/home/eren/Documents/Cline/cherrygifts.chat/cherrygifts-chat/app/globals.css"
2025-06-09T07:22:37.372828Z  INFO extract_candidates:read_all_files: tailwindcss_oxide::scanner: exit
2025-06-09T07:22:37.372837Z  INFO extract_candidates:extract_css_variables: tailwindcss_oxide::scanner: enter
2025-06-09T07:22:37.372845Z  INFO extract_candidates:extract_css_variables:extract: tailwindcss_oxide::scanner: enter
2025-06-09T07:22:37.372964Z  INFO extract_candidates:extract_css_variables:extract: tailwindcss_oxide::scanner: exit
2025-06-09T07:22:37.372979Z  INFO extract_candidates:extract_css_variables: tailwindcss_oxide::scanner: exit
2025-06-09T07:22:37.373534Z  INFO extract_candidates: tailwindcss_oxide::scanner: exit
2025-06-09T07:22:37.374123Z  INFO get_files: tailwindcss_oxide::scanner: enter
2025-06-09T07:22:37.374140Z  INFO get_files:scan_sources: tailwindcss_oxide::scanner: enter
2025-06-09T07:22:37.374449Z  INFO get_files:scan_sources: tailwindcss_oxide::scanner: Discovering "/home/eren/Documents/Cline/cherrygifts.chat/cherrygifts-chat/public"
2025-06-09T07:22:37.374556Z  INFO get_files:scan_sources: tailwindcss_oxide::scanner: Discovering "/home/eren/Documents/Cline/cherrygifts.chat/cherrygifts-chat/public/icons"
2025-06-09T07:22:37.374667Z  INFO get_files:scan_sources: tailwindcss_oxide::scanner: Discovering "/home/eren/Documents/Cline/cherrygifts.chat/cherrygifts-chat/lib"
2025-06-09T07:22:37.374745Z  INFO get_files:scan_sources: tailwindcss_oxide::scanner: Discovering "/home/eren/Documents/Cline/cherrygifts.chat/cherrygifts-chat/scripts"
2025-06-09T07:22:37.374845Z  INFO get_files:scan_sources: tailwindcss_oxide::scanner: Discovering "/home/eren/Documents/Cline/cherrygifts.chat/cherrygifts-chat/utils"
2025-06-09T07:22:37.374885Z  INFO get_files:scan_sources: tailwindcss_oxide::scanner: Discovering "/home/eren/Documents/Cline/cherrygifts.chat/cherrygifts-chat/supabase"
2025-06-09T07:22:37.374918Z  INFO get_files:scan_sources: tailwindcss_oxide::scanner: Discovering "/home/eren/Documents/Cline/cherrygifts.chat/cherrygifts-chat/supabase/migrations"
2025-06-09T07:22:37.374982Z  INFO get_files:scan_sources: tailwindcss_oxide::scanner: Discovering "/home/eren/Documents/Cline/cherrygifts.chat/cherrygifts-chat/uidesign"
2025-06-09T07:22:37.375047Z  INFO get_files:scan_sources: tailwindcss_oxide::scanner: Discovering "/home/eren/Documents/Cline/cherrygifts.chat/cherrygifts-chat/app"
2025-06-09T07:22:37.375084Z  INFO get_files:scan_sources: tailwindcss_oxide::scanner: Discovering "/home/eren/Documents/Cline/cherrygifts.chat/cherrygifts-chat/app/users"
2025-06-09T07:22:37.375127Z  INFO get_files:scan_sources: tailwindcss_oxide::scanner: Discovering "/home/eren/Documents/Cline/cherrygifts.chat/cherrygifts-chat/app/users/chat"
2025-06-09T07:22:37.375182Z  INFO get_files:scan_sources: tailwindcss_oxide::scanner: Discovering "/home/eren/Documents/Cline/cherrygifts.chat/cherrygifts-chat/app/api"
2025-06-09T07:22:37.375216Z  INFO get_files:scan_sources: tailwindcss_oxide::scanner: Discovering "/home/eren/Documents/Cline/cherrygifts.chat/cherrygifts-chat/app/api/messages"
2025-06-09T07:22:37.375249Z  INFO get_files:scan_sources: tailwindcss_oxide::scanner: Discovering "/home/eren/Documents/Cline/cherrygifts.chat/cherrygifts-chat/app/api/auth"
2025-06-09T07:22:37.375292Z  INFO get_files:scan_sources: tailwindcss_oxide::scanner: Discovering "/home/eren/Documents/Cline/cherrygifts.chat/cherrygifts-chat/app/components"
2025-06-09T07:22:37.375326Z  INFO get_files:scan_sources: tailwindcss_oxide::scanner: Discovering "/home/eren/Documents/Cline/cherrygifts.chat/cherrygifts-chat/app/components/ui"
2025-06-09T07:22:37.375387Z  INFO get_files:scan_sources: tailwindcss_oxide::scanner: Discovering "/home/eren/Documents/Cline/cherrygifts.chat/cherrygifts-chat/app/components/instagram"
2025-06-09T07:22:37.375459Z  INFO get_files:scan_sources: tailwindcss_oxide::scanner: Discovering "/home/eren/Documents/Cline/cherrygifts.chat/cherrygifts-chat/app/components/chat"
2025-06-09T07:22:37.375529Z  INFO get_files:scan_sources: tailwindcss_oxide::scanner: Discovering "/home/eren/Documents/Cline/cherrygifts.chat/cherrygifts-chat/app/components/admin"
2025-06-09T07:22:37.375566Z  INFO get_files:scan_sources: tailwindcss_oxide::scanner: Discovering "/home/eren/Documents/Cline/cherrygifts.chat/cherrygifts-chat/app/test"
2025-06-09T07:22:37.375600Z  INFO get_files:scan_sources: tailwindcss_oxide::scanner: Discovering "/home/eren/Documents/Cline/cherrygifts.chat/cherrygifts-chat/app/test/typing"
2025-06-09T07:22:37.375651Z  INFO get_files:scan_sources: tailwindcss_oxide::scanner: Discovering "/home/eren/Documents/Cline/cherrygifts.chat/cherrygifts-chat/app/test/status"
2025-06-09T07:22:37.375693Z  INFO get_files:scan_sources: tailwindcss_oxide::scanner: Discovering "/home/eren/Documents/Cline/cherrygifts.chat/cherrygifts-chat/app/test/instagram"
2025-06-09T07:22:37.375737Z  INFO get_files:scan_sources: tailwindcss_oxide::scanner: Discovering "/home/eren/Documents/Cline/cherrygifts.chat/cherrygifts-chat/app/test/realtime"
2025-06-09T07:22:37.375792Z  INFO get_files:scan_sources: tailwindcss_oxide::scanner: Discovering "/home/eren/Documents/Cline/cherrygifts.chat/cherrygifts-chat/app/admin"
2025-06-09T07:22:37.375828Z  INFO get_files:scan_sources: tailwindcss_oxide::scanner: Discovering "/home/eren/Documents/Cline/cherrygifts.chat/cherrygifts-chat/app/admin/dashboard"
2025-06-09T07:22:37.375887Z  INFO get_files:scan_sources: tailwindcss_oxide::scanner: Discovering "/home/eren/Documents/Cline/cherrygifts.chat/cherrygifts-chat/hooks"
2025-06-09T07:22:37.376012Z  INFO get_files:scan_sources: tailwindcss_oxide::scanner: Discovering "/home/eren/Documents/Cline/cherrygifts.chat/cherrygifts-chat/types"
2025-06-09T07:22:37.376068Z  INFO get_files:scan_sources: tailwindcss_oxide::scanner: exit
2025-06-09T07:22:37.376184Z  INFO get_files: tailwindcss_oxide::scanner: exit
2025-06-09T07:22:37.376343Z  INFO get_globs: tailwindcss_oxide::scanner: enter
2025-06-09T07:22:37.376355Z  INFO get_globs:scan_sources: tailwindcss_oxide::scanner: enter
2025-06-09T07:22:37.376679Z  INFO get_globs:scan_sources: tailwindcss_oxide::scanner: Discovering "/home/eren/Documents/Cline/cherrygifts.chat/cherrygifts-chat/public"
2025-06-09T07:22:37.376819Z  INFO get_globs:scan_sources: tailwindcss_oxide::scanner: Discovering "/home/eren/Documents/Cline/cherrygifts.chat/cherrygifts-chat/public/icons"
2025-06-09T07:22:37.376945Z  INFO get_globs:scan_sources: tailwindcss_oxide::scanner: Discovering "/home/eren/Documents/Cline/cherrygifts.chat/cherrygifts-chat/lib"
2025-06-09T07:22:37.377036Z  INFO get_globs:scan_sources: tailwindcss_oxide::scanner: Discovering "/home/eren/Documents/Cline/cherrygifts.chat/cherrygifts-chat/scripts"
2025-06-09T07:22:37.377142Z  INFO get_globs:scan_sources: tailwindcss_oxide::scanner: Discovering "/home/eren/Documents/Cline/cherrygifts.chat/cherrygifts-chat/utils"
2025-06-09T07:22:37.377190Z  INFO get_globs:scan_sources: tailwindcss_oxide::scanner: Discovering "/home/eren/Documents/Cline/cherrygifts.chat/cherrygifts-chat/supabase"
2025-06-09T07:22:37.377231Z  INFO get_globs:scan_sources: tailwindcss_oxide::scanner: Discovering "/home/eren/Documents/Cline/cherrygifts.chat/cherrygifts-chat/supabase/migrations"
2025-06-09T07:22:37.377310Z  INFO get_globs:scan_sources: tailwindcss_oxide::scanner: Discovering "/home/eren/Documents/Cline/cherrygifts.chat/cherrygifts-chat/uidesign"
2025-06-09T07:22:37.377383Z  INFO get_globs:scan_sources: tailwindcss_oxide::scanner: Discovering "/home/eren/Documents/Cline/cherrygifts.chat/cherrygifts-chat/app"
2025-06-09T07:22:37.377432Z  INFO get_globs:scan_sources: tailwindcss_oxide::scanner: Discovering "/home/eren/Documents/Cline/cherrygifts.chat/cherrygifts-chat/app/users"
2025-06-09T07:22:37.377479Z  INFO get_globs:scan_sources: tailwindcss_oxide::scanner: Discovering "/home/eren/Documents/Cline/cherrygifts.chat/cherrygifts-chat/app/users/chat"
2025-06-09T07:22:37.377539Z  INFO get_globs:scan_sources: tailwindcss_oxide::scanner: Discovering "/home/eren/Documents/Cline/cherrygifts.chat/cherrygifts-chat/app/api"
2025-06-09T07:22:37.377579Z  INFO get_globs:scan_sources: tailwindcss_oxide::scanner: Discovering "/home/eren/Documents/Cline/cherrygifts.chat/cherrygifts-chat/app/api/messages"
2025-06-09T07:22:37.377626Z  INFO get_globs:scan_sources: tailwindcss_oxide::scanner: Discovering "/home/eren/Documents/Cline/cherrygifts.chat/cherrygifts-chat/app/api/auth"
2025-06-09T07:22:37.377679Z  INFO get_globs:scan_sources: tailwindcss_oxide::scanner: Discovering "/home/eren/Documents/Cline/cherrygifts.chat/cherrygifts-chat/app/components"
2025-06-09T07:22:37.377722Z  INFO get_globs:scan_sources: tailwindcss_oxide::scanner: Discovering "/home/eren/Documents/Cline/cherrygifts.chat/cherrygifts-chat/app/components/ui"
2025-06-09T07:22:37.377805Z  INFO get_globs:scan_sources: tailwindcss_oxide::scanner: Discovering "/home/eren/Documents/Cline/cherrygifts.chat/cherrygifts-chat/app/components/instagram"
2025-06-09T07:22:37.377893Z  INFO get_globs:scan_sources: tailwindcss_oxide::scanner: Discovering "/home/eren/Documents/Cline/cherrygifts.chat/cherrygifts-chat/app/components/chat"
2025-06-09T07:22:37.377977Z  INFO get_globs:scan_sources: tailwindcss_oxide::scanner: Discovering "/home/eren/Documents/Cline/cherrygifts.chat/cherrygifts-chat/app/components/admin"
2025-06-09T07:22:37.378023Z  INFO get_globs:scan_sources: tailwindcss_oxide::scanner: Discovering "/home/eren/Documents/Cline/cherrygifts.chat/cherrygifts-chat/app/test"
2025-06-09T07:22:37.378065Z  INFO get_globs:scan_sources: tailwindcss_oxide::scanner: Discovering "/home/eren/Documents/Cline/cherrygifts.chat/cherrygifts-chat/app/test/typing"
2025-06-09T07:22:37.378129Z  INFO get_globs:scan_sources: tailwindcss_oxide::scanner: Discovering "/home/eren/Documents/Cline/cherrygifts.chat/cherrygifts-chat/app/test/status"
2025-06-09T07:22:37.378182Z  INFO get_globs:scan_sources: tailwindcss_oxide::scanner: Discovering "/home/eren/Documents/Cline/cherrygifts.chat/cherrygifts-chat/app/test/instagram"
2025-06-09T07:22:37.378239Z  INFO get_globs:scan_sources: tailwindcss_oxide::scanner: Discovering "/home/eren/Documents/Cline/cherrygifts.chat/cherrygifts-chat/app/test/realtime"
2025-06-09T07:22:37.378305Z  INFO get_globs:scan_sources: tailwindcss_oxide::scanner: Discovering "/home/eren/Documents/Cline/cherrygifts.chat/cherrygifts-chat/app/admin"
2025-06-09T07:22:37.378353Z  INFO get_globs:scan_sources: tailwindcss_oxide::scanner: Discovering "/home/eren/Documents/Cline/cherrygifts.chat/cherrygifts-chat/app/admin/dashboard"
2025-06-09T07:22:37.378425Z  INFO get_globs:scan_sources: tailwindcss_oxide::scanner: Discovering "/home/eren/Documents/Cline/cherrygifts.chat/cherrygifts-chat/hooks"
2025-06-09T07:22:37.378562Z  INFO get_globs:scan_sources: tailwindcss_oxide::scanner: Discovering "/home/eren/Documents/Cline/cherrygifts.chat/cherrygifts-chat/types"
2025-06-09T07:22:37.378627Z  INFO get_globs:scan_sources: tailwindcss_oxide::scanner: exit
2025-06-09T07:22:37.380352Z  INFO get_globs: tailwindcss_oxide::scanner: exit
2025-06-09T07:24:56.981951Z  INFO scan_sources: tailwindcss_oxide::scanner: enter
2025-06-09T07:24:56.982584Z  INFO scan_sources: tailwindcss_oxide::scanner: Discovering "/home/eren/Documents/Cline/cherrygifts.chat/cherrygifts-chat/public"
2025-06-09T07:24:56.982752Z  INFO scan_sources: tailwindcss_oxide::scanner: Discovering "/home/eren/Documents/Cline/cherrygifts.chat/cherrygifts-chat/public/icons"
2025-06-09T07:24:56.982918Z  INFO scan_sources: tailwindcss_oxide::scanner: Discovering "/home/eren/Documents/Cline/cherrygifts.chat/cherrygifts-chat/lib"
2025-06-09T07:24:56.983035Z  INFO scan_sources: tailwindcss_oxide::scanner: Discovering "/home/eren/Documents/Cline/cherrygifts.chat/cherrygifts-chat/scripts"
2025-06-09T07:24:56.983099Z  INFO scan_sources: tailwindcss_oxide::scanner: Discovering "/home/eren/Documents/Cline/cherrygifts.chat/cherrygifts-chat/scripts/test-supabase.js"
2025-06-09T07:24:56.983213Z  INFO scan_sources: tailwindcss_oxide::scanner: Discovering "/home/eren/Documents/Cline/cherrygifts.chat/cherrygifts-chat/utils"
2025-06-09T07:24:56.983268Z  INFO scan_sources: tailwindcss_oxide::scanner: Discovering "/home/eren/Documents/Cline/cherrygifts.chat/cherrygifts-chat/supabase"
2025-06-09T07:24:56.983315Z  INFO scan_sources: tailwindcss_oxide::scanner: Discovering "/home/eren/Documents/Cline/cherrygifts.chat/cherrygifts-chat/supabase/migrations"
2025-06-09T07:24:56.983413Z  INFO scan_sources: tailwindcss_oxide::scanner: Discovering "/home/eren/Documents/Cline/cherrygifts.chat/cherrygifts-chat/uidesign"
2025-06-09T07:24:56.983501Z  INFO scan_sources: tailwindcss_oxide::scanner: Discovering "/home/eren/Documents/Cline/cherrygifts.chat/cherrygifts-chat/app"
2025-06-09T07:24:56.983564Z  INFO scan_sources: tailwindcss_oxide::scanner: Discovering "/home/eren/Documents/Cline/cherrygifts.chat/cherrygifts-chat/app/users"
2025-06-09T07:24:56.983636Z  INFO scan_sources: tailwindcss_oxide::scanner: Discovering "/home/eren/Documents/Cline/cherrygifts.chat/cherrygifts-chat/app/users/chat"
2025-06-09T07:24:56.983719Z  INFO scan_sources: tailwindcss_oxide::scanner: Discovering "/home/eren/Documents/Cline/cherrygifts.chat/cherrygifts-chat/app/api"
2025-06-09T07:24:56.983758Z  INFO scan_sources: tailwindcss_oxide::scanner: Discovering "/home/eren/Documents/Cline/cherrygifts.chat/cherrygifts-chat/app/api/messages"
2025-06-09T07:24:56.983802Z  INFO scan_sources: tailwindcss_oxide::scanner: Discovering "/home/eren/Documents/Cline/cherrygifts.chat/cherrygifts-chat/app/api/auth"
2025-06-09T07:24:56.983851Z  INFO scan_sources: tailwindcss_oxide::scanner: Discovering "/home/eren/Documents/Cline/cherrygifts.chat/cherrygifts-chat/app/components"
2025-06-09T07:24:56.983886Z  INFO scan_sources: tailwindcss_oxide::scanner: Discovering "/home/eren/Documents/Cline/cherrygifts.chat/cherrygifts-chat/app/components/ui"
2025-06-09T07:24:56.983951Z  INFO scan_sources: tailwindcss_oxide::scanner: Discovering "/home/eren/Documents/Cline/cherrygifts.chat/cherrygifts-chat/app/components/instagram"
2025-06-09T07:24:56.984025Z  INFO scan_sources: tailwindcss_oxide::scanner: Discovering "/home/eren/Documents/Cline/cherrygifts.chat/cherrygifts-chat/app/components/chat"
2025-06-09T07:24:56.984101Z  INFO scan_sources: tailwindcss_oxide::scanner: Discovering "/home/eren/Documents/Cline/cherrygifts.chat/cherrygifts-chat/app/components/admin"
2025-06-09T07:24:56.984149Z  INFO scan_sources: tailwindcss_oxide::scanner: Discovering "/home/eren/Documents/Cline/cherrygifts.chat/cherrygifts-chat/app/test"
2025-06-09T07:24:56.984183Z  INFO scan_sources: tailwindcss_oxide::scanner: Discovering "/home/eren/Documents/Cline/cherrygifts.chat/cherrygifts-chat/app/test/typing"
2025-06-09T07:24:56.984236Z  INFO scan_sources: tailwindcss_oxide::scanner: Discovering "/home/eren/Documents/Cline/cherrygifts.chat/cherrygifts-chat/app/test/status"
2025-06-09T07:24:56.984278Z  INFO scan_sources: tailwindcss_oxide::scanner: Discovering "/home/eren/Documents/Cline/cherrygifts.chat/cherrygifts-chat/app/test/instagram"
2025-06-09T07:24:56.984323Z  INFO scan_sources: tailwindcss_oxide::scanner: Discovering "/home/eren/Documents/Cline/cherrygifts.chat/cherrygifts-chat/app/test/realtime"
2025-06-09T07:24:56.984376Z  INFO scan_sources: tailwindcss_oxide::scanner: Discovering "/home/eren/Documents/Cline/cherrygifts.chat/cherrygifts-chat/app/admin"
2025-06-09T07:24:56.984408Z  INFO scan_sources: tailwindcss_oxide::scanner: Discovering "/home/eren/Documents/Cline/cherrygifts.chat/cherrygifts-chat/app/admin/dashboard"
2025-06-09T07:24:56.984468Z  INFO scan_sources: tailwindcss_oxide::scanner: Discovering "/home/eren/Documents/Cline/cherrygifts.chat/cherrygifts-chat/hooks"
2025-06-09T07:24:56.984602Z  INFO scan_sources: tailwindcss_oxide::scanner: Discovering "/home/eren/Documents/Cline/cherrygifts.chat/cherrygifts-chat/types"
2025-06-09T07:24:56.984675Z  INFO scan_sources: tailwindcss_oxide::scanner: exit
2025-06-09T07:24:56.984684Z  INFO extract_candidates: tailwindcss_oxide::scanner: enter
2025-06-09T07:24:56.984691Z  INFO extract_candidates:read_all_files: tailwindcss_oxide::scanner: enter
2025-06-09T07:24:56.984697Z  INFO extract_candidates:read_all_files: tailwindcss_oxide::scanner: Reading 1 file(s)
2025-06-09T07:24:56.984733Z  INFO extract_candidates:read_all_files: tailwindcss_oxide::scanner: Reading "/home/eren/Documents/Cline/cherrygifts.chat/cherrygifts-chat/scripts/test-supabase.js"
2025-06-09T07:24:56.984745Z  INFO extract_candidates:read_all_files: tailwindcss_oxide::scanner: exit
2025-06-09T07:24:56.984752Z  INFO extract_candidates:parse_all_blobs: tailwindcss_oxide::scanner: enter
2025-06-09T07:24:56.984758Z  INFO extract_candidates:parse_all_blobs:extract: tailwindcss_oxide::scanner: enter
2025-06-09T07:24:56.985071Z  INFO extract_candidates:parse_all_blobs:extract: tailwindcss_oxide::scanner: exit
2025-06-09T07:24:56.985105Z  INFO extract_candidates:parse_all_blobs: tailwindcss_oxide::scanner: exit
2025-06-09T07:24:56.986204Z  INFO extract_candidates: tailwindcss_oxide::scanner: exit
2025-06-09T07:24:56.987367Z  INFO get_files: tailwindcss_oxide::scanner: enter
2025-06-09T07:24:56.987394Z  INFO get_files:scan_sources: tailwindcss_oxide::scanner: enter
2025-06-09T07:24:56.988136Z  INFO get_files:scan_sources: tailwindcss_oxide::scanner: Discovering "/home/eren/Documents/Cline/cherrygifts.chat/cherrygifts-chat/public"
2025-06-09T07:24:56.988307Z  INFO get_files:scan_sources: tailwindcss_oxide::scanner: Discovering "/home/eren/Documents/Cline/cherrygifts.chat/cherrygifts-chat/public/icons"
2025-06-09T07:24:56.988492Z  INFO get_files:scan_sources: tailwindcss_oxide::scanner: Discovering "/home/eren/Documents/Cline/cherrygifts.chat/cherrygifts-chat/lib"
2025-06-09T07:24:56.988613Z  INFO get_files:scan_sources: tailwindcss_oxide::scanner: Discovering "/home/eren/Documents/Cline/cherrygifts.chat/cherrygifts-chat/scripts"
2025-06-09T07:24:56.988766Z  INFO get_files:scan_sources: tailwindcss_oxide::scanner: Discovering "/home/eren/Documents/Cline/cherrygifts.chat/cherrygifts-chat/utils"
2025-06-09T07:24:56.988830Z  INFO get_files:scan_sources: tailwindcss_oxide::scanner: Discovering "/home/eren/Documents/Cline/cherrygifts.chat/cherrygifts-chat/supabase"
2025-06-09T07:24:56.988882Z  INFO get_files:scan_sources: tailwindcss_oxide::scanner: Discovering "/home/eren/Documents/Cline/cherrygifts.chat/cherrygifts-chat/supabase/migrations"
2025-06-09T07:24:56.988993Z  INFO get_files:scan_sources: tailwindcss_oxide::scanner: Discovering "/home/eren/Documents/Cline/cherrygifts.chat/cherrygifts-chat/uidesign"
2025-06-09T07:24:56.989086Z  INFO get_files:scan_sources: tailwindcss_oxide::scanner: Discovering "/home/eren/Documents/Cline/cherrygifts.chat/cherrygifts-chat/app"
2025-06-09T07:24:56.989146Z  INFO get_files:scan_sources: tailwindcss_oxide::scanner: Discovering "/home/eren/Documents/Cline/cherrygifts.chat/cherrygifts-chat/app/users"
2025-06-09T07:24:56.989208Z  INFO get_files:scan_sources: tailwindcss_oxide::scanner: Discovering "/home/eren/Documents/Cline/cherrygifts.chat/cherrygifts-chat/app/users/chat"
2025-06-09T07:24:56.989288Z  INFO get_files:scan_sources: tailwindcss_oxide::scanner: Discovering "/home/eren/Documents/Cline/cherrygifts.chat/cherrygifts-chat/app/api"
2025-06-09T07:24:56.989334Z  INFO get_files:scan_sources: tailwindcss_oxide::scanner: Discovering "/home/eren/Documents/Cline/cherrygifts.chat/cherrygifts-chat/app/api/messages"
2025-06-09T07:24:56.989384Z  INFO get_files:scan_sources: tailwindcss_oxide::scanner: Discovering "/home/eren/Documents/Cline/cherrygifts.chat/cherrygifts-chat/app/api/auth"
2025-06-09T07:24:56.989454Z  INFO get_files:scan_sources: tailwindcss_oxide::scanner: Discovering "/home/eren/Documents/Cline/cherrygifts.chat/cherrygifts-chat/app/components"
2025-06-09T07:24:56.989507Z  INFO get_files:scan_sources: tailwindcss_oxide::scanner: Discovering "/home/eren/Documents/Cline/cherrygifts.chat/cherrygifts-chat/app/components/ui"
2025-06-09T07:24:56.989605Z  INFO get_files:scan_sources: tailwindcss_oxide::scanner: Discovering "/home/eren/Documents/Cline/cherrygifts.chat/cherrygifts-chat/app/components/instagram"
2025-06-09T07:24:56.989718Z  INFO get_files:scan_sources: tailwindcss_oxide::scanner: Discovering "/home/eren/Documents/Cline/cherrygifts.chat/cherrygifts-chat/app/components/chat"
2025-06-09T07:24:56.989837Z  INFO get_files:scan_sources: tailwindcss_oxide::scanner: Discovering "/home/eren/Documents/Cline/cherrygifts.chat/cherrygifts-chat/app/components/admin"
2025-06-09T07:24:56.989893Z  INFO get_files:scan_sources: tailwindcss_oxide::scanner: Discovering "/home/eren/Documents/Cline/cherrygifts.chat/cherrygifts-chat/app/test"
2025-06-09T07:24:56.989942Z  INFO get_files:scan_sources: tailwindcss_oxide::scanner: Discovering "/home/eren/Documents/Cline/cherrygifts.chat/cherrygifts-chat/app/test/typing"
2025-06-09T07:24:56.990015Z  INFO get_files:scan_sources: tailwindcss_oxide::scanner: Discovering "/home/eren/Documents/Cline/cherrygifts.chat/cherrygifts-chat/app/test/status"
2025-06-09T07:24:56.990076Z  INFO get_files:scan_sources: tailwindcss_oxide::scanner: Discovering "/home/eren/Documents/Cline/cherrygifts.chat/cherrygifts-chat/app/test/instagram"
2025-06-09T07:24:56.990138Z  INFO get_files:scan_sources: tailwindcss_oxide::scanner: Discovering "/home/eren/Documents/Cline/cherrygifts.chat/cherrygifts-chat/app/test/realtime"
2025-06-09T07:24:56.990214Z  INFO get_files:scan_sources: tailwindcss_oxide::scanner: Discovering "/home/eren/Documents/Cline/cherrygifts.chat/cherrygifts-chat/app/admin"
2025-06-09T07:24:56.990260Z  INFO get_files:scan_sources: tailwindcss_oxide::scanner: Discovering "/home/eren/Documents/Cline/cherrygifts.chat/cherrygifts-chat/app/admin/dashboard"
2025-06-09T07:24:56.990346Z  INFO get_files:scan_sources: tailwindcss_oxide::scanner: Discovering "/home/eren/Documents/Cline/cherrygifts.chat/cherrygifts-chat/hooks"
2025-06-09T07:24:56.990518Z  INFO get_files:scan_sources: tailwindcss_oxide::scanner: Discovering "/home/eren/Documents/Cline/cherrygifts.chat/cherrygifts-chat/types"
2025-06-09T07:24:56.990616Z  INFO get_files:scan_sources: tailwindcss_oxide::scanner: exit
2025-06-09T07:24:56.991326Z  INFO get_files: tailwindcss_oxide::scanner: exit
2025-06-09T07:24:56.991624Z  INFO get_globs: tailwindcss_oxide::scanner: enter
2025-06-09T07:24:56.991644Z  INFO get_globs: tailwindcss_oxide::scanner: exit
2025-06-09T07:27:47.110014Z  INFO scan_sources: tailwindcss_oxide::scanner: enter
2025-06-09T07:27:47.110679Z  INFO scan_sources: tailwindcss_oxide::scanner: Discovering "/home/eren/Documents/Cline/cherrygifts.chat/cherrygifts-chat/public"
2025-06-09T07:27:47.110842Z  INFO scan_sources: tailwindcss_oxide::scanner: Discovering "/home/eren/Documents/Cline/cherrygifts.chat/cherrygifts-chat/public/icons"
2025-06-09T07:27:47.110987Z  INFO scan_sources: tailwindcss_oxide::scanner: Discovering "/home/eren/Documents/Cline/cherrygifts.chat/cherrygifts-chat/lib"
2025-06-09T07:27:47.111100Z  INFO scan_sources: tailwindcss_oxide::scanner: Discovering "/home/eren/Documents/Cline/cherrygifts.chat/cherrygifts-chat/scripts"
2025-06-09T07:27:47.111160Z  INFO scan_sources: tailwindcss_oxide::scanner: Discovering "/home/eren/Documents/Cline/cherrygifts.chat/cherrygifts-chat/scripts/test-supabase.js"
2025-06-09T07:27:47.111281Z  INFO scan_sources: tailwindcss_oxide::scanner: Discovering "/home/eren/Documents/Cline/cherrygifts.chat/cherrygifts-chat/utils"
2025-06-09T07:27:47.111341Z  INFO scan_sources: tailwindcss_oxide::scanner: Discovering "/home/eren/Documents/Cline/cherrygifts.chat/cherrygifts-chat/supabase"
2025-06-09T07:27:47.111387Z  INFO scan_sources: tailwindcss_oxide::scanner: Discovering "/home/eren/Documents/Cline/cherrygifts.chat/cherrygifts-chat/supabase/migrations"
2025-06-09T07:27:47.111494Z  INFO scan_sources: tailwindcss_oxide::scanner: Discovering "/home/eren/Documents/Cline/cherrygifts.chat/cherrygifts-chat/uidesign"
2025-06-09T07:27:47.111606Z  INFO scan_sources: tailwindcss_oxide::scanner: Discovering "/home/eren/Documents/Cline/cherrygifts.chat/cherrygifts-chat/app"
2025-06-09T07:27:47.111703Z  INFO scan_sources: tailwindcss_oxide::scanner: Discovering "/home/eren/Documents/Cline/cherrygifts.chat/cherrygifts-chat/app/users"
2025-06-09T07:27:47.111772Z  INFO scan_sources: tailwindcss_oxide::scanner: Discovering "/home/eren/Documents/Cline/cherrygifts.chat/cherrygifts-chat/app/users/chat"
2025-06-09T07:27:47.111877Z  INFO scan_sources: tailwindcss_oxide::scanner: Discovering "/home/eren/Documents/Cline/cherrygifts.chat/cherrygifts-chat/app/api"
2025-06-09T07:27:47.111931Z  INFO scan_sources: tailwindcss_oxide::scanner: Discovering "/home/eren/Documents/Cline/cherrygifts.chat/cherrygifts-chat/app/api/messages"
2025-06-09T07:27:47.111987Z  INFO scan_sources: tailwindcss_oxide::scanner: Discovering "/home/eren/Documents/Cline/cherrygifts.chat/cherrygifts-chat/app/api/auth"
2025-06-09T07:27:47.112054Z  INFO scan_sources: tailwindcss_oxide::scanner: Discovering "/home/eren/Documents/Cline/cherrygifts.chat/cherrygifts-chat/app/components"
2025-06-09T07:27:47.112106Z  INFO scan_sources: tailwindcss_oxide::scanner: Discovering "/home/eren/Documents/Cline/cherrygifts.chat/cherrygifts-chat/app/components/ui"
2025-06-09T07:27:47.112195Z  INFO scan_sources: tailwindcss_oxide::scanner: Discovering "/home/eren/Documents/Cline/cherrygifts.chat/cherrygifts-chat/app/components/instagram"
2025-06-09T07:27:47.112289Z  INFO scan_sources: tailwindcss_oxide::scanner: Discovering "/home/eren/Documents/Cline/cherrygifts.chat/cherrygifts-chat/app/components/chat"
2025-06-09T07:27:47.112483Z  INFO scan_sources: tailwindcss_oxide::scanner: Discovering "/home/eren/Documents/Cline/cherrygifts.chat/cherrygifts-chat/app/components/admin"
2025-06-09T07:27:47.112531Z  INFO scan_sources: tailwindcss_oxide::scanner: Discovering "/home/eren/Documents/Cline/cherrygifts.chat/cherrygifts-chat/app/test"
2025-06-09T07:27:47.112579Z  INFO scan_sources: tailwindcss_oxide::scanner: Discovering "/home/eren/Documents/Cline/cherrygifts.chat/cherrygifts-chat/app/test/typing"
2025-06-09T07:27:47.112634Z  INFO scan_sources: tailwindcss_oxide::scanner: Discovering "/home/eren/Documents/Cline/cherrygifts.chat/cherrygifts-chat/app/test/status"
2025-06-09T07:27:47.112680Z  INFO scan_sources: tailwindcss_oxide::scanner: Discovering "/home/eren/Documents/Cline/cherrygifts.chat/cherrygifts-chat/app/test/instagram"
2025-06-09T07:27:47.112728Z  INFO scan_sources: tailwindcss_oxide::scanner: Discovering "/home/eren/Documents/Cline/cherrygifts.chat/cherrygifts-chat/app/test/realtime"
2025-06-09T07:27:47.112810Z  INFO scan_sources: tailwindcss_oxide::scanner: Discovering "/home/eren/Documents/Cline/cherrygifts.chat/cherrygifts-chat/app/admin"
2025-06-09T07:27:47.112848Z  INFO scan_sources: tailwindcss_oxide::scanner: Discovering "/home/eren/Documents/Cline/cherrygifts.chat/cherrygifts-chat/app/admin/dashboard"
2025-06-09T07:27:47.112910Z  INFO scan_sources: tailwindcss_oxide::scanner: Discovering "/home/eren/Documents/Cline/cherrygifts.chat/cherrygifts-chat/hooks"
2025-06-09T07:27:47.113046Z  INFO scan_sources: tailwindcss_oxide::scanner: Discovering "/home/eren/Documents/Cline/cherrygifts.chat/cherrygifts-chat/types"
2025-06-09T07:27:47.113119Z  INFO scan_sources: tailwindcss_oxide::scanner: exit
2025-06-09T07:27:47.113129Z  INFO extract_candidates: tailwindcss_oxide::scanner: enter
2025-06-09T07:27:47.113136Z  INFO extract_candidates:read_all_files: tailwindcss_oxide::scanner: enter
2025-06-09T07:27:47.113142Z  INFO extract_candidates:read_all_files: tailwindcss_oxide::scanner: Reading 1 file(s)
2025-06-09T07:27:47.113177Z  INFO extract_candidates:read_all_files: tailwindcss_oxide::scanner: Reading "/home/eren/Documents/Cline/cherrygifts.chat/cherrygifts-chat/scripts/test-supabase.js"
2025-06-09T07:27:47.113187Z  INFO extract_candidates:read_all_files: tailwindcss_oxide::scanner: exit
2025-06-09T07:27:47.113194Z  INFO extract_candidates:parse_all_blobs: tailwindcss_oxide::scanner: enter
2025-06-09T07:27:47.113201Z  INFO extract_candidates:parse_all_blobs:extract: tailwindcss_oxide::scanner: enter
2025-06-09T07:27:47.113522Z  INFO extract_candidates:parse_all_blobs:extract: tailwindcss_oxide::scanner: exit
2025-06-09T07:27:47.113539Z  INFO extract_candidates:parse_all_blobs: tailwindcss_oxide::scanner: exit
2025-06-09T07:27:47.113728Z  INFO extract_candidates: tailwindcss_oxide::scanner: exit
2025-06-09T07:27:47.114355Z  INFO get_files: tailwindcss_oxide::scanner: enter
2025-06-09T07:27:47.114377Z  INFO get_files:scan_sources: tailwindcss_oxide::scanner: enter
2025-06-09T07:27:47.114745Z  INFO get_files:scan_sources: tailwindcss_oxide::scanner: Discovering "/home/eren/Documents/Cline/cherrygifts.chat/cherrygifts-chat/public"
2025-06-09T07:27:47.114885Z  INFO get_files:scan_sources: tailwindcss_oxide::scanner: Discovering "/home/eren/Documents/Cline/cherrygifts.chat/cherrygifts-chat/public/icons"
2025-06-09T07:27:47.115022Z  INFO get_files:scan_sources: tailwindcss_oxide::scanner: Discovering "/home/eren/Documents/Cline/cherrygifts.chat/cherrygifts-chat/lib"
2025-06-09T07:27:47.115120Z  INFO get_files:scan_sources: tailwindcss_oxide::scanner: Discovering "/home/eren/Documents/Cline/cherrygifts.chat/cherrygifts-chat/scripts"
2025-06-09T07:27:47.115243Z  INFO get_files:scan_sources: tailwindcss_oxide::scanner: Discovering "/home/eren/Documents/Cline/cherrygifts.chat/cherrygifts-chat/utils"
2025-06-09T07:27:47.115297Z  INFO get_files:scan_sources: tailwindcss_oxide::scanner: Discovering "/home/eren/Documents/Cline/cherrygifts.chat/cherrygifts-chat/supabase"
2025-06-09T07:27:47.115345Z  INFO get_files:scan_sources: tailwindcss_oxide::scanner: Discovering "/home/eren/Documents/Cline/cherrygifts.chat/cherrygifts-chat/supabase/migrations"
2025-06-09T07:27:47.115431Z  INFO get_files:scan_sources: tailwindcss_oxide::scanner: Discovering "/home/eren/Documents/Cline/cherrygifts.chat/cherrygifts-chat/uidesign"
2025-06-09T07:27:47.115511Z  INFO get_files:scan_sources: tailwindcss_oxide::scanner: Discovering "/home/eren/Documents/Cline/cherrygifts.chat/cherrygifts-chat/app"
2025-06-09T07:27:47.115566Z  INFO get_files:scan_sources: tailwindcss_oxide::scanner: Discovering "/home/eren/Documents/Cline/cherrygifts.chat/cherrygifts-chat/app/users"
2025-06-09T07:27:47.115625Z  INFO get_files:scan_sources: tailwindcss_oxide::scanner: Discovering "/home/eren/Documents/Cline/cherrygifts.chat/cherrygifts-chat/app/users/chat"
2025-06-09T07:27:47.115696Z  INFO get_files:scan_sources: tailwindcss_oxide::scanner: Discovering "/home/eren/Documents/Cline/cherrygifts.chat/cherrygifts-chat/app/api"
2025-06-09T07:27:47.115752Z  INFO get_files:scan_sources: tailwindcss_oxide::scanner: Discovering "/home/eren/Documents/Cline/cherrygifts.chat/cherrygifts-chat/app/api/messages"
2025-06-09T07:27:47.115807Z  INFO get_files:scan_sources: tailwindcss_oxide::scanner: Discovering "/home/eren/Documents/Cline/cherrygifts.chat/cherrygifts-chat/app/api/auth"
2025-06-09T07:27:47.115870Z  INFO get_files:scan_sources: tailwindcss_oxide::scanner: Discovering "/home/eren/Documents/Cline/cherrygifts.chat/cherrygifts-chat/app/components"
2025-06-09T07:27:47.115918Z  INFO get_files:scan_sources: tailwindcss_oxide::scanner: Discovering "/home/eren/Documents/Cline/cherrygifts.chat/cherrygifts-chat/app/components/ui"
2025-06-09T07:27:47.115997Z  INFO get_files:scan_sources: tailwindcss_oxide::scanner: Discovering "/home/eren/Documents/Cline/cherrygifts.chat/cherrygifts-chat/app/components/instagram"
2025-06-09T07:27:47.116083Z  INFO get_files:scan_sources: tailwindcss_oxide::scanner: Discovering "/home/eren/Documents/Cline/cherrygifts.chat/cherrygifts-chat/app/components/chat"
2025-06-09T07:27:47.116169Z  INFO get_files:scan_sources: tailwindcss_oxide::scanner: Discovering "/home/eren/Documents/Cline/cherrygifts.chat/cherrygifts-chat/app/components/admin"
2025-06-09T07:27:47.116220Z  INFO get_files:scan_sources: tailwindcss_oxide::scanner: Discovering "/home/eren/Documents/Cline/cherrygifts.chat/cherrygifts-chat/app/test"
2025-06-09T07:27:47.116269Z  INFO get_files:scan_sources: tailwindcss_oxide::scanner: Discovering "/home/eren/Documents/Cline/cherrygifts.chat/cherrygifts-chat/app/test/typing"
2025-06-09T07:27:47.116336Z  INFO get_files:scan_sources: tailwindcss_oxide::scanner: Discovering "/home/eren/Documents/Cline/cherrygifts.chat/cherrygifts-chat/app/test/status"
2025-06-09T07:27:47.116397Z  INFO get_files:scan_sources: tailwindcss_oxide::scanner: Discovering "/home/eren/Documents/Cline/cherrygifts.chat/cherrygifts-chat/app/test/instagram"
2025-06-09T07:27:47.116460Z  INFO get_files:scan_sources: tailwindcss_oxide::scanner: Discovering "/home/eren/Documents/Cline/cherrygifts.chat/cherrygifts-chat/app/test/realtime"
2025-06-09T07:27:47.116529Z  INFO get_files:scan_sources: tailwindcss_oxide::scanner: Discovering "/home/eren/Documents/Cline/cherrygifts.chat/cherrygifts-chat/app/admin"
2025-06-09T07:27:47.116577Z  INFO get_files:scan_sources: tailwindcss_oxide::scanner: Discovering "/home/eren/Documents/Cline/cherrygifts.chat/cherrygifts-chat/app/admin/dashboard"
2025-06-09T07:27:47.116653Z  INFO get_files:scan_sources: tailwindcss_oxide::scanner: Discovering "/home/eren/Documents/Cline/cherrygifts.chat/cherrygifts-chat/hooks"
2025-06-09T07:27:47.116843Z  INFO get_files:scan_sources: tailwindcss_oxide::scanner: Discovering "/home/eren/Documents/Cline/cherrygifts.chat/cherrygifts-chat/types"
2025-06-09T07:27:47.116930Z  INFO get_files:scan_sources: tailwindcss_oxide::scanner: exit
2025-06-09T07:27:47.117258Z  INFO get_files: tailwindcss_oxide::scanner: exit
2025-06-09T07:27:47.117757Z  INFO get_globs: tailwindcss_oxide::scanner: enter
2025-06-09T07:27:47.117775Z  INFO get_globs: tailwindcss_oxide::scanner: exit
