2025-06-09T06:55:11.528866Z  INFO tailwindcss_oxide::scanner: Provided sources:
2025-06-09T06:55:11.528950Z  INFO tailwindcss_oxide::scanner: Source: PublicSourceEntry { base: "/home/eren/Documents/Cline/cherrygifts.chat/cherrygifts-chat", pattern: "**/*", negated: false }
2025-06-09T06:55:11.528996Z  INFO tailwindcss_oxide::scanner: Optimized sources:
2025-06-09T06:55:11.529005Z  INFO tailwindcss_oxide::scanner: Source: Auto { base: "/home/eren/Documents/Cline/cherrygifts.chat/cherrygifts-chat" }
2025-06-09T06:55:11.529869Z  INFO scan_sources: tailwindcss_oxide::scanner: enter
2025-06-09T06:55:11.530196Z  INFO scan_sources: tailwindcss_oxide::scanner: Discovering "/home/eren/Documents/Cline/cherrygifts.chat/cherrygifts-chat/tsconfig.json"
2025-06-09T06:55:11.530229Z  INFO scan_sources: tailwindcss_oxide::scanner: Discovering "/home/eren/Documents/Cline/cherrygifts.chat/cherrygifts-chat/public"
2025-06-09T06:55:11.530268Z  INFO scan_sources: tailwindcss_oxide::scanner: Discovering "/home/eren/Documents/Cline/cherrygifts.chat/cherrygifts-chat/public/globe.svg"
2025-06-09T06:55:11.530290Z  INFO scan_sources: tailwindcss_oxide::scanner: Discovering "/home/eren/Documents/Cline/cherrygifts.chat/cherrygifts-chat/public/manifest.json"
2025-06-09T06:55:11.530311Z  INFO scan_sources: tailwindcss_oxide::scanner: Discovering "/home/eren/Documents/Cline/cherrygifts.chat/cherrygifts-chat/public/vercel.svg"
2025-06-09T06:55:11.530332Z  INFO scan_sources: tailwindcss_oxide::scanner: Discovering "/home/eren/Documents/Cline/cherrygifts.chat/cherrygifts-chat/public/sw.js"
2025-06-09T06:55:11.530352Z  INFO scan_sources: tailwindcss_oxide::scanner: Discovering "/home/eren/Documents/Cline/cherrygifts.chat/cherrygifts-chat/public/window.svg"
2025-06-09T06:55:11.530371Z  INFO scan_sources: tailwindcss_oxide::scanner: Discovering "/home/eren/Documents/Cline/cherrygifts.chat/cherrygifts-chat/public/file.svg"
2025-06-09T06:55:11.530392Z  INFO scan_sources: tailwindcss_oxide::scanner: Discovering "/home/eren/Documents/Cline/cherrygifts.chat/cherrygifts-chat/public/workbox-bb54ffba.js"
2025-06-09T06:55:11.530418Z  INFO scan_sources: tailwindcss_oxide::scanner: Discovering "/home/eren/Documents/Cline/cherrygifts.chat/cherrygifts-chat/public/icons"
2025-06-09T06:55:11.530458Z  INFO scan_sources: tailwindcss_oxide::scanner: Discovering "/home/eren/Documents/Cline/cherrygifts.chat/cherrygifts-chat/public/icons/generate-icons.md"
2025-06-09T06:55:11.530492Z  INFO scan_sources: tailwindcss_oxide::scanner: Discovering "/home/eren/Documents/Cline/cherrygifts.chat/cherrygifts-chat/public/next.svg"
2025-06-09T06:55:11.530517Z  INFO scan_sources: tailwindcss_oxide::scanner: Discovering "/home/eren/Documents/Cline/cherrygifts.chat/cherrygifts-chat/postcss.config.mjs"
2025-06-09T06:55:11.530549Z  INFO scan_sources: tailwindcss_oxide::scanner: Discovering "/home/eren/Documents/Cline/cherrygifts.chat/cherrygifts-chat/next.config.ts"
2025-06-09T06:55:11.530574Z  INFO scan_sources: tailwindcss_oxide::scanner: Discovering "/home/eren/Documents/Cline/cherrygifts.chat/cherrygifts-chat/lib"
2025-06-09T06:55:11.530603Z  INFO scan_sources: tailwindcss_oxide::scanner: Discovering "/home/eren/Documents/Cline/cherrygifts.chat/cherrygifts-chat/lib/instagram.ts"
2025-06-09T06:55:11.530623Z  INFO scan_sources: tailwindcss_oxide::scanner: Discovering "/home/eren/Documents/Cline/cherrygifts.chat/cherrygifts-chat/lib/supabase-server.ts"
2025-06-09T06:55:11.530643Z  INFO scan_sources: tailwindcss_oxide::scanner: Discovering "/home/eren/Documents/Cline/cherrygifts.chat/cherrygifts-chat/lib/debug.ts"
2025-06-09T06:55:11.530661Z  INFO scan_sources: tailwindcss_oxide::scanner: Discovering "/home/eren/Documents/Cline/cherrygifts.chat/cherrygifts-chat/lib/supabase.ts"
2025-06-09T06:55:11.530681Z  INFO scan_sources: tailwindcss_oxide::scanner: Discovering "/home/eren/Documents/Cline/cherrygifts.chat/cherrygifts-chat/lib/i18n.ts"
2025-06-09T06:55:11.530707Z  INFO scan_sources: tailwindcss_oxide::scanner: Discovering "/home/eren/Documents/Cline/cherrygifts.chat/cherrygifts-chat/scripts"
2025-06-09T06:55:11.530735Z  INFO scan_sources: tailwindcss_oxide::scanner: Discovering "/home/eren/Documents/Cline/cherrygifts.chat/cherrygifts-chat/scripts/generate-icons.js"
2025-06-09T06:55:11.530788Z  INFO scan_sources: tailwindcss_oxide::scanner: Discovering "/home/eren/Documents/Cline/cherrygifts.chat/cherrygifts-chat/package.json"
2025-06-09T06:55:11.530816Z  INFO scan_sources: tailwindcss_oxide::scanner: Discovering "/home/eren/Documents/Cline/cherrygifts.chat/cherrygifts-chat/utils"
2025-06-09T06:55:11.530855Z  INFO scan_sources: tailwindcss_oxide::scanner: Discovering "/home/eren/Documents/Cline/cherrygifts.chat/cherrygifts-chat/supabase"
2025-06-09T06:55:11.530887Z  INFO scan_sources: tailwindcss_oxide::scanner: Discovering "/home/eren/Documents/Cline/cherrygifts.chat/cherrygifts-chat/supabase/migrations"
2025-06-09T06:55:11.530918Z  INFO scan_sources: tailwindcss_oxide::scanner: Discovering "/home/eren/Documents/Cline/cherrygifts.chat/cherrygifts-chat/supabase/migrations/001_initial_schema.sql"
2025-06-09T06:55:11.530950Z  INFO scan_sources: tailwindcss_oxide::scanner: Discovering "/home/eren/Documents/Cline/cherrygifts.chat/cherrygifts-chat/eslint.config.mjs"
2025-06-09T06:55:11.530976Z  INFO scan_sources: tailwindcss_oxide::scanner: Discovering "/home/eren/Documents/Cline/cherrygifts.chat/cherrygifts-chat/uidesign"
2025-06-09T06:55:11.531006Z  INFO scan_sources: tailwindcss_oxide::scanner: Discovering "/home/eren/Documents/Cline/cherrygifts.chat/cherrygifts-chat/uidesign/privatemessage.html"
2025-06-09T06:55:11.531025Z  INFO scan_sources: tailwindcss_oxide::scanner: Discovering "/home/eren/Documents/Cline/cherrygifts.chat/cherrygifts-chat/uidesign/messages.html"
2025-06-09T06:55:11.531044Z  INFO scan_sources: tailwindcss_oxide::scanner: Discovering "/home/eren/Documents/Cline/cherrygifts.chat/cherrygifts-chat/uidesign/login.html"
2025-06-09T06:55:11.531069Z  INFO scan_sources: tailwindcss_oxide::scanner: Discovering "/home/eren/Documents/Cline/cherrygifts.chat/cherrygifts-chat/app"
2025-06-09T06:55:11.531106Z  INFO scan_sources: tailwindcss_oxide::scanner: Discovering "/home/eren/Documents/Cline/cherrygifts.chat/cherrygifts-chat/app/users"
2025-06-09T06:55:11.531135Z  INFO scan_sources: tailwindcss_oxide::scanner: Discovering "/home/eren/Documents/Cline/cherrygifts.chat/cherrygifts-chat/app/users/page.tsx"
2025-06-09T06:55:11.531160Z  INFO scan_sources: tailwindcss_oxide::scanner: Discovering "/home/eren/Documents/Cline/cherrygifts.chat/cherrygifts-chat/app/users/chat"
2025-06-09T06:55:11.531188Z  INFO scan_sources: tailwindcss_oxide::scanner: Discovering "/home/eren/Documents/Cline/cherrygifts.chat/cherrygifts-chat/app/users/chat/page.tsx"
2025-06-09T06:55:11.531213Z  INFO scan_sources: tailwindcss_oxide::scanner: Discovering "/home/eren/Documents/Cline/cherrygifts.chat/cherrygifts-chat/app/layout.tsx"
2025-06-09T06:55:11.531236Z  INFO scan_sources: tailwindcss_oxide::scanner: Discovering "/home/eren/Documents/Cline/cherrygifts.chat/cherrygifts-chat/app/api"
2025-06-09T06:55:11.531268Z  INFO scan_sources: tailwindcss_oxide::scanner: Discovering "/home/eren/Documents/Cline/cherrygifts.chat/cherrygifts-chat/app/api/messages"
2025-06-09T06:55:11.531302Z  INFO scan_sources: tailwindcss_oxide::scanner: Discovering "/home/eren/Documents/Cline/cherrygifts.chat/cherrygifts-chat/app/api/auth"
2025-06-09T06:55:11.531334Z  INFO scan_sources: tailwindcss_oxide::scanner: Discovering "/home/eren/Documents/Cline/cherrygifts.chat/cherrygifts-chat/app/globals.css"
2025-06-09T06:55:11.531358Z  INFO scan_sources: tailwindcss_oxide::scanner: Discovering "/home/eren/Documents/Cline/cherrygifts.chat/cherrygifts-chat/app/components"
2025-06-09T06:55:11.531391Z  INFO scan_sources: tailwindcss_oxide::scanner: Discovering "/home/eren/Documents/Cline/cherrygifts.chat/cherrygifts-chat/app/components/ui"
2025-06-09T06:55:11.531423Z  INFO scan_sources: tailwindcss_oxide::scanner: Discovering "/home/eren/Documents/Cline/cherrygifts.chat/cherrygifts-chat/app/components/ui/LanguageToggle.tsx"
2025-06-09T06:55:11.531443Z  INFO scan_sources: tailwindcss_oxide::scanner: Discovering "/home/eren/Documents/Cline/cherrygifts.chat/cherrygifts-chat/app/components/ui/NotificationToast.tsx"
2025-06-09T06:55:11.531471Z  INFO scan_sources: tailwindcss_oxide::scanner: Discovering "/home/eren/Documents/Cline/cherrygifts.chat/cherrygifts-chat/app/components/LocalizationProvider.tsx"
2025-06-09T06:55:11.531495Z  INFO scan_sources: tailwindcss_oxide::scanner: Discovering "/home/eren/Documents/Cline/cherrygifts.chat/cherrygifts-chat/app/components/instagram"
2025-06-09T06:55:11.531525Z  INFO scan_sources: tailwindcss_oxide::scanner: Discovering "/home/eren/Documents/Cline/cherrygifts.chat/cherrygifts-chat/app/components/instagram/InstagramButton.tsx"
2025-06-09T06:55:11.531545Z  INFO scan_sources: tailwindcss_oxide::scanner: Discovering "/home/eren/Documents/Cline/cherrygifts.chat/cherrygifts-chat/app/components/instagram/InstagramInput.tsx"
2025-06-09T06:55:11.531565Z  INFO scan_sources: tailwindcss_oxide::scanner: Discovering "/home/eren/Documents/Cline/cherrygifts.chat/cherrygifts-chat/app/components/instagram/index.ts"
2025-06-09T06:55:11.531585Z  INFO scan_sources: tailwindcss_oxide::scanner: Discovering "/home/eren/Documents/Cline/cherrygifts.chat/cherrygifts-chat/app/components/instagram/InstagramIcon.tsx"
2025-06-09T06:55:11.531612Z  INFO scan_sources: tailwindcss_oxide::scanner: Discovering "/home/eren/Documents/Cline/cherrygifts.chat/cherrygifts-chat/app/components/chat"
2025-06-09T06:55:11.531640Z  INFO scan_sources: tailwindcss_oxide::scanner: Discovering "/home/eren/Documents/Cline/cherrygifts.chat/cherrygifts-chat/app/components/chat/MessageBubble.tsx"
2025-06-09T06:55:11.531661Z  INFO scan_sources: tailwindcss_oxide::scanner: Discovering "/home/eren/Documents/Cline/cherrygifts.chat/cherrygifts-chat/app/components/chat/MessageStatusTest.tsx"
2025-06-09T06:55:11.531680Z  INFO scan_sources: tailwindcss_oxide::scanner: Discovering "/home/eren/Documents/Cline/cherrygifts.chat/cherrygifts-chat/app/components/chat/MessageList.tsx"
2025-06-09T06:55:11.531699Z  INFO scan_sources: tailwindcss_oxide::scanner: Discovering "/home/eren/Documents/Cline/cherrygifts.chat/cherrygifts-chat/app/components/chat/TypingIndicator.tsx"
2025-06-09T06:55:11.531726Z  INFO scan_sources: tailwindcss_oxide::scanner: Discovering "/home/eren/Documents/Cline/cherrygifts.chat/cherrygifts-chat/app/components/admin"
2025-06-09T06:55:11.531762Z  INFO scan_sources: tailwindcss_oxide::scanner: Discovering "/home/eren/Documents/Cline/cherrygifts.chat/cherrygifts-chat/app/test"
2025-06-09T06:55:11.531803Z  INFO scan_sources: tailwindcss_oxide::scanner: Discovering "/home/eren/Documents/Cline/cherrygifts.chat/cherrygifts-chat/app/test/typing"
2025-06-09T06:55:11.531835Z  INFO scan_sources: tailwindcss_oxide::scanner: Discovering "/home/eren/Documents/Cline/cherrygifts.chat/cherrygifts-chat/app/test/typing/page.tsx"
2025-06-09T06:55:11.531858Z  INFO scan_sources: tailwindcss_oxide::scanner: Discovering "/home/eren/Documents/Cline/cherrygifts.chat/cherrygifts-chat/app/test/page.tsx"
2025-06-09T06:55:11.531882Z  INFO scan_sources: tailwindcss_oxide::scanner: Discovering "/home/eren/Documents/Cline/cherrygifts.chat/cherrygifts-chat/app/test/status"
2025-06-09T06:55:11.531910Z  INFO scan_sources: tailwindcss_oxide::scanner: Discovering "/home/eren/Documents/Cline/cherrygifts.chat/cherrygifts-chat/app/test/status/page.tsx"
2025-06-09T06:55:11.531937Z  INFO scan_sources: tailwindcss_oxide::scanner: Discovering "/home/eren/Documents/Cline/cherrygifts.chat/cherrygifts-chat/app/test/instagram"
2025-06-09T06:55:11.531965Z  INFO scan_sources: tailwindcss_oxide::scanner: Discovering "/home/eren/Documents/Cline/cherrygifts.chat/cherrygifts-chat/app/test/instagram/page.tsx"
2025-06-09T06:55:11.531992Z  INFO scan_sources: tailwindcss_oxide::scanner: Discovering "/home/eren/Documents/Cline/cherrygifts.chat/cherrygifts-chat/app/test/realtime"
2025-06-09T06:55:11.532020Z  INFO scan_sources: tailwindcss_oxide::scanner: Discovering "/home/eren/Documents/Cline/cherrygifts.chat/cherrygifts-chat/app/test/realtime/page.tsx"
2025-06-09T06:55:11.532044Z  INFO scan_sources: tailwindcss_oxide::scanner: Discovering "/home/eren/Documents/Cline/cherrygifts.chat/cherrygifts-chat/app/page.tsx"
2025-06-09T06:55:11.532072Z  INFO scan_sources: tailwindcss_oxide::scanner: Discovering "/home/eren/Documents/Cline/cherrygifts.chat/cherrygifts-chat/app/admin"
2025-06-09T06:55:11.532104Z  INFO scan_sources: tailwindcss_oxide::scanner: Discovering "/home/eren/Documents/Cline/cherrygifts.chat/cherrygifts-chat/app/admin/dashboard"
2025-06-09T06:55:11.532132Z  INFO scan_sources: tailwindcss_oxide::scanner: Discovering "/home/eren/Documents/Cline/cherrygifts.chat/cherrygifts-chat/app/admin/dashboard/page.tsx"
2025-06-09T06:55:11.532154Z  INFO scan_sources: tailwindcss_oxide::scanner: Discovering "/home/eren/Documents/Cline/cherrygifts.chat/cherrygifts-chat/app/admin/page.tsx"
2025-06-09T06:55:11.532184Z  INFO scan_sources: tailwindcss_oxide::scanner: Discovering "/home/eren/Documents/Cline/cherrygifts.chat/cherrygifts-chat/hooks"
2025-06-09T06:55:11.532213Z  INFO scan_sources: tailwindcss_oxide::scanner: Discovering "/home/eren/Documents/Cline/cherrygifts.chat/cherrygifts-chat/hooks/useMessages.ts"
2025-06-09T06:55:11.532232Z  INFO scan_sources: tailwindcss_oxide::scanner: Discovering "/home/eren/Documents/Cline/cherrygifts.chat/cherrygifts-chat/hooks/useIntersectionObserver.ts"
2025-06-09T06:55:11.532250Z  INFO scan_sources: tailwindcss_oxide::scanner: Discovering "/home/eren/Documents/Cline/cherrygifts.chat/cherrygifts-chat/hooks/useConversations.ts"
2025-06-09T06:55:11.532268Z  INFO scan_sources: tailwindcss_oxide::scanner: Discovering "/home/eren/Documents/Cline/cherrygifts.chat/cherrygifts-chat/hooks/usePushNotifications.ts"
2025-06-09T06:55:11.532289Z  INFO scan_sources: tailwindcss_oxide::scanner: Discovering "/home/eren/Documents/Cline/cherrygifts.chat/cherrygifts-chat/hooks/useTyping.ts"
2025-06-09T06:55:11.532307Z  INFO scan_sources: tailwindcss_oxide::scanner: Discovering "/home/eren/Documents/Cline/cherrygifts.chat/cherrygifts-chat/hooks/useOfflineQueue.ts"
2025-06-09T06:55:11.532326Z  INFO scan_sources: tailwindcss_oxide::scanner: Discovering "/home/eren/Documents/Cline/cherrygifts.chat/cherrygifts-chat/hooks/useNotifications.ts"
2025-06-09T06:55:11.532367Z  INFO scan_sources: tailwindcss_oxide::scanner: Discovering "/home/eren/Documents/Cline/cherrygifts.chat/cherrygifts-chat/middleware.ts"
2025-06-09T06:55:11.532386Z  INFO scan_sources: tailwindcss_oxide::scanner: Discovering "/home/eren/Documents/Cline/cherrygifts.chat/cherrygifts-chat/README.md"
2025-06-09T06:55:11.532408Z  INFO scan_sources: tailwindcss_oxide::scanner: Discovering "/home/eren/Documents/Cline/cherrygifts.chat/cherrygifts-chat/types"
2025-06-09T06:55:11.532438Z  INFO scan_sources: tailwindcss_oxide::scanner: Discovering "/home/eren/Documents/Cline/cherrygifts.chat/cherrygifts-chat/types/database.ts"
2025-06-09T06:55:11.532458Z  INFO scan_sources: tailwindcss_oxide::scanner: Discovering "/home/eren/Documents/Cline/cherrygifts.chat/cherrygifts-chat/types/index.ts"
2025-06-09T06:55:11.532487Z  INFO scan_sources: tailwindcss_oxide::scanner: exit
2025-06-09T06:55:11.532495Z  INFO extract_candidates: tailwindcss_oxide::scanner: enter
2025-06-09T06:55:11.532508Z  INFO extract_candidates:read_all_files: tailwindcss_oxide::scanner: enter
2025-06-09T06:55:11.532515Z  INFO extract_candidates:read_all_files: tailwindcss_oxide::scanner: Reading 57 file(s)
2025-06-09T06:55:11.533216Z  INFO tailwindcss_oxide::scanner: Reading "/home/eren/Documents/Cline/cherrygifts.chat/cherrygifts-chat/postcss.config.mjs"
2025-06-09T06:55:11.533248Z  INFO tailwindcss_oxide::scanner: Reading "/home/eren/Documents/Cline/cherrygifts.chat/cherrygifts-chat/app/admin/page.tsx"
2025-06-09T06:55:11.533226Z  INFO tailwindcss_oxide::scanner: Reading "/home/eren/Documents/Cline/cherrygifts.chat/cherrygifts-chat/public/manifest.json"
2025-06-09T06:55:11.533281Z  INFO tailwindcss_oxide::scanner: Reading "/home/eren/Documents/Cline/cherrygifts.chat/cherrygifts-chat/hooks/useMessages.ts"
2025-06-09T06:55:11.533220Z  INFO tailwindcss_oxide::scanner: Reading "/home/eren/Documents/Cline/cherrygifts.chat/cherrygifts-chat/lib/supabase-server.ts"
2025-06-09T06:55:11.533307Z  INFO tailwindcss_oxide::scanner: Reading "/home/eren/Documents/Cline/cherrygifts.chat/cherrygifts-chat/app/test/typing/page.tsx"
2025-06-09T06:55:11.533227Z  INFO tailwindcss_oxide::scanner: Reading "/home/eren/Documents/Cline/cherrygifts.chat/cherrygifts-chat/public/workbox-bb54ffba.js"
2025-06-09T06:55:11.533228Z  INFO tailwindcss_oxide::scanner: Reading "/home/eren/Documents/Cline/cherrygifts.chat/cherrygifts-chat/lib/debug.ts"
2025-06-09T06:55:11.533230Z  INFO tailwindcss_oxide::scanner: Reading "/home/eren/Documents/Cline/cherrygifts.chat/cherrygifts-chat/hooks/usePushNotifications.ts"
2025-06-09T06:55:11.533368Z  INFO tailwindcss_oxide::scanner: Reading "/home/eren/Documents/Cline/cherrygifts.chat/cherrygifts-chat/lib/supabase.ts"
2025-06-09T06:55:11.533233Z  INFO tailwindcss_oxide::scanner: Reading "/home/eren/Documents/Cline/cherrygifts.chat/cherrygifts-chat/lib/instagram.ts"
2025-06-09T06:55:11.533400Z  INFO tailwindcss_oxide::scanner: Reading "/home/eren/Documents/Cline/cherrygifts.chat/cherrygifts-chat/lib/i18n.ts"
2025-06-09T06:55:11.533412Z  INFO tailwindcss_oxide::scanner: Reading "/home/eren/Documents/Cline/cherrygifts.chat/cherrygifts-chat/public/next.svg"
2025-06-09T06:55:11.533236Z  INFO tailwindcss_oxide::scanner: Reading "/home/eren/Documents/Cline/cherrygifts.chat/cherrygifts-chat/tsconfig.json"
2025-06-09T06:55:11.533225Z  INFO tailwindcss_oxide::scanner: Reading "/home/eren/Documents/Cline/cherrygifts.chat/cherrygifts-chat/next.config.ts"
2025-06-09T06:55:11.533449Z  INFO tailwindcss_oxide::scanner: Reading "/home/eren/Documents/Cline/cherrygifts.chat/cherrygifts-chat/hooks/useOfflineQueue.ts"
2025-06-09T06:55:11.533253Z  INFO tailwindcss_oxide::scanner: Reading "/home/eren/Documents/Cline/cherrygifts.chat/cherrygifts-chat/public/vercel.svg"
2025-06-09T06:55:11.533466Z  INFO tailwindcss_oxide::scanner: Reading "/home/eren/Documents/Cline/cherrygifts.chat/cherrygifts-chat/public/window.svg"
2025-06-09T06:55:11.533269Z  INFO tailwindcss_oxide::scanner: Reading "/home/eren/Documents/Cline/cherrygifts.chat/cherrygifts-chat/hooks/useIntersectionObserver.ts"
2025-06-09T06:55:11.533487Z  INFO tailwindcss_oxide::scanner: Reading "/home/eren/Documents/Cline/cherrygifts.chat/cherrygifts-chat/public/file.svg"
2025-06-09T06:55:11.533302Z  INFO tailwindcss_oxide::scanner: Reading "/home/eren/Documents/Cline/cherrygifts.chat/cherrygifts-chat/app/page.tsx"
2025-06-09T06:55:11.533512Z  INFO tailwindcss_oxide::scanner: Reading "/home/eren/Documents/Cline/cherrygifts.chat/cherrygifts-chat/README.md"
2025-06-09T06:55:11.533522Z  INFO tailwindcss_oxide::scanner: Reading "/home/eren/Documents/Cline/cherrygifts.chat/cherrygifts-chat/app/components/instagram/InstagramInput.tsx"
2025-06-09T06:55:11.533533Z  INFO tailwindcss_oxide::scanner: Reading "/home/eren/Documents/Cline/cherrygifts.chat/cherrygifts-chat/types/index.ts"
2025-06-09T06:55:11.533542Z  INFO tailwindcss_oxide::scanner: Reading "/home/eren/Documents/Cline/cherrygifts.chat/cherrygifts-chat/app/components/instagram/index.ts"
2025-06-09T06:55:11.533550Z  INFO tailwindcss_oxide::scanner: Reading "/home/eren/Documents/Cline/cherrygifts.chat/cherrygifts-chat/app/test/status/page.tsx"
2025-06-09T06:55:11.533558Z  INFO tailwindcss_oxide::scanner: Reading "/home/eren/Documents/Cline/cherrygifts.chat/cherrygifts-chat/app/components/instagram/InstagramIcon.tsx"
2025-06-09T06:55:11.533239Z  INFO tailwindcss_oxide::scanner: Reading "/home/eren/Documents/Cline/cherrygifts.chat/cherrygifts-chat/app/components/chat/MessageStatusTest.tsx"
2025-06-09T06:55:11.533578Z  INFO tailwindcss_oxide::scanner: Reading "/home/eren/Documents/Cline/cherrygifts.chat/cherrygifts-chat/app/test/instagram/page.tsx"
2025-06-09T06:55:11.533429Z  INFO tailwindcss_oxide::scanner: Reading "/home/eren/Documents/Cline/cherrygifts.chat/cherrygifts-chat/middleware.ts"
2025-06-09T06:55:11.533429Z  INFO tailwindcss_oxide::scanner: Reading "/home/eren/Documents/Cline/cherrygifts.chat/cherrygifts-chat/scripts/generate-icons.js"
2025-06-09T06:55:11.533257Z  INFO tailwindcss_oxide::scanner: Reading "/home/eren/Documents/Cline/cherrygifts.chat/cherrygifts-chat/app/test/realtime/page.tsx"
2025-06-09T06:55:11.533629Z  INFO tailwindcss_oxide::scanner: Reading "/home/eren/Documents/Cline/cherrygifts.chat/cherrygifts-chat/package.json"
2025-06-09T06:55:11.533271Z  INFO tailwindcss_oxide::scanner: Reading "/home/eren/Documents/Cline/cherrygifts.chat/cherrygifts-chat/app/components/ui/NotificationToast.tsx"
2025-06-09T06:55:11.533487Z  INFO tailwindcss_oxide::scanner: Reading "/home/eren/Documents/Cline/cherrygifts.chat/cherrygifts-chat/public/sw.js"
2025-06-09T06:55:11.533666Z  INFO tailwindcss_oxide::scanner: Reading "/home/eren/Documents/Cline/cherrygifts.chat/cherrygifts-chat/supabase/migrations/001_initial_schema.sql"
2025-06-09T06:55:11.533326Z  INFO tailwindcss_oxide::scanner: Reading "/home/eren/Documents/Cline/cherrygifts.chat/cherrygifts-chat/hooks/useConversations.ts"
2025-06-09T06:55:11.533696Z  INFO tailwindcss_oxide::scanner: Reading "/home/eren/Documents/Cline/cherrygifts.chat/cherrygifts-chat/eslint.config.mjs"
2025-06-09T06:55:11.533358Z  INFO tailwindcss_oxide::scanner: Reading "/home/eren/Documents/Cline/cherrygifts.chat/cherrygifts-chat/app/admin/dashboard/page.tsx"
2025-06-09T06:55:11.533716Z  INFO tailwindcss_oxide::scanner: Reading "/home/eren/Documents/Cline/cherrygifts.chat/cherrygifts-chat/app/layout.tsx"
2025-06-09T06:55:11.533391Z  INFO tailwindcss_oxide::scanner: Reading "/home/eren/Documents/Cline/cherrygifts.chat/cherrygifts-chat/hooks/useTyping.ts"
2025-06-09T06:55:11.533744Z  INFO tailwindcss_oxide::scanner: Reading "/home/eren/Documents/Cline/cherrygifts.chat/cherrygifts-chat/uidesign/messages.html"
2025-06-09T06:55:11.533577Z  INFO tailwindcss_oxide::scanner: Reading "/home/eren/Documents/Cline/cherrygifts.chat/cherrygifts-chat/app/components/chat/MessageBubble.tsx"
2025-06-09T06:55:11.533764Z  INFO tailwindcss_oxide::scanner: Reading "/home/eren/Documents/Cline/cherrygifts.chat/cherrygifts-chat/uidesign/login.html"
2025-06-09T06:55:11.533600Z  INFO tailwindcss_oxide::scanner: Reading "/home/eren/Documents/Cline/cherrygifts.chat/cherrygifts-chat/app/components/chat/MessageList.tsx"
2025-06-09T06:55:11.533604Z  INFO tailwindcss_oxide::scanner: Reading "/home/eren/Documents/Cline/cherrygifts.chat/cherrygifts-chat/app/components/LocalizationProvider.tsx"
2025-06-09T06:55:11.533606Z  INFO tailwindcss_oxide::scanner: Reading "/home/eren/Documents/Cline/cherrygifts.chat/cherrygifts-chat/app/components/chat/TypingIndicator.tsx"
2025-06-09T06:55:11.533475Z  INFO tailwindcss_oxide::scanner: Reading "/home/eren/Documents/Cline/cherrygifts.chat/cherrygifts-chat/hooks/useNotifications.ts"
2025-06-09T06:55:11.533648Z  INFO tailwindcss_oxide::scanner: Reading "/home/eren/Documents/Cline/cherrygifts.chat/cherrygifts-chat/app/components/instagram/InstagramButton.tsx"
2025-06-09T06:55:11.533501Z  INFO tailwindcss_oxide::scanner: Reading "/home/eren/Documents/Cline/cherrygifts.chat/cherrygifts-chat/types/database.ts"
2025-06-09T06:55:11.533686Z  INFO tailwindcss_oxide::scanner: Reading "/home/eren/Documents/Cline/cherrygifts.chat/cherrygifts-chat/uidesign/privatemessage.html"
2025-06-09T06:55:11.533695Z  INFO tailwindcss_oxide::scanner: Reading "/home/eren/Documents/Cline/cherrygifts.chat/cherrygifts-chat/app/users/page.tsx"
2025-06-09T06:55:11.533331Z  INFO tailwindcss_oxide::scanner: Reading "/home/eren/Documents/Cline/cherrygifts.chat/cherrygifts-chat/app/test/page.tsx"
2025-06-09T06:55:11.533718Z  INFO tailwindcss_oxide::scanner: Reading "/home/eren/Documents/Cline/cherrygifts.chat/cherrygifts-chat/app/users/chat/page.tsx"
2025-06-09T06:55:11.533226Z  INFO tailwindcss_oxide::scanner: Reading "/home/eren/Documents/Cline/cherrygifts.chat/cherrygifts-chat/public/globe.svg"
2025-06-09T06:55:11.533237Z  INFO tailwindcss_oxide::scanner: Reading "/home/eren/Documents/Cline/cherrygifts.chat/cherrygifts-chat/public/icons/generate-icons.md"
2025-06-09T06:55:11.533748Z  INFO tailwindcss_oxide::scanner: Reading "/home/eren/Documents/Cline/cherrygifts.chat/cherrygifts-chat/app/components/ui/LanguageToggle.tsx"
2025-06-09T06:55:11.534030Z  INFO extract_candidates:read_all_files: tailwindcss_oxide::scanner: exit
2025-06-09T06:55:11.534044Z  INFO extract_candidates:parse_all_blobs: tailwindcss_oxide::scanner: enter
2025-06-09T06:55:11.534054Z  INFO extract_candidates:parse_all_blobs:extract: tailwindcss_oxide::scanner: enter
2025-06-09T06:55:11.535284Z  INFO extract_candidates:parse_all_blobs:extract: tailwindcss_oxide::scanner: exit
2025-06-09T06:55:11.535303Z  INFO extract_candidates:parse_all_blobs: tailwindcss_oxide::scanner: exit
2025-06-09T06:55:11.535310Z  INFO extract_candidates:read_all_files: tailwindcss_oxide::scanner: enter
2025-06-09T06:55:11.535317Z  INFO extract_candidates:read_all_files: tailwindcss_oxide::scanner: Reading 1 file(s)
2025-06-09T06:55:11.535337Z  INFO extract_candidates:read_all_files: tailwindcss_oxide::scanner: Reading "/home/eren/Documents/Cline/cherrygifts.chat/cherrygifts-chat/app/globals.css"
2025-06-09T06:55:11.535345Z  INFO extract_candidates:read_all_files: tailwindcss_oxide::scanner: exit
2025-06-09T06:55:11.535352Z  INFO extract_candidates:extract_css_variables: tailwindcss_oxide::scanner: enter
2025-06-09T06:55:11.535358Z  INFO extract_candidates:extract_css_variables:extract: tailwindcss_oxide::scanner: enter
2025-06-09T06:55:11.535439Z  INFO extract_candidates:extract_css_variables:extract: tailwindcss_oxide::scanner: exit
2025-06-09T06:55:11.535454Z  INFO extract_candidates:extract_css_variables: tailwindcss_oxide::scanner: exit
2025-06-09T06:55:11.536067Z  INFO extract_candidates: tailwindcss_oxide::scanner: exit
2025-06-09T06:55:11.536649Z  INFO get_files: tailwindcss_oxide::scanner: enter
2025-06-09T06:55:11.536661Z  INFO get_files:scan_sources: tailwindcss_oxide::scanner: enter
2025-06-09T06:55:11.536971Z  INFO get_files:scan_sources: tailwindcss_oxide::scanner: Discovering "/home/eren/Documents/Cline/cherrygifts.chat/cherrygifts-chat/public"
2025-06-09T06:55:11.537080Z  INFO get_files:scan_sources: tailwindcss_oxide::scanner: Discovering "/home/eren/Documents/Cline/cherrygifts.chat/cherrygifts-chat/public/icons"
2025-06-09T06:55:11.537219Z  INFO get_files:scan_sources: tailwindcss_oxide::scanner: Discovering "/home/eren/Documents/Cline/cherrygifts.chat/cherrygifts-chat/lib"
2025-06-09T06:55:11.537304Z  INFO get_files:scan_sources: tailwindcss_oxide::scanner: Discovering "/home/eren/Documents/Cline/cherrygifts.chat/cherrygifts-chat/scripts"
2025-06-09T06:55:11.537374Z  INFO get_files:scan_sources: tailwindcss_oxide::scanner: Discovering "/home/eren/Documents/Cline/cherrygifts.chat/cherrygifts-chat/utils"
2025-06-09T06:55:11.537412Z  INFO get_files:scan_sources: tailwindcss_oxide::scanner: Discovering "/home/eren/Documents/Cline/cherrygifts.chat/cherrygifts-chat/supabase"
2025-06-09T06:55:11.537443Z  INFO get_files:scan_sources: tailwindcss_oxide::scanner: Discovering "/home/eren/Documents/Cline/cherrygifts.chat/cherrygifts-chat/supabase/migrations"
2025-06-09T06:55:11.537507Z  INFO get_files:scan_sources: tailwindcss_oxide::scanner: Discovering "/home/eren/Documents/Cline/cherrygifts.chat/cherrygifts-chat/uidesign"
2025-06-09T06:55:11.537570Z  INFO get_files:scan_sources: tailwindcss_oxide::scanner: Discovering "/home/eren/Documents/Cline/cherrygifts.chat/cherrygifts-chat/app"
2025-06-09T06:55:11.537620Z  INFO get_files:scan_sources: tailwindcss_oxide::scanner: Discovering "/home/eren/Documents/Cline/cherrygifts.chat/cherrygifts-chat/app/users"
2025-06-09T06:55:11.537681Z  INFO get_files:scan_sources: tailwindcss_oxide::scanner: Discovering "/home/eren/Documents/Cline/cherrygifts.chat/cherrygifts-chat/app/users/chat"
2025-06-09T06:55:11.537757Z  INFO get_files:scan_sources: tailwindcss_oxide::scanner: Discovering "/home/eren/Documents/Cline/cherrygifts.chat/cherrygifts-chat/app/api"
2025-06-09T06:55:11.537800Z  INFO get_files:scan_sources: tailwindcss_oxide::scanner: Discovering "/home/eren/Documents/Cline/cherrygifts.chat/cherrygifts-chat/app/api/messages"
2025-06-09T06:55:11.537855Z  INFO get_files:scan_sources: tailwindcss_oxide::scanner: Discovering "/home/eren/Documents/Cline/cherrygifts.chat/cherrygifts-chat/app/api/auth"
2025-06-09T06:55:11.537919Z  INFO get_files:scan_sources: tailwindcss_oxide::scanner: Discovering "/home/eren/Documents/Cline/cherrygifts.chat/cherrygifts-chat/app/components"
2025-06-09T06:55:11.537965Z  INFO get_files:scan_sources: tailwindcss_oxide::scanner: Discovering "/home/eren/Documents/Cline/cherrygifts.chat/cherrygifts-chat/app/components/ui"
2025-06-09T06:55:11.538031Z  INFO get_files:scan_sources: tailwindcss_oxide::scanner: Discovering "/home/eren/Documents/Cline/cherrygifts.chat/cherrygifts-chat/app/components/instagram"
2025-06-09T06:55:11.538102Z  INFO get_files:scan_sources: tailwindcss_oxide::scanner: Discovering "/home/eren/Documents/Cline/cherrygifts.chat/cherrygifts-chat/app/components/chat"
2025-06-09T06:55:11.538171Z  INFO get_files:scan_sources: tailwindcss_oxide::scanner: Discovering "/home/eren/Documents/Cline/cherrygifts.chat/cherrygifts-chat/app/components/admin"
2025-06-09T06:55:11.538207Z  INFO get_files:scan_sources: tailwindcss_oxide::scanner: Discovering "/home/eren/Documents/Cline/cherrygifts.chat/cherrygifts-chat/app/test"
2025-06-09T06:55:11.538239Z  INFO get_files:scan_sources: tailwindcss_oxide::scanner: Discovering "/home/eren/Documents/Cline/cherrygifts.chat/cherrygifts-chat/app/test/typing"
2025-06-09T06:55:11.538291Z  INFO get_files:scan_sources: tailwindcss_oxide::scanner: Discovering "/home/eren/Documents/Cline/cherrygifts.chat/cherrygifts-chat/app/test/status"
2025-06-09T06:55:11.538333Z  INFO get_files:scan_sources: tailwindcss_oxide::scanner: Discovering "/home/eren/Documents/Cline/cherrygifts.chat/cherrygifts-chat/app/test/instagram"
2025-06-09T06:55:11.538376Z  INFO get_files:scan_sources: tailwindcss_oxide::scanner: Discovering "/home/eren/Documents/Cline/cherrygifts.chat/cherrygifts-chat/app/test/realtime"
2025-06-09T06:55:11.538428Z  INFO get_files:scan_sources: tailwindcss_oxide::scanner: Discovering "/home/eren/Documents/Cline/cherrygifts.chat/cherrygifts-chat/app/admin"
2025-06-09T06:55:11.538460Z  INFO get_files:scan_sources: tailwindcss_oxide::scanner: Discovering "/home/eren/Documents/Cline/cherrygifts.chat/cherrygifts-chat/app/admin/dashboard"
2025-06-09T06:55:11.538517Z  INFO get_files:scan_sources: tailwindcss_oxide::scanner: Discovering "/home/eren/Documents/Cline/cherrygifts.chat/cherrygifts-chat/hooks"
2025-06-09T06:55:11.538640Z  INFO get_files:scan_sources: tailwindcss_oxide::scanner: Discovering "/home/eren/Documents/Cline/cherrygifts.chat/cherrygifts-chat/types"
2025-06-09T06:55:11.538694Z  INFO get_files:scan_sources: tailwindcss_oxide::scanner: exit
2025-06-09T06:55:11.538798Z  INFO get_files: tailwindcss_oxide::scanner: exit
2025-06-09T06:55:11.538934Z  INFO get_globs: tailwindcss_oxide::scanner: enter
2025-06-09T06:55:11.538944Z  INFO get_globs:scan_sources: tailwindcss_oxide::scanner: enter
2025-06-09T06:55:11.539230Z  INFO get_globs:scan_sources: tailwindcss_oxide::scanner: Discovering "/home/eren/Documents/Cline/cherrygifts.chat/cherrygifts-chat/public"
2025-06-09T06:55:11.539333Z  INFO get_globs:scan_sources: tailwindcss_oxide::scanner: Discovering "/home/eren/Documents/Cline/cherrygifts.chat/cherrygifts-chat/public/icons"
2025-06-09T06:55:11.539437Z  INFO get_globs:scan_sources: tailwindcss_oxide::scanner: Discovering "/home/eren/Documents/Cline/cherrygifts.chat/cherrygifts-chat/lib"
2025-06-09T06:55:11.539510Z  INFO get_globs:scan_sources: tailwindcss_oxide::scanner: Discovering "/home/eren/Documents/Cline/cherrygifts.chat/cherrygifts-chat/scripts"
2025-06-09T06:55:11.539574Z  INFO get_globs:scan_sources: tailwindcss_oxide::scanner: Discovering "/home/eren/Documents/Cline/cherrygifts.chat/cherrygifts-chat/utils"
2025-06-09T06:55:11.539609Z  INFO get_globs:scan_sources: tailwindcss_oxide::scanner: Discovering "/home/eren/Documents/Cline/cherrygifts.chat/cherrygifts-chat/supabase"
2025-06-09T06:55:11.539640Z  INFO get_globs:scan_sources: tailwindcss_oxide::scanner: Discovering "/home/eren/Documents/Cline/cherrygifts.chat/cherrygifts-chat/supabase/migrations"
2025-06-09T06:55:11.539706Z  INFO get_globs:scan_sources: tailwindcss_oxide::scanner: Discovering "/home/eren/Documents/Cline/cherrygifts.chat/cherrygifts-chat/uidesign"
2025-06-09T06:55:11.539765Z  INFO get_globs:scan_sources: tailwindcss_oxide::scanner: Discovering "/home/eren/Documents/Cline/cherrygifts.chat/cherrygifts-chat/app"
2025-06-09T06:55:11.539811Z  INFO get_globs:scan_sources: tailwindcss_oxide::scanner: Discovering "/home/eren/Documents/Cline/cherrygifts.chat/cherrygifts-chat/app/users"
2025-06-09T06:55:11.539856Z  INFO get_globs:scan_sources: tailwindcss_oxide::scanner: Discovering "/home/eren/Documents/Cline/cherrygifts.chat/cherrygifts-chat/app/users/chat"
2025-06-09T06:55:11.539908Z  INFO get_globs:scan_sources: tailwindcss_oxide::scanner: Discovering "/home/eren/Documents/Cline/cherrygifts.chat/cherrygifts-chat/app/api"
2025-06-09T06:55:11.539940Z  INFO get_globs:scan_sources: tailwindcss_oxide::scanner: Discovering "/home/eren/Documents/Cline/cherrygifts.chat/cherrygifts-chat/app/api/messages"
2025-06-09T06:55:11.539973Z  INFO get_globs:scan_sources: tailwindcss_oxide::scanner: Discovering "/home/eren/Documents/Cline/cherrygifts.chat/cherrygifts-chat/app/api/auth"
2025-06-09T06:55:11.540015Z  INFO get_globs:scan_sources: tailwindcss_oxide::scanner: Discovering "/home/eren/Documents/Cline/cherrygifts.chat/cherrygifts-chat/app/components"
2025-06-09T06:55:11.540047Z  INFO get_globs:scan_sources: tailwindcss_oxide::scanner: Discovering "/home/eren/Documents/Cline/cherrygifts.chat/cherrygifts-chat/app/components/ui"
2025-06-09T06:55:11.540107Z  INFO get_globs:scan_sources: tailwindcss_oxide::scanner: Discovering "/home/eren/Documents/Cline/cherrygifts.chat/cherrygifts-chat/app/components/instagram"
2025-06-09T06:55:11.540174Z  INFO get_globs:scan_sources: tailwindcss_oxide::scanner: Discovering "/home/eren/Documents/Cline/cherrygifts.chat/cherrygifts-chat/app/components/chat"
2025-06-09T06:55:11.540241Z  INFO get_globs:scan_sources: tailwindcss_oxide::scanner: Discovering "/home/eren/Documents/Cline/cherrygifts.chat/cherrygifts-chat/app/components/admin"
2025-06-09T06:55:11.540275Z  INFO get_globs:scan_sources: tailwindcss_oxide::scanner: Discovering "/home/eren/Documents/Cline/cherrygifts.chat/cherrygifts-chat/app/test"
2025-06-09T06:55:11.540307Z  INFO get_globs:scan_sources: tailwindcss_oxide::scanner: Discovering "/home/eren/Documents/Cline/cherrygifts.chat/cherrygifts-chat/app/test/typing"
2025-06-09T06:55:11.540356Z  INFO get_globs:scan_sources: tailwindcss_oxide::scanner: Discovering "/home/eren/Documents/Cline/cherrygifts.chat/cherrygifts-chat/app/test/status"
2025-06-09T06:55:11.540397Z  INFO get_globs:scan_sources: tailwindcss_oxide::scanner: Discovering "/home/eren/Documents/Cline/cherrygifts.chat/cherrygifts-chat/app/test/instagram"
2025-06-09T06:55:11.540439Z  INFO get_globs:scan_sources: tailwindcss_oxide::scanner: Discovering "/home/eren/Documents/Cline/cherrygifts.chat/cherrygifts-chat/app/test/realtime"
2025-06-09T06:55:11.540488Z  INFO get_globs:scan_sources: tailwindcss_oxide::scanner: Discovering "/home/eren/Documents/Cline/cherrygifts.chat/cherrygifts-chat/app/admin"
2025-06-09T06:55:11.540519Z  INFO get_globs:scan_sources: tailwindcss_oxide::scanner: Discovering "/home/eren/Documents/Cline/cherrygifts.chat/cherrygifts-chat/app/admin/dashboard"
2025-06-09T06:55:11.540574Z  INFO get_globs:scan_sources: tailwindcss_oxide::scanner: Discovering "/home/eren/Documents/Cline/cherrygifts.chat/cherrygifts-chat/hooks"
2025-06-09T06:55:11.540691Z  INFO get_globs:scan_sources: tailwindcss_oxide::scanner: Discovering "/home/eren/Documents/Cline/cherrygifts.chat/cherrygifts-chat/types"
2025-06-09T06:55:11.540741Z  INFO get_globs:scan_sources: tailwindcss_oxide::scanner: exit
2025-06-09T06:55:11.542611Z  INFO get_globs: tailwindcss_oxide::scanner: exit
