2025-06-09T07:46:43.069962Z  INFO tailwindcss_oxide::scanner: Provided sources:
2025-06-09T07:46:43.070035Z  INFO tailwindcss_oxide::scanner: Source: PublicSourceEntry { base: "/home/eren/Documents/Cline/cherrygifts.chat/cherrygifts-chat", pattern: "**/*", negated: false }
2025-06-09T07:46:43.070114Z  INFO tailwindcss_oxide::scanner: Optimized sources:
2025-06-09T07:46:43.070134Z  INFO tailwindcss_oxide::scanner: Source: Auto { base: "/home/eren/Documents/Cline/cherrygifts.chat/cherrygifts-chat" }
2025-06-09T07:46:43.071151Z  INFO scan_sources: tailwindcss_oxide::scanner: enter
2025-06-09T07:46:43.071489Z  INFO scan_sources: tailwindcss_oxide::scanner: Discovering "/home/eren/Documents/Cline/cherrygifts.chat/cherrygifts-chat/tsconfig.json"
2025-06-09T07:46:43.071520Z  INFO scan_sources: tailwindcss_oxide::scanner: Discovering "/home/eren/Documents/Cline/cherrygifts.chat/cherrygifts-chat/public"
2025-06-09T07:46:43.071557Z  INFO scan_sources: tailwindcss_oxide::scanner: Discovering "/home/eren/Documents/Cline/cherrygifts.chat/cherrygifts-chat/public/globe.svg"
2025-06-09T07:46:43.071578Z  INFO scan_sources: tailwindcss_oxide::scanner: Discovering "/home/eren/Documents/Cline/cherrygifts.chat/cherrygifts-chat/public/manifest.json"
2025-06-09T07:46:43.071598Z  INFO scan_sources: tailwindcss_oxide::scanner: Discovering "/home/eren/Documents/Cline/cherrygifts.chat/cherrygifts-chat/public/vercel.svg"
2025-06-09T07:46:43.071619Z  INFO scan_sources: tailwindcss_oxide::scanner: Discovering "/home/eren/Documents/Cline/cherrygifts.chat/cherrygifts-chat/public/sw.js"
2025-06-09T07:46:43.071639Z  INFO scan_sources: tailwindcss_oxide::scanner: Discovering "/home/eren/Documents/Cline/cherrygifts.chat/cherrygifts-chat/public/window.svg"
2025-06-09T07:46:43.071660Z  INFO scan_sources: tailwindcss_oxide::scanner: Discovering "/home/eren/Documents/Cline/cherrygifts.chat/cherrygifts-chat/public/file.svg"
2025-06-09T07:46:43.071680Z  INFO scan_sources: tailwindcss_oxide::scanner: Discovering "/home/eren/Documents/Cline/cherrygifts.chat/cherrygifts-chat/public/workbox-bb54ffba.js"
2025-06-09T07:46:43.071704Z  INFO scan_sources: tailwindcss_oxide::scanner: Discovering "/home/eren/Documents/Cline/cherrygifts.chat/cherrygifts-chat/public/icons"
2025-06-09T07:46:43.071745Z  INFO scan_sources: tailwindcss_oxide::scanner: Discovering "/home/eren/Documents/Cline/cherrygifts.chat/cherrygifts-chat/public/icons/generate-icons.md"
2025-06-09T07:46:43.071778Z  INFO scan_sources: tailwindcss_oxide::scanner: Discovering "/home/eren/Documents/Cline/cherrygifts.chat/cherrygifts-chat/public/next.svg"
2025-06-09T07:46:43.071810Z  INFO scan_sources: tailwindcss_oxide::scanner: Discovering "/home/eren/Documents/Cline/cherrygifts.chat/cherrygifts-chat/postcss.config.mjs"
2025-06-09T07:46:43.071846Z  INFO scan_sources: tailwindcss_oxide::scanner: Discovering "/home/eren/Documents/Cline/cherrygifts.chat/cherrygifts-chat/next.config.ts"
2025-06-09T07:46:43.071870Z  INFO scan_sources: tailwindcss_oxide::scanner: Discovering "/home/eren/Documents/Cline/cherrygifts.chat/cherrygifts-chat/lib"
2025-06-09T07:46:43.071900Z  INFO scan_sources: tailwindcss_oxide::scanner: Discovering "/home/eren/Documents/Cline/cherrygifts.chat/cherrygifts-chat/lib/instagram.ts"
2025-06-09T07:46:43.071919Z  INFO scan_sources: tailwindcss_oxide::scanner: Discovering "/home/eren/Documents/Cline/cherrygifts.chat/cherrygifts-chat/lib/supabase-server.ts"
2025-06-09T07:46:43.071939Z  INFO scan_sources: tailwindcss_oxide::scanner: Discovering "/home/eren/Documents/Cline/cherrygifts.chat/cherrygifts-chat/lib/debug.ts"
2025-06-09T07:46:43.071958Z  INFO scan_sources: tailwindcss_oxide::scanner: Discovering "/home/eren/Documents/Cline/cherrygifts.chat/cherrygifts-chat/lib/supabase.ts"
2025-06-09T07:46:43.071975Z  INFO scan_sources: tailwindcss_oxide::scanner: Discovering "/home/eren/Documents/Cline/cherrygifts.chat/cherrygifts-chat/lib/i18n.ts"
2025-06-09T07:46:43.072002Z  INFO scan_sources: tailwindcss_oxide::scanner: Discovering "/home/eren/Documents/Cline/cherrygifts.chat/cherrygifts-chat/scripts"
2025-06-09T07:46:43.072034Z  INFO scan_sources: tailwindcss_oxide::scanner: Discovering "/home/eren/Documents/Cline/cherrygifts.chat/cherrygifts-chat/scripts/fix-and-test.sh"
2025-06-09T07:46:43.072061Z  INFO scan_sources: tailwindcss_oxide::scanner: Discovering "/home/eren/Documents/Cline/cherrygifts.chat/cherrygifts-chat/scripts/disable-rls-dev.sql"
2025-06-09T07:46:43.072081Z  INFO scan_sources: tailwindcss_oxide::scanner: Discovering "/home/eren/Documents/Cline/cherrygifts.chat/cherrygifts-chat/scripts/enable-rls-prod.sql"
2025-06-09T07:46:43.072099Z  INFO scan_sources: tailwindcss_oxide::scanner: Discovering "/home/eren/Documents/Cline/cherrygifts.chat/cherrygifts-chat/scripts/setup-auth.js"
2025-06-09T07:46:43.072117Z  INFO scan_sources: tailwindcss_oxide::scanner: Discovering "/home/eren/Documents/Cline/cherrygifts.chat/cherrygifts-chat/scripts/test-supabase.js"
2025-06-09T07:46:43.072135Z  INFO scan_sources: tailwindcss_oxide::scanner: Discovering "/home/eren/Documents/Cline/cherrygifts.chat/cherrygifts-chat/scripts/create-admin.js"
2025-06-09T07:46:43.072153Z  INFO scan_sources: tailwindcss_oxide::scanner: Discovering "/home/eren/Documents/Cline/cherrygifts.chat/cherrygifts-chat/scripts/fix-database.sql"
2025-06-09T07:46:43.072171Z  INFO scan_sources: tailwindcss_oxide::scanner: Discovering "/home/eren/Documents/Cline/cherrygifts.chat/cherrygifts-chat/scripts/debug-user.js"
2025-06-09T07:46:43.072191Z  INFO scan_sources: tailwindcss_oxide::scanner: Discovering "/home/eren/Documents/Cline/cherrygifts.chat/cherrygifts-chat/scripts/quick-setup.sh"
2025-06-09T07:46:43.072209Z  INFO scan_sources: tailwindcss_oxide::scanner: Discovering "/home/eren/Documents/Cline/cherrygifts.chat/cherrygifts-chat/scripts/simple-fix.sql"
2025-06-09T07:46:43.072227Z  INFO scan_sources: tailwindcss_oxide::scanner: Discovering "/home/eren/Documents/Cline/cherrygifts.chat/cherrygifts-chat/scripts/generate-icons.js"
2025-06-09T07:46:43.072267Z  INFO scan_sources: tailwindcss_oxide::scanner: Discovering "/home/eren/Documents/Cline/cherrygifts.chat/cherrygifts-chat/package.json"
2025-06-09T07:46:43.072291Z  INFO scan_sources: tailwindcss_oxide::scanner: Discovering "/home/eren/Documents/Cline/cherrygifts.chat/cherrygifts-chat/utils"
2025-06-09T07:46:43.072328Z  INFO scan_sources: tailwindcss_oxide::scanner: Discovering "/home/eren/Documents/Cline/cherrygifts.chat/cherrygifts-chat/supabase"
2025-06-09T07:46:43.072360Z  INFO scan_sources: tailwindcss_oxide::scanner: Discovering "/home/eren/Documents/Cline/cherrygifts.chat/cherrygifts-chat/supabase/migrations"
2025-06-09T07:46:43.072389Z  INFO scan_sources: tailwindcss_oxide::scanner: Discovering "/home/eren/Documents/Cline/cherrygifts.chat/cherrygifts-chat/supabase/migrations/001_initial_schema.sql"
2025-06-09T07:46:43.072421Z  INFO scan_sources: tailwindcss_oxide::scanner: Discovering "/home/eren/Documents/Cline/cherrygifts.chat/cherrygifts-chat/eslint.config.mjs"
2025-06-09T07:46:43.072447Z  INFO scan_sources: tailwindcss_oxide::scanner: Discovering "/home/eren/Documents/Cline/cherrygifts.chat/cherrygifts-chat/uidesign"
2025-06-09T07:46:43.072476Z  INFO scan_sources: tailwindcss_oxide::scanner: Discovering "/home/eren/Documents/Cline/cherrygifts.chat/cherrygifts-chat/uidesign/privatemessage.html"
2025-06-09T07:46:43.072495Z  INFO scan_sources: tailwindcss_oxide::scanner: Discovering "/home/eren/Documents/Cline/cherrygifts.chat/cherrygifts-chat/uidesign/messages.html"
2025-06-09T07:46:43.072514Z  INFO scan_sources: tailwindcss_oxide::scanner: Discovering "/home/eren/Documents/Cline/cherrygifts.chat/cherrygifts-chat/uidesign/login.html"
2025-06-09T07:46:43.072538Z  INFO scan_sources: tailwindcss_oxide::scanner: Discovering "/home/eren/Documents/Cline/cherrygifts.chat/cherrygifts-chat/app"
2025-06-09T07:46:43.072575Z  INFO scan_sources: tailwindcss_oxide::scanner: Discovering "/home/eren/Documents/Cline/cherrygifts.chat/cherrygifts-chat/app/users"
2025-06-09T07:46:43.072604Z  INFO scan_sources: tailwindcss_oxide::scanner: Discovering "/home/eren/Documents/Cline/cherrygifts.chat/cherrygifts-chat/app/users/page.tsx"
2025-06-09T07:46:43.072632Z  INFO scan_sources: tailwindcss_oxide::scanner: Discovering "/home/eren/Documents/Cline/cherrygifts.chat/cherrygifts-chat/app/users/chat"
2025-06-09T07:46:43.072661Z  INFO scan_sources: tailwindcss_oxide::scanner: Discovering "/home/eren/Documents/Cline/cherrygifts.chat/cherrygifts-chat/app/users/chat/page.tsx"
2025-06-09T07:46:43.072685Z  INFO scan_sources: tailwindcss_oxide::scanner: Discovering "/home/eren/Documents/Cline/cherrygifts.chat/cherrygifts-chat/app/layout.tsx"
2025-06-09T07:46:43.072708Z  INFO scan_sources: tailwindcss_oxide::scanner: Discovering "/home/eren/Documents/Cline/cherrygifts.chat/cherrygifts-chat/app/api"
2025-06-09T07:46:43.072741Z  INFO scan_sources: tailwindcss_oxide::scanner: Discovering "/home/eren/Documents/Cline/cherrygifts.chat/cherrygifts-chat/app/api/messages"
2025-06-09T07:46:43.072774Z  INFO scan_sources: tailwindcss_oxide::scanner: Discovering "/home/eren/Documents/Cline/cherrygifts.chat/cherrygifts-chat/app/api/auth"
2025-06-09T07:46:43.072810Z  INFO scan_sources: tailwindcss_oxide::scanner: Discovering "/home/eren/Documents/Cline/cherrygifts.chat/cherrygifts-chat/app/globals.css"
2025-06-09T07:46:43.072836Z  INFO scan_sources: tailwindcss_oxide::scanner: Discovering "/home/eren/Documents/Cline/cherrygifts.chat/cherrygifts-chat/app/components"
2025-06-09T07:46:43.072871Z  INFO scan_sources: tailwindcss_oxide::scanner: Discovering "/home/eren/Documents/Cline/cherrygifts.chat/cherrygifts-chat/app/components/ui"
2025-06-09T07:46:43.072900Z  INFO scan_sources: tailwindcss_oxide::scanner: Discovering "/home/eren/Documents/Cline/cherrygifts.chat/cherrygifts-chat/app/components/ui/LanguageToggle.tsx"
2025-06-09T07:46:43.072920Z  INFO scan_sources: tailwindcss_oxide::scanner: Discovering "/home/eren/Documents/Cline/cherrygifts.chat/cherrygifts-chat/app/components/ui/NotificationToast.tsx"
2025-06-09T07:46:43.072943Z  INFO scan_sources: tailwindcss_oxide::scanner: Discovering "/home/eren/Documents/Cline/cherrygifts.chat/cherrygifts-chat/app/components/LocalizationProvider.tsx"
2025-06-09T07:46:43.072967Z  INFO scan_sources: tailwindcss_oxide::scanner: Discovering "/home/eren/Documents/Cline/cherrygifts.chat/cherrygifts-chat/app/components/instagram"
2025-06-09T07:46:43.072996Z  INFO scan_sources: tailwindcss_oxide::scanner: Discovering "/home/eren/Documents/Cline/cherrygifts.chat/cherrygifts-chat/app/components/instagram/InstagramButton.tsx"
2025-06-09T07:46:43.073016Z  INFO scan_sources: tailwindcss_oxide::scanner: Discovering "/home/eren/Documents/Cline/cherrygifts.chat/cherrygifts-chat/app/components/instagram/InstagramInput.tsx"
2025-06-09T07:46:43.073035Z  INFO scan_sources: tailwindcss_oxide::scanner: Discovering "/home/eren/Documents/Cline/cherrygifts.chat/cherrygifts-chat/app/components/instagram/index.ts"
2025-06-09T07:46:43.073054Z  INFO scan_sources: tailwindcss_oxide::scanner: Discovering "/home/eren/Documents/Cline/cherrygifts.chat/cherrygifts-chat/app/components/instagram/InstagramIcon.tsx"
2025-06-09T07:46:43.073082Z  INFO scan_sources: tailwindcss_oxide::scanner: Discovering "/home/eren/Documents/Cline/cherrygifts.chat/cherrygifts-chat/app/components/chat"
2025-06-09T07:46:43.073111Z  INFO scan_sources: tailwindcss_oxide::scanner: Discovering "/home/eren/Documents/Cline/cherrygifts.chat/cherrygifts-chat/app/components/chat/MessageBubble.tsx"
2025-06-09T07:46:43.073132Z  INFO scan_sources: tailwindcss_oxide::scanner: Discovering "/home/eren/Documents/Cline/cherrygifts.chat/cherrygifts-chat/app/components/chat/MessageStatusTest.tsx"
2025-06-09T07:46:43.073151Z  INFO scan_sources: tailwindcss_oxide::scanner: Discovering "/home/eren/Documents/Cline/cherrygifts.chat/cherrygifts-chat/app/components/chat/MessageList.tsx"
2025-06-09T07:46:43.073169Z  INFO scan_sources: tailwindcss_oxide::scanner: Discovering "/home/eren/Documents/Cline/cherrygifts.chat/cherrygifts-chat/app/components/chat/TypingIndicator.tsx"
2025-06-09T07:46:43.073195Z  INFO scan_sources: tailwindcss_oxide::scanner: Discovering "/home/eren/Documents/Cline/cherrygifts.chat/cherrygifts-chat/app/components/admin"
2025-06-09T07:46:43.073235Z  INFO scan_sources: tailwindcss_oxide::scanner: Discovering "/home/eren/Documents/Cline/cherrygifts.chat/cherrygifts-chat/app/test"
2025-06-09T07:46:43.073268Z  INFO scan_sources: tailwindcss_oxide::scanner: Discovering "/home/eren/Documents/Cline/cherrygifts.chat/cherrygifts-chat/app/test/typing"
2025-06-09T07:46:43.073296Z  INFO scan_sources: tailwindcss_oxide::scanner: Discovering "/home/eren/Documents/Cline/cherrygifts.chat/cherrygifts-chat/app/test/typing/page.tsx"
2025-06-09T07:46:43.073318Z  INFO scan_sources: tailwindcss_oxide::scanner: Discovering "/home/eren/Documents/Cline/cherrygifts.chat/cherrygifts-chat/app/test/page.tsx"
2025-06-09T07:46:43.073341Z  INFO scan_sources: tailwindcss_oxide::scanner: Discovering "/home/eren/Documents/Cline/cherrygifts.chat/cherrygifts-chat/app/test/status"
2025-06-09T07:46:43.073369Z  INFO scan_sources: tailwindcss_oxide::scanner: Discovering "/home/eren/Documents/Cline/cherrygifts.chat/cherrygifts-chat/app/test/status/page.tsx"
2025-06-09T07:46:43.073395Z  INFO scan_sources: tailwindcss_oxide::scanner: Discovering "/home/eren/Documents/Cline/cherrygifts.chat/cherrygifts-chat/app/test/instagram"
2025-06-09T07:46:43.073423Z  INFO scan_sources: tailwindcss_oxide::scanner: Discovering "/home/eren/Documents/Cline/cherrygifts.chat/cherrygifts-chat/app/test/instagram/page.tsx"
2025-06-09T07:46:43.073451Z  INFO scan_sources: tailwindcss_oxide::scanner: Discovering "/home/eren/Documents/Cline/cherrygifts.chat/cherrygifts-chat/app/test/realtime"
2025-06-09T07:46:43.073478Z  INFO scan_sources: tailwindcss_oxide::scanner: Discovering "/home/eren/Documents/Cline/cherrygifts.chat/cherrygifts-chat/app/test/realtime/page.tsx"
2025-06-09T07:46:43.073502Z  INFO scan_sources: tailwindcss_oxide::scanner: Discovering "/home/eren/Documents/Cline/cherrygifts.chat/cherrygifts-chat/app/page.tsx"
2025-06-09T07:46:43.073524Z  INFO scan_sources: tailwindcss_oxide::scanner: Discovering "/home/eren/Documents/Cline/cherrygifts.chat/cherrygifts-chat/app/admin"
2025-06-09T07:46:43.073556Z  INFO scan_sources: tailwindcss_oxide::scanner: Discovering "/home/eren/Documents/Cline/cherrygifts.chat/cherrygifts-chat/app/admin/dashboard"
2025-06-09T07:46:43.073584Z  INFO scan_sources: tailwindcss_oxide::scanner: Discovering "/home/eren/Documents/Cline/cherrygifts.chat/cherrygifts-chat/app/admin/dashboard/page.tsx"
2025-06-09T07:46:43.073609Z  INFO scan_sources: tailwindcss_oxide::scanner: Discovering "/home/eren/Documents/Cline/cherrygifts.chat/cherrygifts-chat/app/admin/page.tsx"
2025-06-09T07:46:43.073641Z  INFO scan_sources: tailwindcss_oxide::scanner: Discovering "/home/eren/Documents/Cline/cherrygifts.chat/cherrygifts-chat/hooks"
2025-06-09T07:46:43.073671Z  INFO scan_sources: tailwindcss_oxide::scanner: Discovering "/home/eren/Documents/Cline/cherrygifts.chat/cherrygifts-chat/hooks/useMessages.ts"
2025-06-09T07:46:43.073690Z  INFO scan_sources: tailwindcss_oxide::scanner: Discovering "/home/eren/Documents/Cline/cherrygifts.chat/cherrygifts-chat/hooks/useIntersectionObserver.ts"
2025-06-09T07:46:43.073708Z  INFO scan_sources: tailwindcss_oxide::scanner: Discovering "/home/eren/Documents/Cline/cherrygifts.chat/cherrygifts-chat/hooks/useConversations.ts"
2025-06-09T07:46:43.073725Z  INFO scan_sources: tailwindcss_oxide::scanner: Discovering "/home/eren/Documents/Cline/cherrygifts.chat/cherrygifts-chat/hooks/usePushNotifications.ts"
2025-06-09T07:46:43.073743Z  INFO scan_sources: tailwindcss_oxide::scanner: Discovering "/home/eren/Documents/Cline/cherrygifts.chat/cherrygifts-chat/hooks/useTyping.ts"
2025-06-09T07:46:43.073761Z  INFO scan_sources: tailwindcss_oxide::scanner: Discovering "/home/eren/Documents/Cline/cherrygifts.chat/cherrygifts-chat/hooks/useOfflineQueue.ts"
2025-06-09T07:46:43.073779Z  INFO scan_sources: tailwindcss_oxide::scanner: Discovering "/home/eren/Documents/Cline/cherrygifts.chat/cherrygifts-chat/hooks/useNotifications.ts"
2025-06-09T07:46:43.073864Z  INFO scan_sources: tailwindcss_oxide::scanner: Discovering "/home/eren/Documents/Cline/cherrygifts.chat/cherrygifts-chat/middleware.ts"
2025-06-09T07:46:43.073902Z  INFO scan_sources: tailwindcss_oxide::scanner: Discovering "/home/eren/Documents/Cline/cherrygifts.chat/cherrygifts-chat/README.md"
2025-06-09T07:46:43.073927Z  INFO scan_sources: tailwindcss_oxide::scanner: Discovering "/home/eren/Documents/Cline/cherrygifts.chat/cherrygifts-chat/types"
2025-06-09T07:46:43.073957Z  INFO scan_sources: tailwindcss_oxide::scanner: Discovering "/home/eren/Documents/Cline/cherrygifts.chat/cherrygifts-chat/types/database.ts"
2025-06-09T07:46:43.073977Z  INFO scan_sources: tailwindcss_oxide::scanner: Discovering "/home/eren/Documents/Cline/cherrygifts.chat/cherrygifts-chat/types/index.ts"
2025-06-09T07:46:43.074006Z  INFO scan_sources: tailwindcss_oxide::scanner: exit
2025-06-09T07:46:43.074014Z  INFO extract_candidates: tailwindcss_oxide::scanner: enter
2025-06-09T07:46:43.074028Z  INFO extract_candidates:read_all_files: tailwindcss_oxide::scanner: enter
2025-06-09T07:46:43.074034Z  INFO extract_candidates:read_all_files: tailwindcss_oxide::scanner: Reading 67 file(s)
2025-06-09T07:46:43.074669Z  INFO tailwindcss_oxide::scanner: Reading "/home/eren/Documents/Cline/cherrygifts.chat/cherrygifts-chat/app/test/status/page.tsx"
2025-06-09T07:46:43.074692Z  INFO tailwindcss_oxide::scanner: Reading "/home/eren/Documents/Cline/cherrygifts.chat/cherrygifts-chat/hooks/useConversations.ts"
2025-06-09T07:46:43.074673Z  INFO tailwindcss_oxide::scanner: Reading "/home/eren/Documents/Cline/cherrygifts.chat/cherrygifts-chat/tsconfig.json"
2025-06-09T07:46:43.074737Z  INFO tailwindcss_oxide::scanner: Reading "/home/eren/Documents/Cline/cherrygifts.chat/cherrygifts-chat/hooks/usePushNotifications.ts"
2025-06-09T07:46:43.074748Z  INFO tailwindcss_oxide::scanner: Reading "/home/eren/Documents/Cline/cherrygifts.chat/cherrygifts-chat/public/vercel.svg"
2025-06-09T07:46:43.074758Z  INFO tailwindcss_oxide::scanner: Reading "/home/eren/Documents/Cline/cherrygifts.chat/cherrygifts-chat/hooks/useTyping.ts"
2025-06-09T07:46:43.074684Z  INFO tailwindcss_oxide::scanner: Reading "/home/eren/Documents/Cline/cherrygifts.chat/cherrygifts-chat/public/globe.svg"
2025-06-09T07:46:43.074685Z  INFO tailwindcss_oxide::scanner: Reading "/home/eren/Documents/Cline/cherrygifts.chat/cherrygifts-chat/public/manifest.json"
2025-06-09T07:46:43.074690Z  INFO tailwindcss_oxide::scanner: Reading "/home/eren/Documents/Cline/cherrygifts.chat/cherrygifts-chat/public/sw.js"
2025-06-09T07:46:43.074688Z  INFO tailwindcss_oxide::scanner: Reading "/home/eren/Documents/Cline/cherrygifts.chat/cherrygifts-chat/uidesign/login.html"
2025-06-09T07:46:43.074832Z  INFO tailwindcss_oxide::scanner: Reading "/home/eren/Documents/Cline/cherrygifts.chat/cherrygifts-chat/public/window.svg"
2025-06-09T07:46:43.074693Z  INFO tailwindcss_oxide::scanner: Reading "/home/eren/Documents/Cline/cherrygifts.chat/cherrygifts-chat/hooks/useMessages.ts"
2025-06-09T07:46:43.074862Z  INFO tailwindcss_oxide::scanner: Reading "/home/eren/Documents/Cline/cherrygifts.chat/cherrygifts-chat/app/users/page.tsx"
2025-06-09T07:46:43.074702Z  INFO tailwindcss_oxide::scanner: Reading "/home/eren/Documents/Cline/cherrygifts.chat/cherrygifts-chat/app/test/realtime/page.tsx"
2025-06-09T07:46:43.074892Z  INFO tailwindcss_oxide::scanner: Reading "/home/eren/Documents/Cline/cherrygifts.chat/cherrygifts-chat/app/users/chat/page.tsx"
2025-06-09T07:46:43.074703Z  INFO tailwindcss_oxide::scanner: Reading "/home/eren/Documents/Cline/cherrygifts.chat/cherrygifts-chat/hooks/useNotifications.ts"
2025-06-09T07:46:43.074709Z  INFO tailwindcss_oxide::scanner: Reading "/home/eren/Documents/Cline/cherrygifts.chat/cherrygifts-chat/lib/i18n.ts"
2025-06-09T07:46:43.074935Z  INFO tailwindcss_oxide::scanner: Reading "/home/eren/Documents/Cline/cherrygifts.chat/cherrygifts-chat/middleware.ts"
2025-06-09T07:46:43.074682Z  INFO tailwindcss_oxide::scanner: Reading "/home/eren/Documents/Cline/cherrygifts.chat/cherrygifts-chat/public/icons/generate-icons.md"
2025-06-09T07:46:43.074956Z  INFO tailwindcss_oxide::scanner: Reading "/home/eren/Documents/Cline/cherrygifts.chat/cherrygifts-chat/README.md"
2025-06-09T07:46:43.074776Z  INFO tailwindcss_oxide::scanner: Reading "/home/eren/Documents/Cline/cherrygifts.chat/cherrygifts-chat/app/components/chat/MessageStatusTest.tsx"
2025-06-09T07:46:43.074984Z  INFO tailwindcss_oxide::scanner: Reading "/home/eren/Documents/Cline/cherrygifts.chat/cherrygifts-chat/types/database.ts"
2025-06-09T07:46:43.074996Z  INFO tailwindcss_oxide::scanner: Reading "/home/eren/Documents/Cline/cherrygifts.chat/cherrygifts-chat/app/components/chat/MessageList.tsx"
2025-06-09T07:46:43.075005Z  INFO tailwindcss_oxide::scanner: Reading "/home/eren/Documents/Cline/cherrygifts.chat/cherrygifts-chat/types/index.ts"
2025-06-09T07:46:43.074836Z  INFO tailwindcss_oxide::scanner: Reading "/home/eren/Documents/Cline/cherrygifts.chat/cherrygifts-chat/public/workbox-bb54ffba.js"
2025-06-09T07:46:43.075028Z  INFO tailwindcss_oxide::scanner: Reading "/home/eren/Documents/Cline/cherrygifts.chat/cherrygifts-chat/scripts/debug-user.js"
2025-06-09T07:46:43.074694Z  INFO tailwindcss_oxide::scanner: Reading "/home/eren/Documents/Cline/cherrygifts.chat/cherrygifts-chat/app/admin/dashboard/page.tsx"
2025-06-09T07:46:43.074877Z  INFO tailwindcss_oxide::scanner: Reading "/home/eren/Documents/Cline/cherrygifts.chat/cherrygifts-chat/hooks/useIntersectionObserver.ts"
2025-06-09T07:46:43.074679Z  INFO tailwindcss_oxide::scanner: Reading "/home/eren/Documents/Cline/cherrygifts.chat/cherrygifts-chat/public/file.svg"
2025-06-09T07:46:43.075082Z  INFO tailwindcss_oxide::scanner: Reading "/home/eren/Documents/Cline/cherrygifts.chat/cherrygifts-chat/app/components/chat/MessageBubble.tsx"
2025-06-09T07:46:43.074912Z  INFO tailwindcss_oxide::scanner: Reading "/home/eren/Documents/Cline/cherrygifts.chat/cherrygifts-chat/app/layout.tsx"
2025-06-09T07:46:43.074720Z  INFO tailwindcss_oxide::scanner: Reading "/home/eren/Documents/Cline/cherrygifts.chat/cherrygifts-chat/app/page.tsx"
2025-06-09T07:46:43.075116Z  INFO tailwindcss_oxide::scanner: Reading "/home/eren/Documents/Cline/cherrygifts.chat/cherrygifts-chat/app/components/LocalizationProvider.tsx"
2025-06-09T07:46:43.075129Z  INFO tailwindcss_oxide::scanner: Reading "/home/eren/Documents/Cline/cherrygifts.chat/cherrygifts-chat/lib/supabase.ts"
2025-06-09T07:46:43.074966Z  INFO tailwindcss_oxide::scanner: Reading "/home/eren/Documents/Cline/cherrygifts.chat/cherrygifts-chat/public/next.svg"
2025-06-09T07:46:43.074777Z  INFO tailwindcss_oxide::scanner: Reading "/home/eren/Documents/Cline/cherrygifts.chat/cherrygifts-chat/hooks/useOfflineQueue.ts"
2025-06-09T07:46:43.075160Z  INFO tailwindcss_oxide::scanner: Reading "/home/eren/Documents/Cline/cherrygifts.chat/cherrygifts-chat/postcss.config.mjs"
2025-06-09T07:46:43.074807Z  INFO tailwindcss_oxide::scanner: Reading "/home/eren/Documents/Cline/cherrygifts.chat/cherrygifts-chat/lib/instagram.ts"
2025-06-09T07:46:43.075178Z  INFO tailwindcss_oxide::scanner: Reading "/home/eren/Documents/Cline/cherrygifts.chat/cherrygifts-chat/scripts/disable-rls-dev.sql"
2025-06-09T07:46:43.075020Z  INFO tailwindcss_oxide::scanner: Reading "/home/eren/Documents/Cline/cherrygifts.chat/cherrygifts-chat/app/components/chat/TypingIndicator.tsx"
2025-06-09T07:46:43.075196Z  INFO tailwindcss_oxide::scanner: Reading "/home/eren/Documents/Cline/cherrygifts.chat/cherrygifts-chat/lib/supabase-server.ts"
2025-06-09T07:46:43.075210Z  INFO tailwindcss_oxide::scanner: Reading "/home/eren/Documents/Cline/cherrygifts.chat/cherrygifts-chat/app/test/page.tsx"
2025-06-09T07:46:43.075051Z  INFO tailwindcss_oxide::scanner: Reading "/home/eren/Documents/Cline/cherrygifts.chat/cherrygifts-chat/app/test/typing/page.tsx"
2025-06-09T07:46:43.075230Z  INFO tailwindcss_oxide::scanner: Reading "/home/eren/Documents/Cline/cherrygifts.chat/cherrygifts-chat/app/components/ui/NotificationToast.tsx"
2025-06-09T07:46:43.074909Z  INFO tailwindcss_oxide::scanner: Reading "/home/eren/Documents/Cline/cherrygifts.chat/cherrygifts-chat/app/components/instagram/InstagramIcon.tsx"
2025-06-09T07:46:43.075095Z  INFO tailwindcss_oxide::scanner: Reading "/home/eren/Documents/Cline/cherrygifts.chat/cherrygifts-chat/app/components/ui/LanguageToggle.tsx"
2025-06-09T07:46:43.075109Z  INFO tailwindcss_oxide::scanner: Reading "/home/eren/Documents/Cline/cherrygifts.chat/cherrygifts-chat/scripts/setup-auth.js"
2025-06-09T07:46:43.074956Z  INFO tailwindcss_oxide::scanner: Reading "/home/eren/Documents/Cline/cherrygifts.chat/cherrygifts-chat/scripts/fix-and-test.sh"
2025-06-09T07:46:43.074683Z  INFO tailwindcss_oxide::scanner: Reading "/home/eren/Documents/Cline/cherrygifts.chat/cherrygifts-chat/app/components/instagram/InstagramInput.tsx"
2025-06-09T07:46:43.075134Z  INFO tailwindcss_oxide::scanner: Reading "/home/eren/Documents/Cline/cherrygifts.chat/cherrygifts-chat/app/components/instagram/InstagramButton.tsx"
2025-06-09T07:46:43.075146Z  INFO tailwindcss_oxide::scanner: Reading "/home/eren/Documents/Cline/cherrygifts.chat/cherrygifts-chat/app/components/instagram/index.ts"
2025-06-09T07:46:43.075327Z  INFO tailwindcss_oxide::scanner: Reading "/home/eren/Documents/Cline/cherrygifts.chat/cherrygifts-chat/scripts/fix-database.sql"
2025-06-09T07:46:43.075174Z  INFO tailwindcss_oxide::scanner: Reading "/home/eren/Documents/Cline/cherrygifts.chat/cherrygifts-chat/next.config.ts"
2025-06-09T07:46:43.074692Z  INFO tailwindcss_oxide::scanner: Reading "/home/eren/Documents/Cline/cherrygifts.chat/cherrygifts-chat/app/test/instagram/page.tsx"
2025-06-09T07:46:43.075199Z  INFO tailwindcss_oxide::scanner: Reading "/home/eren/Documents/Cline/cherrygifts.chat/cherrygifts-chat/scripts/enable-rls-prod.sql"
2025-06-09T07:46:43.074853Z  INFO tailwindcss_oxide::scanner: Reading "/home/eren/Documents/Cline/cherrygifts.chat/cherrygifts-chat/lib/debug.ts"
2025-06-09T07:46:43.075051Z  INFO tailwindcss_oxide::scanner: Reading "/home/eren/Documents/Cline/cherrygifts.chat/cherrygifts-chat/scripts/quick-setup.sh"
2025-06-09T07:46:43.075081Z  INFO tailwindcss_oxide::scanner: Reading "/home/eren/Documents/Cline/cherrygifts.chat/cherrygifts-chat/app/admin/page.tsx"
2025-06-09T07:46:43.075232Z  INFO tailwindcss_oxide::scanner: Reading "/home/eren/Documents/Cline/cherrygifts.chat/cherrygifts-chat/package.json"
2025-06-09T07:46:43.075240Z  INFO tailwindcss_oxide::scanner: Reading "/home/eren/Documents/Cline/cherrygifts.chat/cherrygifts-chat/scripts/simple-fix.sql"
2025-06-09T07:46:43.075261Z  INFO tailwindcss_oxide::scanner: Reading "/home/eren/Documents/Cline/cherrygifts.chat/cherrygifts-chat/scripts/generate-icons.js"
2025-06-09T07:46:43.075264Z  INFO tailwindcss_oxide::scanner: Reading "/home/eren/Documents/Cline/cherrygifts.chat/cherrygifts-chat/eslint.config.mjs"
2025-06-09T07:46:43.075288Z  INFO tailwindcss_oxide::scanner: Reading "/home/eren/Documents/Cline/cherrygifts.chat/cherrygifts-chat/uidesign/privatemessage.html"
2025-06-09T07:46:43.075291Z  INFO tailwindcss_oxide::scanner: Reading "/home/eren/Documents/Cline/cherrygifts.chat/cherrygifts-chat/scripts/test-supabase.js"
2025-06-09T07:46:43.075321Z  INFO tailwindcss_oxide::scanner: Reading "/home/eren/Documents/Cline/cherrygifts.chat/cherrygifts-chat/scripts/create-admin.js"
2025-06-09T07:46:43.075322Z  INFO tailwindcss_oxide::scanner: Reading "/home/eren/Documents/Cline/cherrygifts.chat/cherrygifts-chat/uidesign/messages.html"
2025-06-09T07:46:43.075347Z  INFO tailwindcss_oxide::scanner: Reading "/home/eren/Documents/Cline/cherrygifts.chat/cherrygifts-chat/supabase/migrations/001_initial_schema.sql"
2025-06-09T07:46:43.075614Z  INFO extract_candidates:read_all_files: tailwindcss_oxide::scanner: exit
2025-06-09T07:46:43.075630Z  INFO extract_candidates:parse_all_blobs: tailwindcss_oxide::scanner: enter
2025-06-09T07:46:43.075641Z  INFO extract_candidates:parse_all_blobs:extract: tailwindcss_oxide::scanner: enter
2025-06-09T07:46:43.076678Z  INFO extract_candidates:parse_all_blobs:extract: tailwindcss_oxide::scanner: exit
2025-06-09T07:46:43.076696Z  INFO extract_candidates:parse_all_blobs: tailwindcss_oxide::scanner: exit
2025-06-09T07:46:43.076703Z  INFO extract_candidates:read_all_files: tailwindcss_oxide::scanner: enter
2025-06-09T07:46:43.076713Z  INFO extract_candidates:read_all_files: tailwindcss_oxide::scanner: Reading 1 file(s)
2025-06-09T07:46:43.076732Z  INFO extract_candidates:read_all_files: tailwindcss_oxide::scanner: Reading "/home/eren/Documents/Cline/cherrygifts.chat/cherrygifts-chat/app/globals.css"
2025-06-09T07:46:43.076741Z  INFO extract_candidates:read_all_files: tailwindcss_oxide::scanner: exit
2025-06-09T07:46:43.076748Z  INFO extract_candidates:extract_css_variables: tailwindcss_oxide::scanner: enter
2025-06-09T07:46:43.076754Z  INFO extract_candidates:extract_css_variables:extract: tailwindcss_oxide::scanner: enter
2025-06-09T07:46:43.076864Z  INFO extract_candidates:extract_css_variables:extract: tailwindcss_oxide::scanner: exit
2025-06-09T07:46:43.076881Z  INFO extract_candidates:extract_css_variables: tailwindcss_oxide::scanner: exit
2025-06-09T07:46:43.077474Z  INFO extract_candidates: tailwindcss_oxide::scanner: exit
2025-06-09T07:46:43.078069Z  INFO get_files: tailwindcss_oxide::scanner: enter
2025-06-09T07:46:43.078085Z  INFO get_files:scan_sources: tailwindcss_oxide::scanner: enter
2025-06-09T07:46:43.078387Z  INFO get_files:scan_sources: tailwindcss_oxide::scanner: Discovering "/home/eren/Documents/Cline/cherrygifts.chat/cherrygifts-chat/public"
2025-06-09T07:46:43.078494Z  INFO get_files:scan_sources: tailwindcss_oxide::scanner: Discovering "/home/eren/Documents/Cline/cherrygifts.chat/cherrygifts-chat/public/icons"
2025-06-09T07:46:43.078601Z  INFO get_files:scan_sources: tailwindcss_oxide::scanner: Discovering "/home/eren/Documents/Cline/cherrygifts.chat/cherrygifts-chat/lib"
2025-06-09T07:46:43.078676Z  INFO get_files:scan_sources: tailwindcss_oxide::scanner: Discovering "/home/eren/Documents/Cline/cherrygifts.chat/cherrygifts-chat/scripts"
2025-06-09T07:46:43.078830Z  INFO get_files:scan_sources: tailwindcss_oxide::scanner: Discovering "/home/eren/Documents/Cline/cherrygifts.chat/cherrygifts-chat/utils"
2025-06-09T07:46:43.078870Z  INFO get_files:scan_sources: tailwindcss_oxide::scanner: Discovering "/home/eren/Documents/Cline/cherrygifts.chat/cherrygifts-chat/supabase"
2025-06-09T07:46:43.078900Z  INFO get_files:scan_sources: tailwindcss_oxide::scanner: Discovering "/home/eren/Documents/Cline/cherrygifts.chat/cherrygifts-chat/supabase/migrations"
2025-06-09T07:46:43.078963Z  INFO get_files:scan_sources: tailwindcss_oxide::scanner: Discovering "/home/eren/Documents/Cline/cherrygifts.chat/cherrygifts-chat/uidesign"
2025-06-09T07:46:43.079020Z  INFO get_files:scan_sources: tailwindcss_oxide::scanner: Discovering "/home/eren/Documents/Cline/cherrygifts.chat/cherrygifts-chat/app"
2025-06-09T07:46:43.079057Z  INFO get_files:scan_sources: tailwindcss_oxide::scanner: Discovering "/home/eren/Documents/Cline/cherrygifts.chat/cherrygifts-chat/app/users"
2025-06-09T07:46:43.079096Z  INFO get_files:scan_sources: tailwindcss_oxide::scanner: Discovering "/home/eren/Documents/Cline/cherrygifts.chat/cherrygifts-chat/app/users/chat"
2025-06-09T07:46:43.079148Z  INFO get_files:scan_sources: tailwindcss_oxide::scanner: Discovering "/home/eren/Documents/Cline/cherrygifts.chat/cherrygifts-chat/app/api"
2025-06-09T07:46:43.079180Z  INFO get_files:scan_sources: tailwindcss_oxide::scanner: Discovering "/home/eren/Documents/Cline/cherrygifts.chat/cherrygifts-chat/app/api/messages"
2025-06-09T07:46:43.079212Z  INFO get_files:scan_sources: tailwindcss_oxide::scanner: Discovering "/home/eren/Documents/Cline/cherrygifts.chat/cherrygifts-chat/app/api/auth"
2025-06-09T07:46:43.079254Z  INFO get_files:scan_sources: tailwindcss_oxide::scanner: Discovering "/home/eren/Documents/Cline/cherrygifts.chat/cherrygifts-chat/app/components"
2025-06-09T07:46:43.079285Z  INFO get_files:scan_sources: tailwindcss_oxide::scanner: Discovering "/home/eren/Documents/Cline/cherrygifts.chat/cherrygifts-chat/app/components/ui"
2025-06-09T07:46:43.079346Z  INFO get_files:scan_sources: tailwindcss_oxide::scanner: Discovering "/home/eren/Documents/Cline/cherrygifts.chat/cherrygifts-chat/app/components/instagram"
2025-06-09T07:46:43.079413Z  INFO get_files:scan_sources: tailwindcss_oxide::scanner: Discovering "/home/eren/Documents/Cline/cherrygifts.chat/cherrygifts-chat/app/components/chat"
2025-06-09T07:46:43.079487Z  INFO get_files:scan_sources: tailwindcss_oxide::scanner: Discovering "/home/eren/Documents/Cline/cherrygifts.chat/cherrygifts-chat/app/components/admin"
2025-06-09T07:46:43.079523Z  INFO get_files:scan_sources: tailwindcss_oxide::scanner: Discovering "/home/eren/Documents/Cline/cherrygifts.chat/cherrygifts-chat/app/test"
2025-06-09T07:46:43.079555Z  INFO get_files:scan_sources: tailwindcss_oxide::scanner: Discovering "/home/eren/Documents/Cline/cherrygifts.chat/cherrygifts-chat/app/test/typing"
2025-06-09T07:46:43.079604Z  INFO get_files:scan_sources: tailwindcss_oxide::scanner: Discovering "/home/eren/Documents/Cline/cherrygifts.chat/cherrygifts-chat/app/test/status"
2025-06-09T07:46:43.079645Z  INFO get_files:scan_sources: tailwindcss_oxide::scanner: Discovering "/home/eren/Documents/Cline/cherrygifts.chat/cherrygifts-chat/app/test/instagram"
2025-06-09T07:46:43.079688Z  INFO get_files:scan_sources: tailwindcss_oxide::scanner: Discovering "/home/eren/Documents/Cline/cherrygifts.chat/cherrygifts-chat/app/test/realtime"
2025-06-09T07:46:43.079739Z  INFO get_files:scan_sources: tailwindcss_oxide::scanner: Discovering "/home/eren/Documents/Cline/cherrygifts.chat/cherrygifts-chat/app/admin"
2025-06-09T07:46:43.079770Z  INFO get_files:scan_sources: tailwindcss_oxide::scanner: Discovering "/home/eren/Documents/Cline/cherrygifts.chat/cherrygifts-chat/app/admin/dashboard"
2025-06-09T07:46:43.079834Z  INFO get_files:scan_sources: tailwindcss_oxide::scanner: Discovering "/home/eren/Documents/Cline/cherrygifts.chat/cherrygifts-chat/hooks"
2025-06-09T07:46:43.079957Z  INFO get_files:scan_sources: tailwindcss_oxide::scanner: Discovering "/home/eren/Documents/Cline/cherrygifts.chat/cherrygifts-chat/types"
2025-06-09T07:46:43.080016Z  INFO get_files:scan_sources: tailwindcss_oxide::scanner: exit
2025-06-09T07:46:43.080134Z  INFO get_files: tailwindcss_oxide::scanner: exit
2025-06-09T07:46:43.080344Z  INFO get_globs: tailwindcss_oxide::scanner: enter
2025-06-09T07:46:43.080360Z  INFO get_globs:scan_sources: tailwindcss_oxide::scanner: enter
2025-06-09T07:46:43.080691Z  INFO get_globs:scan_sources: tailwindcss_oxide::scanner: Discovering "/home/eren/Documents/Cline/cherrygifts.chat/cherrygifts-chat/public"
2025-06-09T07:46:43.080805Z  INFO get_globs:scan_sources: tailwindcss_oxide::scanner: Discovering "/home/eren/Documents/Cline/cherrygifts.chat/cherrygifts-chat/public/icons"
2025-06-09T07:46:43.080917Z  INFO get_globs:scan_sources: tailwindcss_oxide::scanner: Discovering "/home/eren/Documents/Cline/cherrygifts.chat/cherrygifts-chat/lib"
2025-06-09T07:46:43.081019Z  INFO get_globs:scan_sources: tailwindcss_oxide::scanner: Discovering "/home/eren/Documents/Cline/cherrygifts.chat/cherrygifts-chat/scripts"
2025-06-09T07:46:43.081166Z  INFO get_globs:scan_sources: tailwindcss_oxide::scanner: Discovering "/home/eren/Documents/Cline/cherrygifts.chat/cherrygifts-chat/utils"
2025-06-09T07:46:43.081203Z  INFO get_globs:scan_sources: tailwindcss_oxide::scanner: Discovering "/home/eren/Documents/Cline/cherrygifts.chat/cherrygifts-chat/supabase"
2025-06-09T07:46:43.081234Z  INFO get_globs:scan_sources: tailwindcss_oxide::scanner: Discovering "/home/eren/Documents/Cline/cherrygifts.chat/cherrygifts-chat/supabase/migrations"
2025-06-09T07:46:43.081296Z  INFO get_globs:scan_sources: tailwindcss_oxide::scanner: Discovering "/home/eren/Documents/Cline/cherrygifts.chat/cherrygifts-chat/uidesign"
2025-06-09T07:46:43.081355Z  INFO get_globs:scan_sources: tailwindcss_oxide::scanner: Discovering "/home/eren/Documents/Cline/cherrygifts.chat/cherrygifts-chat/app"
2025-06-09T07:46:43.081392Z  INFO get_globs:scan_sources: tailwindcss_oxide::scanner: Discovering "/home/eren/Documents/Cline/cherrygifts.chat/cherrygifts-chat/app/users"
2025-06-09T07:46:43.081433Z  INFO get_globs:scan_sources: tailwindcss_oxide::scanner: Discovering "/home/eren/Documents/Cline/cherrygifts.chat/cherrygifts-chat/app/users/chat"
2025-06-09T07:46:43.081515Z  INFO get_globs:scan_sources: tailwindcss_oxide::scanner: Discovering "/home/eren/Documents/Cline/cherrygifts.chat/cherrygifts-chat/app/api"
2025-06-09T07:46:43.081549Z  INFO get_globs:scan_sources: tailwindcss_oxide::scanner: Discovering "/home/eren/Documents/Cline/cherrygifts.chat/cherrygifts-chat/app/api/messages"
2025-06-09T07:46:43.081582Z  INFO get_globs:scan_sources: tailwindcss_oxide::scanner: Discovering "/home/eren/Documents/Cline/cherrygifts.chat/cherrygifts-chat/app/api/auth"
2025-06-09T07:46:43.081625Z  INFO get_globs:scan_sources: tailwindcss_oxide::scanner: Discovering "/home/eren/Documents/Cline/cherrygifts.chat/cherrygifts-chat/app/components"
2025-06-09T07:46:43.081657Z  INFO get_globs:scan_sources: tailwindcss_oxide::scanner: Discovering "/home/eren/Documents/Cline/cherrygifts.chat/cherrygifts-chat/app/components/ui"
2025-06-09T07:46:43.081717Z  INFO get_globs:scan_sources: tailwindcss_oxide::scanner: Discovering "/home/eren/Documents/Cline/cherrygifts.chat/cherrygifts-chat/app/components/instagram"
2025-06-09T07:46:43.081792Z  INFO get_globs:scan_sources: tailwindcss_oxide::scanner: Discovering "/home/eren/Documents/Cline/cherrygifts.chat/cherrygifts-chat/app/components/chat"
2025-06-09T07:46:43.081864Z  INFO get_globs:scan_sources: tailwindcss_oxide::scanner: Discovering "/home/eren/Documents/Cline/cherrygifts.chat/cherrygifts-chat/app/components/admin"
2025-06-09T07:46:43.081899Z  INFO get_globs:scan_sources: tailwindcss_oxide::scanner: Discovering "/home/eren/Documents/Cline/cherrygifts.chat/cherrygifts-chat/app/test"
2025-06-09T07:46:43.081930Z  INFO get_globs:scan_sources: tailwindcss_oxide::scanner: Discovering "/home/eren/Documents/Cline/cherrygifts.chat/cherrygifts-chat/app/test/typing"
2025-06-09T07:46:43.081979Z  INFO get_globs:scan_sources: tailwindcss_oxide::scanner: Discovering "/home/eren/Documents/Cline/cherrygifts.chat/cherrygifts-chat/app/test/status"
2025-06-09T07:46:43.082021Z  INFO get_globs:scan_sources: tailwindcss_oxide::scanner: Discovering "/home/eren/Documents/Cline/cherrygifts.chat/cherrygifts-chat/app/test/instagram"
2025-06-09T07:46:43.082063Z  INFO get_globs:scan_sources: tailwindcss_oxide::scanner: Discovering "/home/eren/Documents/Cline/cherrygifts.chat/cherrygifts-chat/app/test/realtime"
2025-06-09T07:46:43.082114Z  INFO get_globs:scan_sources: tailwindcss_oxide::scanner: Discovering "/home/eren/Documents/Cline/cherrygifts.chat/cherrygifts-chat/app/admin"
2025-06-09T07:46:43.082145Z  INFO get_globs:scan_sources: tailwindcss_oxide::scanner: Discovering "/home/eren/Documents/Cline/cherrygifts.chat/cherrygifts-chat/app/admin/dashboard"
2025-06-09T07:46:43.082201Z  INFO get_globs:scan_sources: tailwindcss_oxide::scanner: Discovering "/home/eren/Documents/Cline/cherrygifts.chat/cherrygifts-chat/hooks"
2025-06-09T07:46:43.082322Z  INFO get_globs:scan_sources: tailwindcss_oxide::scanner: Discovering "/home/eren/Documents/Cline/cherrygifts.chat/cherrygifts-chat/types"
2025-06-09T07:46:43.082374Z  INFO get_globs:scan_sources: tailwindcss_oxide::scanner: exit
2025-06-09T07:46:43.084126Z  INFO get_globs: tailwindcss_oxide::scanner: exit
2025-06-09T07:46:48.044101Z  INFO scan_sources: tailwindcss_oxide::scanner: enter
2025-06-09T07:46:48.044671Z  INFO scan_sources: tailwindcss_oxide::scanner: Discovering "/home/eren/Documents/Cline/cherrygifts.chat/cherrygifts-chat/public"
2025-06-09T07:46:48.044812Z  INFO scan_sources: tailwindcss_oxide::scanner: Discovering "/home/eren/Documents/Cline/cherrygifts.chat/cherrygifts-chat/public/icons"
2025-06-09T07:46:48.044944Z  INFO scan_sources: tailwindcss_oxide::scanner: Discovering "/home/eren/Documents/Cline/cherrygifts.chat/cherrygifts-chat/lib"
2025-06-09T07:46:48.045031Z  INFO scan_sources: tailwindcss_oxide::scanner: Discovering "/home/eren/Documents/Cline/cherrygifts.chat/cherrygifts-chat/scripts"
2025-06-09T07:46:48.045188Z  INFO scan_sources: tailwindcss_oxide::scanner: Discovering "/home/eren/Documents/Cline/cherrygifts.chat/cherrygifts-chat/utils"
2025-06-09T07:46:48.045226Z  INFO scan_sources: tailwindcss_oxide::scanner: Discovering "/home/eren/Documents/Cline/cherrygifts.chat/cherrygifts-chat/supabase"
2025-06-09T07:46:48.045266Z  INFO scan_sources: tailwindcss_oxide::scanner: Discovering "/home/eren/Documents/Cline/cherrygifts.chat/cherrygifts-chat/supabase/migrations"
2025-06-09T07:46:48.045331Z  INFO scan_sources: tailwindcss_oxide::scanner: Discovering "/home/eren/Documents/Cline/cherrygifts.chat/cherrygifts-chat/uidesign"
2025-06-09T07:46:48.045392Z  INFO scan_sources: tailwindcss_oxide::scanner: Discovering "/home/eren/Documents/Cline/cherrygifts.chat/cherrygifts-chat/app"
2025-06-09T07:46:48.045430Z  INFO scan_sources: tailwindcss_oxide::scanner: Discovering "/home/eren/Documents/Cline/cherrygifts.chat/cherrygifts-chat/app/users"
2025-06-09T07:46:48.045471Z  INFO scan_sources: tailwindcss_oxide::scanner: Discovering "/home/eren/Documents/Cline/cherrygifts.chat/cherrygifts-chat/app/users/chat"
2025-06-09T07:46:48.045526Z  INFO scan_sources: tailwindcss_oxide::scanner: Discovering "/home/eren/Documents/Cline/cherrygifts.chat/cherrygifts-chat/app/api"
2025-06-09T07:46:48.045557Z  INFO scan_sources: tailwindcss_oxide::scanner: Discovering "/home/eren/Documents/Cline/cherrygifts.chat/cherrygifts-chat/app/api/messages"
2025-06-09T07:46:48.045591Z  INFO scan_sources: tailwindcss_oxide::scanner: Discovering "/home/eren/Documents/Cline/cherrygifts.chat/cherrygifts-chat/app/api/auth"
2025-06-09T07:46:48.045634Z  INFO scan_sources: tailwindcss_oxide::scanner: Discovering "/home/eren/Documents/Cline/cherrygifts.chat/cherrygifts-chat/app/components"
2025-06-09T07:46:48.045668Z  INFO scan_sources: tailwindcss_oxide::scanner: Discovering "/home/eren/Documents/Cline/cherrygifts.chat/cherrygifts-chat/app/components/ui"
2025-06-09T07:46:48.045732Z  INFO scan_sources: tailwindcss_oxide::scanner: Discovering "/home/eren/Documents/Cline/cherrygifts.chat/cherrygifts-chat/app/components/instagram"
2025-06-09T07:46:48.045809Z  INFO scan_sources: tailwindcss_oxide::scanner: Discovering "/home/eren/Documents/Cline/cherrygifts.chat/cherrygifts-chat/app/components/chat"
2025-06-09T07:46:48.045885Z  INFO scan_sources: tailwindcss_oxide::scanner: Discovering "/home/eren/Documents/Cline/cherrygifts.chat/cherrygifts-chat/app/components/admin"
2025-06-09T07:46:48.045922Z  INFO scan_sources: tailwindcss_oxide::scanner: Discovering "/home/eren/Documents/Cline/cherrygifts.chat/cherrygifts-chat/app/test"
2025-06-09T07:46:48.045955Z  INFO scan_sources: tailwindcss_oxide::scanner: Discovering "/home/eren/Documents/Cline/cherrygifts.chat/cherrygifts-chat/app/test/typing"
2025-06-09T07:46:48.046008Z  INFO scan_sources: tailwindcss_oxide::scanner: Discovering "/home/eren/Documents/Cline/cherrygifts.chat/cherrygifts-chat/app/test/status"
2025-06-09T07:46:48.046051Z  INFO scan_sources: tailwindcss_oxide::scanner: Discovering "/home/eren/Documents/Cline/cherrygifts.chat/cherrygifts-chat/app/test/instagram"
2025-06-09T07:46:48.046096Z  INFO scan_sources: tailwindcss_oxide::scanner: Discovering "/home/eren/Documents/Cline/cherrygifts.chat/cherrygifts-chat/app/test/realtime"
2025-06-09T07:46:48.046150Z  INFO scan_sources: tailwindcss_oxide::scanner: Discovering "/home/eren/Documents/Cline/cherrygifts.chat/cherrygifts-chat/app/admin"
2025-06-09T07:46:48.046182Z  INFO scan_sources: tailwindcss_oxide::scanner: Discovering "/home/eren/Documents/Cline/cherrygifts.chat/cherrygifts-chat/app/admin/dashboard"
2025-06-09T07:46:48.046242Z  INFO scan_sources: tailwindcss_oxide::scanner: Discovering "/home/eren/Documents/Cline/cherrygifts.chat/cherrygifts-chat/hooks"
2025-06-09T07:46:48.046370Z  INFO scan_sources: tailwindcss_oxide::scanner: Discovering "/home/eren/Documents/Cline/cherrygifts.chat/cherrygifts-chat/types"
2025-06-09T07:46:48.046433Z  INFO scan_sources: tailwindcss_oxide::scanner: exit
2025-06-09T07:46:48.046443Z  INFO extract_candidates: tailwindcss_oxide::scanner: enter
2025-06-09T07:46:48.046450Z  INFO extract_candidates:read_all_files: tailwindcss_oxide::scanner: enter
2025-06-09T07:46:48.046457Z  INFO extract_candidates:read_all_files: tailwindcss_oxide::scanner: Reading 0 file(s)
2025-06-09T07:46:48.046468Z  INFO extract_candidates:read_all_files: tailwindcss_oxide::scanner: exit
2025-06-09T07:46:48.046475Z  INFO extract_candidates:parse_all_blobs: tailwindcss_oxide::scanner: enter
2025-06-09T07:46:48.046481Z  INFO extract_candidates:parse_all_blobs:extract: tailwindcss_oxide::scanner: enter
2025-06-09T07:46:48.046487Z  INFO extract_candidates:parse_all_blobs:extract: tailwindcss_oxide::scanner: exit
2025-06-09T07:46:48.046493Z  INFO extract_candidates:parse_all_blobs: tailwindcss_oxide::scanner: exit
2025-06-09T07:46:48.046501Z  INFO extract_candidates: tailwindcss_oxide::scanner: exit
2025-06-09T07:46:48.047169Z  INFO get_files: tailwindcss_oxide::scanner: enter
2025-06-09T07:46:48.047182Z  INFO get_files:scan_sources: tailwindcss_oxide::scanner: enter
2025-06-09T07:46:48.047484Z  INFO get_files:scan_sources: tailwindcss_oxide::scanner: Discovering "/home/eren/Documents/Cline/cherrygifts.chat/cherrygifts-chat/public"
2025-06-09T07:46:48.047590Z  INFO get_files:scan_sources: tailwindcss_oxide::scanner: Discovering "/home/eren/Documents/Cline/cherrygifts.chat/cherrygifts-chat/public/icons"
2025-06-09T07:46:48.047698Z  INFO get_files:scan_sources: tailwindcss_oxide::scanner: Discovering "/home/eren/Documents/Cline/cherrygifts.chat/cherrygifts-chat/lib"
2025-06-09T07:46:48.047774Z  INFO get_files:scan_sources: tailwindcss_oxide::scanner: Discovering "/home/eren/Documents/Cline/cherrygifts.chat/cherrygifts-chat/scripts"
2025-06-09T07:46:48.047934Z  INFO get_files:scan_sources: tailwindcss_oxide::scanner: Discovering "/home/eren/Documents/Cline/cherrygifts.chat/cherrygifts-chat/utils"
2025-06-09T07:46:48.047974Z  INFO get_files:scan_sources: tailwindcss_oxide::scanner: Discovering "/home/eren/Documents/Cline/cherrygifts.chat/cherrygifts-chat/supabase"
2025-06-09T07:46:48.048006Z  INFO get_files:scan_sources: tailwindcss_oxide::scanner: Discovering "/home/eren/Documents/Cline/cherrygifts.chat/cherrygifts-chat/supabase/migrations"
2025-06-09T07:46:48.048070Z  INFO get_files:scan_sources: tailwindcss_oxide::scanner: Discovering "/home/eren/Documents/Cline/cherrygifts.chat/cherrygifts-chat/uidesign"
2025-06-09T07:46:48.048133Z  INFO get_files:scan_sources: tailwindcss_oxide::scanner: Discovering "/home/eren/Documents/Cline/cherrygifts.chat/cherrygifts-chat/app"
2025-06-09T07:46:48.048171Z  INFO get_files:scan_sources: tailwindcss_oxide::scanner: Discovering "/home/eren/Documents/Cline/cherrygifts.chat/cherrygifts-chat/app/users"
2025-06-09T07:46:48.048212Z  INFO get_files:scan_sources: tailwindcss_oxide::scanner: Discovering "/home/eren/Documents/Cline/cherrygifts.chat/cherrygifts-chat/app/users/chat"
2025-06-09T07:46:48.048265Z  INFO get_files:scan_sources: tailwindcss_oxide::scanner: Discovering "/home/eren/Documents/Cline/cherrygifts.chat/cherrygifts-chat/app/api"
2025-06-09T07:46:48.048297Z  INFO get_files:scan_sources: tailwindcss_oxide::scanner: Discovering "/home/eren/Documents/Cline/cherrygifts.chat/cherrygifts-chat/app/api/messages"
2025-06-09T07:46:48.048332Z  INFO get_files:scan_sources: tailwindcss_oxide::scanner: Discovering "/home/eren/Documents/Cline/cherrygifts.chat/cherrygifts-chat/app/api/auth"
2025-06-09T07:46:48.048375Z  INFO get_files:scan_sources: tailwindcss_oxide::scanner: Discovering "/home/eren/Documents/Cline/cherrygifts.chat/cherrygifts-chat/app/components"
2025-06-09T07:46:48.048408Z  INFO get_files:scan_sources: tailwindcss_oxide::scanner: Discovering "/home/eren/Documents/Cline/cherrygifts.chat/cherrygifts-chat/app/components/ui"
2025-06-09T07:46:48.048471Z  INFO get_files:scan_sources: tailwindcss_oxide::scanner: Discovering "/home/eren/Documents/Cline/cherrygifts.chat/cherrygifts-chat/app/components/instagram"
2025-06-09T07:46:48.048541Z  INFO get_files:scan_sources: tailwindcss_oxide::scanner: Discovering "/home/eren/Documents/Cline/cherrygifts.chat/cherrygifts-chat/app/components/chat"
2025-06-09T07:46:48.048610Z  INFO get_files:scan_sources: tailwindcss_oxide::scanner: Discovering "/home/eren/Documents/Cline/cherrygifts.chat/cherrygifts-chat/app/components/admin"
2025-06-09T07:46:48.048652Z  INFO get_files:scan_sources: tailwindcss_oxide::scanner: Discovering "/home/eren/Documents/Cline/cherrygifts.chat/cherrygifts-chat/app/test"
2025-06-09T07:46:48.048685Z  INFO get_files:scan_sources: tailwindcss_oxide::scanner: Discovering "/home/eren/Documents/Cline/cherrygifts.chat/cherrygifts-chat/app/test/typing"
2025-06-09T07:46:48.048735Z  INFO get_files:scan_sources: tailwindcss_oxide::scanner: Discovering "/home/eren/Documents/Cline/cherrygifts.chat/cherrygifts-chat/app/test/status"
2025-06-09T07:46:48.048777Z  INFO get_files:scan_sources: tailwindcss_oxide::scanner: Discovering "/home/eren/Documents/Cline/cherrygifts.chat/cherrygifts-chat/app/test/instagram"
2025-06-09T07:46:48.048826Z  INFO get_files:scan_sources: tailwindcss_oxide::scanner: Discovering "/home/eren/Documents/Cline/cherrygifts.chat/cherrygifts-chat/app/test/realtime"
2025-06-09T07:46:48.048881Z  INFO get_files:scan_sources: tailwindcss_oxide::scanner: Discovering "/home/eren/Documents/Cline/cherrygifts.chat/cherrygifts-chat/app/admin"
2025-06-09T07:46:48.048914Z  INFO get_files:scan_sources: tailwindcss_oxide::scanner: Discovering "/home/eren/Documents/Cline/cherrygifts.chat/cherrygifts-chat/app/admin/dashboard"
2025-06-09T07:46:48.048971Z  INFO get_files:scan_sources: tailwindcss_oxide::scanner: Discovering "/home/eren/Documents/Cline/cherrygifts.chat/cherrygifts-chat/hooks"
2025-06-09T07:46:48.049094Z  INFO get_files:scan_sources: tailwindcss_oxide::scanner: Discovering "/home/eren/Documents/Cline/cherrygifts.chat/cherrygifts-chat/types"
2025-06-09T07:46:48.049151Z  INFO get_files:scan_sources: tailwindcss_oxide::scanner: exit
2025-06-09T07:46:48.049273Z  INFO get_files: tailwindcss_oxide::scanner: exit
2025-06-09T07:46:48.049552Z  INFO get_globs: tailwindcss_oxide::scanner: enter
2025-06-09T07:46:48.049570Z  INFO get_globs: tailwindcss_oxide::scanner: exit
